<?xml version="1.0" encoding="UTF-8"?>
<coverage generated="1776036846319" clover="3.2.0">
  <project timestamp="1776036846319" name="All files">
    <metrics statements="3473" coveredstatements="943" conditionals="2947" coveredconditionals="443" methods="392" coveredmethods="82" elements="6812" coveredelements="1468" complexity="0" loc="3473" ncloc="3473" packages="1" files="8" classes="8"/>
    <file name="ast.ts" path="/data/data/com.termux/files/home/freelang-v9/src/ast.ts">
      <metrics statements="99" coveredstatements="79" conditionals="34" coveredconditionals="20" methods="49" coveredmethods="29"/>
      <line num="380" count="9" type="stmt"/>
      <line num="381" count="24099" type="stmt"/>
      <line num="384" count="9" type="stmt"/>
      <line num="385" count="76120" type="stmt"/>
      <line num="388" count="9" type="stmt"/>
      <line num="389" count="44890" type="stmt"/>
      <line num="392" count="9" type="stmt"/>
      <line num="393" count="1" type="stmt"/>
      <line num="396" count="9" type="stmt"/>
      <line num="397" count="35080" type="stmt"/>
      <line num="401" count="9" type="stmt"/>
      <line num="407" count="1" type="stmt"/>
      <line num="411" count="9" type="stmt"/>
      <line num="416" count="0" type="stmt"/>
      <line num="420" count="9" type="stmt"/>
      <line num="421" count="0" type="stmt"/>
      <line num="425" count="9" type="stmt"/>
      <line num="431" count="1" type="stmt"/>
      <line num="436" count="9" type="stmt"/>
      <line num="440" count="4" type="stmt"/>
      <line num="443" count="9" type="stmt"/>
      <line num="444" count="1" type="stmt"/>
      <line num="447" count="9" type="stmt"/>
      <line num="448" count="2" type="stmt"/>
      <line num="451" count="9" type="stmt"/>
      <line num="452" count="1" type="stmt"/>
      <line num="455" count="9" type="stmt"/>
      <line num="456" count="0" type="stmt"/>
      <line num="459" count="9" type="stmt"/>
      <line num="460" count="0" type="stmt"/>
      <line num="463" count="9" type="stmt"/>
      <line num="464" count="1" type="stmt"/>
      <line num="467" count="9" type="stmt"/>
      <line num="468" count="1" type="stmt"/>
      <line num="471" count="9" type="stmt"/>
      <line num="472" count="1" type="stmt"/>
      <line num="476" count="9" type="stmt"/>
      <line num="481" count="1" type="stmt"/>
      <line num="485" count="9" type="stmt"/>
      <line num="490" count="0" type="stmt"/>
      <line num="494" count="9" type="stmt"/>
      <line num="500" count="1" type="stmt"/>
      <line num="504" count="9" type="stmt"/>
      <line num="510" count="1" type="stmt"/>
      <line num="514" count="9" type="stmt"/>
      <line num="515" count="1" type="stmt"/>
      <line num="519" count="9" type="stmt"/>
      <line num="524" count="0" type="stmt"/>
      <line num="528" count="9" type="stmt"/>
      <line num="529" count="0" type="stmt"/>
      <line num="533" count="9" type="stmt"/>
      <line num="538" count="0" type="stmt"/>
      <line num="542" count="9" type="stmt"/>
      <line num="547" count="0" type="stmt"/>
      <line num="551" count="9" type="stmt"/>
      <line num="552" count="0" type="stmt"/>
      <line num="556" count="9" type="stmt"/>
      <line num="567" count="0" type="stmt"/>
      <line num="582" count="9" type="stmt"/>
      <line num="588" count="0" type="stmt"/>
      <line num="592" count="9" type="stmt"/>
      <line num="601" count="0" type="stmt"/>
      <line num="609" count="9" type="stmt"/>
      <line num="610" count="11994" type="cond" truecount="2" falsecount="0"/>
      <line num="614" count="9" type="stmt"/>
      <line num="615" count="0" type="cond" truecount="0" falsecount="2"/>
      <line num="619" count="9" type="stmt"/>
      <line num="620" count="0" type="cond" truecount="0" falsecount="2"/>
      <line num="624" count="9" type="stmt"/>
      <line num="625" count="0" type="cond" truecount="0" falsecount="2"/>
      <line num="629" count="9" type="stmt"/>
      <line num="630" count="0" type="cond" truecount="0" falsecount="2"/>
      <line num="634" count="9" type="stmt"/>
      <line num="635" count="0" type="cond" truecount="0" falsecount="2"/>
      <line num="639" count="9" type="stmt"/>
      <line num="640" count="0" type="cond" truecount="0" falsecount="2"/>
      <line num="644" count="9" type="stmt"/>
      <line num="645" count="11963" type="cond" truecount="2" falsecount="0"/>
      <line num="649" count="9" type="stmt"/>
      <line num="650" count="11963" type="cond" truecount="2" falsecount="0"/>
      <line num="654" count="9" type="stmt"/>
      <line num="655" count="11964" type="cond" truecount="2" falsecount="0"/>
      <line num="659" count="9" type="stmt"/>
      <line num="660" count="11964" type="cond" truecount="2" falsecount="0"/>
      <line num="664" count="9" type="stmt"/>
      <line num="665" count="11964" type="cond" truecount="2" falsecount="0"/>
      <line num="669" count="9" type="stmt"/>
      <line num="670" count="11964" type="cond" truecount="2" falsecount="0"/>
      <line num="674" count="9" type="stmt"/>
      <line num="675" count="11964" type="cond" truecount="2" falsecount="0"/>
      <line num="679" count="9" type="stmt"/>
      <line num="680" count="2" type="cond" truecount="2" falsecount="0"/>
      <line num="684" count="9" type="stmt"/>
      <line num="685" count="0" type="cond" truecount="0" falsecount="2"/>
      <line num="689" count="9" type="stmt"/>
      <line num="690" count="2" type="cond" truecount="2" falsecount="0"/>
      <line num="694" count="9" type="stmt"/>
      <line num="700" count="9" type="stmt"/>
      <line num="701" count="14" type="stmt"/>
    </file>
    <file name="error-formatter.ts" path="/data/data/com.termux/files/home/freelang-v9/src/error-formatter.ts">
      <metrics statements="51" coveredstatements="51" conditionals="24" coveredconditionals="21" methods="5" coveredmethods="5"/>
      <line num="16" count="8" type="stmt"/>
      <line num="17" count="918" type="stmt"/>
      <line num="18" count="918" type="stmt"/>
      <line num="19" count="918" type="stmt"/>
      <line num="20" count="233328" type="cond" truecount="4" falsecount="0"/>
      <line num="22" count="918" type="stmt"/>
      <line num="23" count="18657" type="stmt"/>
      <line num="24" count="203764" type="cond" truecount="2" falsecount="0"/>
      <line num="25" count="9970" type="stmt"/>
      <line num="27" count="193794" type="stmt"/>
      <line num="31" count="918" type="stmt"/>
      <line num="42" count="8" type="stmt"/>
      <line num="43" count="5" type="stmt"/>
      <line num="44" count="5" type="stmt"/>
      <line num="47" count="5" type="cond" truecount="1" falsecount="1"/>
      <line num="49" count="5" type="stmt"/>
      <line num="50" count="918" type="stmt"/>
      <line num="51" count="918" type="cond" truecount="3" falsecount="0"/>
      <line num="52" count="3" type="stmt"/>
      <line num="53" count="3" type="stmt"/>
      <line num="57" count="5" type="stmt"/>
      <line num="63" count="8" type="stmt"/>
      <line num="64" count="3" type="stmt"/>
      <line num="67" count="3" type="stmt"/>
      <line num="68" count="3" type="cond" truecount="1" falsecount="0"/>
      <line num="69" count="2" type="stmt"/>
      <line num="70" count="2" type="cond" truecount="1" falsecount="0"/>
      <line num="71" count="2" type="stmt"/>
      <line num="72" count="2" type="cond" truecount="1" falsecount="0"/>
      <line num="73" count="2" type="stmt"/>
      <line num="77" count="3" type="stmt"/>
      <line num="80" count="3" type="cond" truecount="3" falsecount="0"/>
      <line num="81" count="1" type="stmt"/>
      <line num="82" count="1" type="stmt"/>
      <line num="83" count="1" type="stmt"/>
      <line num="84" count="1" type="stmt"/>
      <line num="86" count="1" type="stmt"/>
      <line num="87" count="3" type="stmt"/>
      <line num="88" count="3" type="cond" truecount="1" falsecount="1"/>
      <line num="89" count="3" type="stmt"/>
      <line num="92" count="3" type="cond" truecount="1" falsecount="0"/>
      <line num="93" count="1" type="cond" truecount="1" falsecount="1"/>
      <line num="94" count="1" type="stmt"/>
      <line num="95" count="1" type="stmt"/>
      <line num="97" count="1" type="stmt"/>
      <line num="98" count="1" type="cond" truecount="1" falsecount="0"/>
      <line num="99" count="1" type="stmt"/>
      <line num="105" count="3" type="stmt"/>
      <line num="108" count="3" type="cond" truecount="1" falsecount="0"/>
      <line num="109" count="2" type="stmt"/>
      <line num="112" count="3" type="stmt"/>
    </file>
    <file name="errors.ts" path="/data/data/com.termux/files/home/freelang-v9/src/errors.ts">
      <metrics statements="36" coveredstatements="36" conditionals="4" coveredconditionals="3" methods="6" coveredmethods="6"/>
      <line num="9" count="8" type="stmt"/>
      <line num="12" count="4" type="stmt"/>
      <line num="13" count="4" type="stmt"/>
      <line num="14" count="4" type="stmt"/>
      <line num="15" count="4" type="stmt"/>
      <line num="16" count="4" type="stmt"/>
      <line num="18" count="4" type="stmt"/>
      <line num="19" count="4" type="stmt"/>
      <line num="20" count="4" type="stmt"/>
      <line num="27" count="8" type="stmt"/>
      <line num="36" count="1" type="cond" truecount="1" falsecount="1"/>
      <line num="37" count="1" type="stmt"/>
      <line num="38" count="1" type="stmt"/>
      <line num="39" count="1" type="stmt"/>
      <line num="46" count="8" type="stmt"/>
      <line num="55" count="1" type="stmt"/>
      <line num="63" count="1" type="stmt"/>
      <line num="64" count="1" type="stmt"/>
      <line num="71" count="8" type="stmt"/>
      <line num="73" count="1" type="stmt"/>
      <line num="74" count="1" type="stmt"/>
      <line num="75" count="1" type="stmt"/>
      <line num="82" count="8" type="stmt"/>
      <line num="92" count="1" type="stmt"/>
      <line num="100" count="1" type="stmt"/>
      <line num="101" count="1" type="stmt"/>
      <line num="108" count="8" type="stmt"/>
      <line num="110" count="3" type="stmt"/>
      <line num="111" count="3" type="stmt"/>
      <line num="112" count="3" type="stmt"/>
      <line num="113" count="3" type="stmt"/>
      <line num="114" count="3" type="stmt"/>
      <line num="116" count="3" type="cond" truecount="2" falsecount="0"/>
      <line num="117" count="3" type="stmt"/>
      <line num="118" count="3" type="stmt"/>
      <line num="119" count="3" type="stmt"/>
    </file>
    <file name="eval-builtins.ts" path="/data/data/com.termux/files/home/freelang-v9/src/eval-builtins.ts">
      <metrics statements="2555" coveredstatements="412" conditionals="2367" coveredconditionals="258" methods="295" coveredmethods="15"/>
      <line num="18" count="8" type="stmt"/>
      <line num="19" count="8" type="stmt"/>
      <line num="24" count="8" type="stmt"/>
      <line num="25" count="8" type="stmt"/>
      <line num="30" count="8" type="stmt"/>
      <line num="31" count="8" type="stmt"/>
      <line num="32" count="8" type="stmt"/>
      <line num="33" count="8" type="stmt"/>
      <line num="34" count="8" type="stmt"/>
      <line num="35" count="8" type="stmt"/>
      <line num="36" count="8" type="stmt"/>
      <line num="37" count="8" type="stmt"/>
      <line num="38" count="8" type="stmt"/>
      <line num="39" count="8" type="stmt"/>
      <line num="40" count="8" type="stmt"/>
      <line num="41" count="8" type="stmt"/>
      <line num="42" count="8" type="stmt"/>
      <line num="43" count="8" type="stmt"/>
      <line num="44" count="8" type="stmt"/>
      <line num="45" count="8" type="stmt"/>
      <line num="46" count="8" type="stmt"/>
      <line num="47" count="8" type="stmt"/>
      <line num="48" count="8" type="stmt"/>
      <line num="49" count="8" type="stmt"/>
      <line num="50" count="8" type="stmt"/>
      <line num="51" count="8" type="stmt"/>
      <line num="52" count="8" type="stmt"/>
      <line num="53" count="8" type="stmt"/>
      <line num="54" count="8" type="stmt"/>
      <line num="55" count="8" type="stmt"/>
      <line num="56" count="8" type="stmt"/>
      <line num="57" count="8" type="stmt"/>
      <line num="58" count="8" type="stmt"/>
      <line num="59" count="8" type="stmt"/>
      <line num="60" count="8" type="stmt"/>
      <line num="61" count="8" type="stmt"/>
      <line num="62" count="8" type="stmt"/>
      <line num="63" count="8" type="stmt"/>
      <line num="64" count="8" type="stmt"/>
      <line num="65" count="8" type="stmt"/>
      <line num="66" count="8" type="stmt"/>
      <line num="67" count="8" type="stmt"/>
      <line num="68" count="8" type="stmt"/>
      <line num="69" count="8" type="stmt"/>
      <line num="70" count="8" type="stmt"/>
      <line num="71" count="8" type="stmt"/>
      <line num="72" count="8" type="stmt"/>
      <line num="73" count="8" type="stmt"/>
      <line num="74" count="8" type="stmt"/>
      <line num="75" count="8" type="stmt"/>
      <line num="76" count="8" type="stmt"/>
      <line num="77" count="8" type="stmt"/>
      <line num="78" count="8" type="stmt"/>
      <line num="79" count="8" type="stmt"/>
      <line num="80" count="8" type="stmt"/>
      <line num="83" count="8" type="stmt"/>
      <line num="85" count="2330" type="stmt"/>
      <line num="86" count="2330" type="stmt"/>
      <line num="87" count="2330" type="stmt"/>
      <line num="88" count="2330" type="stmt"/>
      <line num="89" count="2330" type="stmt"/>
      <line num="91" count="2330" type="cond" truecount="119" falsecount="104"/>
      <line num="94" count="986" type="stmt"/>
      <line num="96" count="269" type="cond" truecount="2" falsecount="0"/>
      <line num="98" count="153" type="stmt"/>
      <line num="100" count="3" type="cond" truecount="1" falsecount="1"/>
      <line num="102" count="14" type="stmt"/>
      <line num="106" count="25" type="stmt"/>
      <line num="108" count="233" type="stmt"/>
      <line num="110" count="138" type="stmt"/>
      <line num="112" count="59" type="stmt"/>
      <line num="114" count="22" type="stmt"/>
      <line num="116" count="2" type="stmt"/>
      <line num="120" count="0" type="stmt"/>
      <line num="122" count="0" type="stmt"/>
      <line num="124" count="3" type="stmt"/>
      <line num="128" count="1" type="stmt"/>
      <line num="129" count="1" type="stmt"/>
      <line num="132" count="2" type="stmt"/>
      <line num="133" count="2" type="stmt"/>
      <line num="135" count="1" type="stmt"/>
      <line num="136" count="1" type="stmt"/>
      <line num="138" count="10" type="stmt"/>
      <line num="140" count="1" type="stmt"/>
      <line num="142" count="1" type="stmt"/>
      <line num="143" count="1" type="stmt"/>
      <line num="144" count="1" type="stmt"/>
      <line num="149" count="5" type="cond" truecount="1" falsecount="0"/>
      <line num="151" count="1" type="cond" truecount="0" falsecount="3"/>
      <line num="152" count="1" type="stmt"/>
      <line num="154" count="2" type="stmt"/>
      <line num="156" count="1" type="stmt"/>
      <line num="158" count="11" type="cond" truecount="2" falsecount="0"/>
      <line num="162" count="57" type="stmt"/>
      <line num="164" count="8" type="cond" truecount="3" falsecount="3"/>
      <line num="166" count="6" type="stmt"/>
      <line num="168" count="1" type="cond" truecount="4" falsecount="0"/>
      <line num="169" count="1" type="stmt"/>
      <line num="171" count="0" type="cond" truecount="0" falsecount="2"/>
      <line num="173" count="2" type="cond" truecount="1" falsecount="0"/>
      <line num="174" count="1" type="cond" truecount="2" falsecount="0"/>
      <line num="176" count="0" type="stmt"/>
      <line num="177" count="0" type="cond" truecount="0" falsecount="2"/>
      <line num="178" count="0" type="cond" truecount="0" falsecount="2"/>
      <line num="179" count="0" type="stmt"/>
      <line num="180" count="0" type="cond" truecount="0" falsecount="4"/>
      <line num="181" count="0" type="stmt"/>
      <line num="183" count="0" type="stmt"/>
      <line num="188" count="0" type="cond" truecount="0" falsecount="1"/>
      <line num="189" count="0" type="stmt"/>
      <line num="190" count="0" type="stmt"/>
      <line num="191" count="0" type="stmt"/>
      <line num="192" count="0" type="stmt"/>
      <line num="193" count="0" type="stmt"/>
      <line num="194" count="0" type="cond" truecount="0" falsecount="2"/>
      <line num="195" count="0" type="stmt"/>
      <line num="196" count="0" type="cond" truecount="0" falsecount="2"/>
      <line num="197" count="0" type="stmt"/>
      <line num="199" count="0" type="stmt"/>
      <line num="202" count="0" type="stmt"/>
      <line num="209" count="0" type="cond" truecount="0" falsecount="1"/>
      <line num="210" count="0" type="stmt"/>
      <line num="211" count="0" type="cond" truecount="0" falsecount="2"/>
      <line num="212" count="0" type="stmt"/>
      <line num="213" count="0" type="stmt"/>
      <line num="214" count="0" type="stmt"/>
      <line num="215" count="0" type="stmt"/>
      <line num="217" count="0" type="cond" truecount="0" falsecount="2"/>
      <line num="219" count="0" type="stmt"/>
      <line num="221" count="0" type="stmt"/>
      <line num="225" count="0" type="stmt"/>
      <line num="231" count="0" type="stmt"/>
      <line num="232" count="0" type="stmt"/>
      <line num="233" count="0" type="cond" truecount="0" falsecount="7"/>
      <line num="234" count="0" type="stmt"/>
      <line num="235" count="0" type="cond" truecount="0" falsecount="5"/>
      <line num="236" count="0" type="stmt"/>
      <line num="238" count="0" type="cond" truecount="0" falsecount="6"/>
      <line num="239" count="0" type="stmt"/>
      <line num="240" count="0" type="cond" truecount="0" falsecount="2"/>
      <line num="241" count="0" type="cond" truecount="0" falsecount="2"/>
      <line num="243" count="0" type="stmt"/>
      <line num="245" count="0" type="stmt"/>
      <line num="256" count="10" type="cond" truecount="1" falsecount="1"/>
      <line num="258" count="10" type="stmt"/>
      <line num="261" count="0" type="cond" truecount="0" falsecount="2"/>
      <line num="263" count="10" type="cond" truecount="0" falsecount="1"/>
      <line num="264" count="10" type="stmt"/>
      <line num="265" count="59" type="stmt"/>
      <line num="267" count="10" type="stmt"/>
      <line num="272" count="2" type="cond" truecount="4" falsecount="0"/>
      <line num="273" count="1" type="cond" truecount="1" falsecount="0"/>
      <line num="274" count="1" type="stmt"/>
      <line num="275" count="1" type="stmt"/>
      <line num="276" count="2" type="stmt"/>
      <line num="277" count="2" type="stmt"/>
      <line num="278" count="2" type="cond" truecount="2" falsecount="1"/>
      <line num="279" count="2" type="cond" truecount="1" falsecount="0"/>
      <line num="281" count="1" type="stmt"/>
      <line num="283" count="0" type="stmt"/>
      <line num="285" count="1" type="stmt"/>
      <line num="289" count="1" type="stmt"/>
      <line num="291" count="1" type="stmt"/>
      <line num="295" count="2" type="cond" truecount="5" falsecount="1"/>
      <line num="297" count="2" type="cond" truecount="3" falsecount="0"/>
      <line num="298" count="1" type="stmt"/>
      <line num="300" count="1" type="cond" truecount="1" falsecount="1"/>
      <line num="304" count="2" type="stmt"/>
      <line num="306" count="2" type="stmt"/>
      <line num="308" count="2" type="stmt"/>
      <line num="311" count="2" type="stmt"/>
      <line num="313" count="4" type="cond" truecount="2" falsecount="0"/>
      <line num="315" count="2" type="stmt"/>
      <line num="317" count="2" type="cond" truecount="2" falsecount="0"/>
      <line num="319" count="2" type="cond" truecount="2" falsecount="0"/>
      <line num="321" count="17" type="cond" truecount="2" falsecount="0"/>
      <line num="323" count="2" type="cond" truecount="2" falsecount="0"/>
      <line num="325" count="2" type="stmt"/>
      <line num="327" count="2" type="stmt"/>
      <line num="329" count="2" type="stmt"/>
      <line num="331" count="2" type="stmt"/>
      <line num="333" count="3" type="cond" truecount="3" falsecount="0"/>
      <line num="335" count="2" type="cond" truecount="4" falsecount="1"/>
      <line num="338" count="3" type="stmt"/>
      <line num="343" count="2" type="stmt"/>
      <line num="345" count="1" type="cond" truecount="4" falsecount="0"/>
      <line num="346" count="1" type="cond" truecount="3" falsecount="1"/>
      <line num="347" count="1" type="stmt"/>
      <line num="349" count="0" type="stmt"/>
      <line num="351" count="2" type="cond" truecount="1" falsecount="0"/>
      <line num="352" count="0" type="cond" truecount="0" falsecount="1"/>
      <line num="353" count="0" type="stmt"/>
      <line num="355" count="3" type="cond" truecount="4" falsecount="0"/>
      <line num="358" count="3" type="cond" truecount="3" falsecount="1"/>
      <line num="362" count="2" type="cond" truecount="2" falsecount="0"/>
      <line num="364" count="2" type="cond" truecount="1" falsecount="1"/>
      <line num="366" count="2" type="cond" truecount="1" falsecount="1"/>
      <line num="368" count="5" type="cond" truecount="3" falsecount="0"/>
      <line num="369" count="3" type="cond" truecount="1" falsecount="0"/>
      <line num="370" count="1" type="stmt"/>
      <line num="372" count="3" type="cond" truecount="4" falsecount="0"/>
      <line num="374" count="3" type="cond" truecount="4" falsecount="0"/>
      <line num="376" count="3" type="cond" truecount="3" falsecount="1"/>
      <line num="378" count="2" type="cond" truecount="4" falsecount="1"/>
      <line num="382" count="1" type="cond" truecount="3" falsecount="1"/>
      <line num="386" count="1" type="cond" truecount="0" falsecount="1"/>
      <line num="387" count="1" type="stmt"/>
      <line num="388" count="1" type="cond" truecount="0" falsecount="1"/>
      <line num="389" count="1" type="cond" truecount="1" falsecount="2"/>
      <line num="390" count="0" type="stmt"/>
      <line num="392" count="1" type="stmt"/>
      <line num="395" count="4" type="cond" truecount="1" falsecount="0"/>
      <line num="396" count="3" type="stmt"/>
      <line num="397" count="3" type="cond" truecount="0" falsecount="3"/>
      <line num="398" count="3" type="cond" truecount="2" falsecount="1"/>
      <line num="399" count="0" type="cond" truecount="0" falsecount="2"/>
      <line num="401" count="3" type="stmt"/>
      <line num="403" count="1" type="stmt"/>
      <line num="405" count="3" type="cond" truecount="3" falsecount="1"/>
      <line num="407" count="7" type="cond" truecount="4" falsecount="1"/>
      <line num="408" count="4" type="cond" truecount="0" falsecount="5"/>
      <line num="409" count="4" type="cond" truecount="4" falsecount="1"/>
      <line num="410" count="1" type="stmt"/>
      <line num="412" count="12" type="cond" truecount="4" falsecount="0"/>
      <line num="413" count="11" type="stmt"/>
      <line num="415" count="1" type="stmt"/>
      <line num="417" count="2" type="cond" truecount="4" falsecount="0"/>
      <line num="418" count="1" type="stmt"/>
      <line num="419" count="1" type="stmt"/>
      <line num="421" count="1" type="cond" truecount="2" falsecount="0"/>
      <line num="424" count="2" type="cond" truecount="0" falsecount="1"/>
      <line num="425" count="14" type="cond" truecount="2" falsecount="0"/>
      <line num="426" count="2" type="stmt"/>
      <line num="429" count="1" type="cond" truecount="1" falsecount="1"/>
      <line num="431" count="4" type="cond" truecount="0" falsecount="1"/>
      <line num="432" count="4" type="stmt"/>
      <line num="433" count="22" type="cond" truecount="3" falsecount="0"/>
      <line num="434" count="3" type="stmt"/>
      <line num="437" count="9" type="cond" truecount="0" falsecount="1"/>
      <line num="438" count="9" type="stmt"/>
      <line num="440" count="2" type="cond" truecount="4" falsecount="0"/>
      <line num="442" count="2" type="cond" truecount="4" falsecount="0"/>
      <line num="444" count="1" type="cond" truecount="0" falsecount="1"/>
      <line num="445" count="1" type="stmt"/>
      <line num="449" count="2" type="stmt"/>
      <line num="451" count="1" type="stmt"/>
      <line num="453" count="5" type="stmt"/>
      <line num="457" count="3" type="stmt"/>
      <line num="459" count="1" type="stmt"/>
      <line num="461" count="1" type="stmt"/>
      <line num="463" count="2" type="stmt"/>
      <line num="465" count="1" type="stmt"/>
      <line num="467" count="2" type="stmt"/>
      <line num="469" count="2" type="stmt"/>
      <line num="471" count="2" type="stmt"/>
      <line num="473" count="1" type="stmt"/>
      <line num="475" count="1" type="stmt"/>
      <line num="477" count="1" type="stmt"/>
      <line num="479" count="1" type="stmt"/>
      <line num="481" count="1" type="stmt"/>
      <line num="483" count="1" type="stmt"/>
      <line num="485" count="3" type="stmt"/>
      <line num="489" count="6" type="stmt"/>
      <line num="493" count="5" type="cond" truecount="0" falsecount="1"/>
      <line num="494" count="0" type="cond" truecount="0" falsecount="2"/>
      <line num="495" count="0" type="cond" truecount="0" falsecount="2"/>
      <line num="496" count="0" type="stmt"/>
      <line num="497" count="0" type="cond" truecount="0" falsecount="2"/>
      <line num="500" count="5" type="cond" truecount="1" falsecount="1"/>
      <line num="503" count="5" type="stmt"/>
      <line num="505" count="5" type="stmt"/>
      <line num="507" count="1" type="stmt"/>
      <line num="509" count="1" type="stmt"/>
      <line num="511" count="1" type="stmt"/>
      <line num="513" count="1" type="cond" truecount="1" falsecount="1"/>
      <line num="514" count="1" type="stmt"/>
      <line num="517" count="1" type="stmt"/>
      <line num="519" count="1" type="stmt"/>
      <line num="522" count="1" type="stmt"/>
      <line num="525" count="0" type="cond" truecount="0" falsecount="1"/>
      <line num="526" count="0" type="stmt"/>
      <line num="527" count="0" type="stmt"/>
      <line num="528" count="0" type="cond" truecount="0" falsecount="1"/>
      <line num="529" count="0" type="cond" truecount="0" falsecount="2"/>
      <line num="531" count="0" type="cond" truecount="0" falsecount="1"/>
      <line num="532" count="0" type="cond" truecount="0" falsecount="2"/>
      <line num="534" count="0" type="cond" truecount="0" falsecount="1"/>
      <line num="535" count="0" type="stmt"/>
      <line num="536" count="0" type="stmt"/>
      <line num="537" count="0" type="stmt"/>
      <line num="538" count="0" type="cond" truecount="0" falsecount="2"/>
      <line num="539" count="0" type="stmt"/>
      <line num="541" count="0" type="stmt"/>
      <line num="543" count="0" type="cond" truecount="0" falsecount="1"/>
      <line num="544" count="0" type="cond" truecount="0" falsecount="2"/>
      <line num="546" count="0" type="cond" truecount="0" falsecount="1"/>
      <line num="547" count="0" type="cond" truecount="0" falsecount="1"/>
      <line num="548" count="0" type="stmt"/>
      <line num="549" count="0" type="cond" truecount="0" falsecount="3"/>
      <line num="550" count="0" type="stmt"/>
      <line num="552" count="0" type="stmt"/>
      <line num="554" count="0" type="cond" truecount="0" falsecount="1"/>
      <line num="555" count="0" type="stmt"/>
      <line num="556" count="0" type="cond" truecount="0" falsecount="1"/>
      <line num="557" count="0" type="stmt"/>
      <line num="559" count="0" type="stmt"/>
      <line num="561" count="0" type="stmt"/>
      <line num="570" count="0" type="stmt"/>
      <line num="571" count="0" type="cond" truecount="0" falsecount="2"/>
      <line num="572" count="0" type="cond" truecount="0" falsecount="2"/>
      <line num="577" count="0" type="stmt"/>
      <line num="578" count="0" type="stmt"/>
      <line num="579" count="0" type="stmt"/>
      <line num="580" count="0" type="stmt"/>
      <line num="581" count="0" type="stmt"/>
      <line num="582" count="0" type="stmt"/>
      <line num="587" count="0" type="cond" truecount="0" falsecount="2"/>
      <line num="589" count="0" type="stmt"/>
      <line num="590" count="0" type="cond" truecount="0" falsecount="2"/>
      <line num="591" count="0" type="stmt"/>
      <line num="593" count="0" type="stmt"/>
      <line num="599" count="0" type="stmt"/>
      <line num="600" count="0" type="stmt"/>
      <line num="601" count="0" type="cond" truecount="0" falsecount="4"/>
      <line num="606" count="0" type="stmt"/>
      <line num="607" count="0" type="stmt"/>
      <line num="608" count="0" type="cond" truecount="0" falsecount="1"/>
      <line num="609" count="0" type="cond" truecount="0" falsecount="2"/>
      <line num="614" count="0" type="stmt"/>
      <line num="615" count="0" type="stmt"/>
      <line num="616" count="0" type="stmt"/>
      <line num="617" count="0" type="stmt"/>
      <line num="618" count="0" type="cond" truecount="0" falsecount="1"/>
      <line num="620" count="0" type="stmt"/>
      <line num="621" count="0" type="cond" truecount="0" falsecount="2"/>
      <line num="622" count="0" type="cond" truecount="0" falsecount="1"/>
      <line num="623" count="0" type="stmt"/>
      <line num="624" count="0" type="stmt"/>
      <line num="625" count="0" type="stmt"/>
      <line num="627" count="0" type="cond" truecount="0" falsecount="2"/>
      <line num="632" count="0" type="stmt"/>
      <line num="633" count="0" type="stmt"/>
      <line num="634" count="0" type="stmt"/>
      <line num="635" count="0" type="cond" truecount="0" falsecount="1"/>
      <line num="636" count="0" type="stmt"/>
      <line num="637" count="0" type="stmt"/>
      <line num="639" count="0" type="cond" truecount="0" falsecount="2"/>
      <line num="644" count="0" type="stmt"/>
      <line num="645" count="0" type="stmt"/>
      <line num="646" count="0" type="cond" truecount="0" falsecount="1"/>
      <line num="647" count="0" type="stmt"/>
      <line num="648" count="0" type="stmt"/>
      <line num="649" count="0" type="cond" truecount="0" falsecount="1"/>
      <line num="650" count="0" type="stmt"/>
      <line num="652" count="0" type="stmt"/>
      <line num="654" count="0" type="stmt"/>
      <line num="655" count="0" type="stmt"/>
      <line num="656" count="0" type="stmt"/>
      <line num="657" count="0" type="stmt"/>
      <line num="658" count="0" type="stmt"/>
      <line num="659" count="0" type="cond" truecount="0" falsecount="1"/>
      <line num="660" count="0" type="stmt"/>
      <line num="661" count="0" type="stmt"/>
      <line num="663" count="0" type="stmt"/>
      <line num="665" count="0" type="cond" truecount="0" falsecount="2"/>
      <line num="670" count="0" type="cond" truecount="0" falsecount="2"/>
      <line num="673" count="0" type="cond" truecount="0" falsecount="2"/>
      <line num="678" count="0" type="stmt"/>
      <line num="684" count="0" type="cond" truecount="0" falsecount="2"/>
      <line num="685" count="0" type="stmt"/>
      <line num="690" count="0" type="stmt"/>
      <line num="691" count="0" type="stmt"/>
      <line num="692" count="0" type="stmt"/>
      <line num="693" count="0" type="stmt"/>
      <line num="694" count="0" type="stmt"/>
      <line num="695" count="0" type="cond" truecount="0" falsecount="1"/>
      <line num="696" count="0" type="stmt"/>
      <line num="697" count="0" type="stmt"/>
      <line num="698" count="0" type="cond" truecount="0" falsecount="2"/>
      <line num="699" count="0" type="cond" truecount="0" falsecount="4"/>
      <line num="700" count="0" type="cond" truecount="0" falsecount="1"/>
      <line num="703" count="0" type="stmt"/>
      <line num="708" count="0" type="stmt"/>
      <line num="709" count="0" type="cond" truecount="0" falsecount="2"/>
      <line num="714" count="0" type="stmt"/>
      <line num="715" count="0" type="stmt"/>
      <line num="716" count="0" type="stmt"/>
      <line num="721" count="0" type="stmt"/>
      <line num="722" count="0" type="stmt"/>
      <line num="727" count="0" type="stmt"/>
      <line num="728" count="0" type="stmt"/>
      <line num="733" count="0" type="stmt"/>
      <line num="734" count="0" type="stmt"/>
      <line num="739" count="0" type="stmt"/>
      <line num="740" count="0" type="cond" truecount="0" falsecount="2"/>
      <line num="741" count="0" type="stmt"/>
      <line num="748" count="2" type="stmt"/>
      <line num="752" count="3" type="stmt"/>
      <line num="756" count="0" type="stmt"/>
      <line num="760" count="0" type="stmt"/>
      <line num="764" count="0" type="stmt"/>
      <line num="765" count="0" type="stmt"/>
      <line num="766" count="0" type="stmt"/>
      <line num="771" count="0" type="stmt"/>
      <line num="772" count="0" type="stmt"/>
      <line num="773" count="0" type="stmt"/>
      <line num="778" count="0" type="stmt"/>
      <line num="779" count="0" type="stmt"/>
      <line num="780" count="0" type="stmt"/>
      <line num="785" count="0" type="stmt"/>
      <line num="786" count="0" type="stmt"/>
      <line num="787" count="0" type="stmt"/>
      <line num="792" count="0" type="stmt"/>
      <line num="793" count="0" type="cond" truecount="0" falsecount="1"/>
      <line num="794" count="0" type="stmt"/>
      <line num="799" count="0" type="stmt"/>
      <line num="800" count="0" type="cond" truecount="0" falsecount="1"/>
      <line num="801" count="0" type="cond" truecount="0" falsecount="1"/>
      <line num="802" count="0" type="stmt"/>
      <line num="808" count="0" type="stmt"/>
      <line num="809" count="0" type="stmt"/>
      <line num="810" count="0" type="stmt"/>
      <line num="811" count="0" type="stmt"/>
      <line num="816" count="0" type="stmt"/>
      <line num="817" count="0" type="stmt"/>
      <line num="818" count="0" type="cond" truecount="0" falsecount="2"/>
      <line num="819" count="0" type="stmt"/>
      <line num="820" count="0" type="stmt"/>
      <line num="825" count="0" type="stmt"/>
      <line num="826" count="0" type="cond" truecount="0" falsecount="2"/>
      <line num="827" count="0" type="stmt"/>
      <line num="832" count="0" type="stmt"/>
      <line num="833" count="0" type="stmt"/>
      <line num="838" count="0" type="stmt"/>
      <line num="839" count="0" type="stmt"/>
      <line num="840" count="0" type="cond" truecount="0" falsecount="2"/>
      <line num="841" count="0" type="stmt"/>
      <line num="842" count="0" type="stmt"/>
      <line num="847" count="0" type="stmt"/>
      <line num="848" count="0" type="stmt"/>
      <line num="853" count="0" type="stmt"/>
      <line num="854" count="0" type="stmt"/>
      <line num="859" count="0" type="stmt"/>
      <line num="864" count="0" type="stmt"/>
      <line num="865" count="0" type="stmt"/>
      <line num="870" count="0" type="cond" truecount="0" falsecount="2"/>
      <line num="871" count="0" type="stmt"/>
      <line num="876" count="0" type="stmt"/>
      <line num="881" count="0" type="stmt"/>
      <line num="886" count="0" type="stmt"/>
      <line num="887" count="0" type="stmt"/>
      <line num="892" count="0" type="stmt"/>
      <line num="893" count="0" type="cond" truecount="0" falsecount="5"/>
      <line num="896" count="0" type="stmt"/>
      <line num="897" count="0" type="cond" truecount="0" falsecount="3"/>
      <line num="898" count="0" type="stmt"/>
      <line num="903" count="0" type="stmt"/>
      <line num="909" count="0" type="stmt"/>
      <line num="910" count="0" type="stmt"/>
      <line num="911" count="0" type="cond" truecount="0" falsecount="4"/>
      <line num="912" count="0" type="stmt"/>
      <line num="913" count="0" type="stmt"/>
      <line num="918" count="0" type="stmt"/>
      <line num="919" count="0" type="cond" truecount="0" falsecount="2"/>
      <line num="920" count="0" type="stmt"/>
      <line num="921" count="0" type="cond" truecount="0" falsecount="2"/>
      <line num="926" count="0" type="stmt"/>
      <line num="927" count="0" type="cond" truecount="0" falsecount="2"/>
      <line num="928" count="0" type="stmt"/>
      <line num="929" count="0" type="stmt"/>
      <line num="934" count="0" type="stmt"/>
      <line num="939" count="0" type="stmt"/>
      <line num="940" count="0" type="stmt"/>
      <line num="947" count="0" type="stmt"/>
      <line num="948" count="0" type="stmt"/>
      <line num="949" count="0" type="stmt"/>
      <line num="950" count="0" type="stmt"/>
      <line num="952" count="0" type="stmt"/>
      <line num="957" count="0" type="stmt"/>
      <line num="958" count="0" type="stmt"/>
      <line num="959" count="0" type="stmt"/>
      <line num="960" count="0" type="stmt"/>
      <line num="965" count="0" type="stmt"/>
      <line num="966" count="0" type="stmt"/>
      <line num="967" count="0" type="stmt"/>
      <line num="972" count="0" type="stmt"/>
      <line num="973" count="0" type="stmt"/>
      <line num="978" count="0" type="stmt"/>
      <line num="979" count="0" type="stmt"/>
      <line num="984" count="0" type="stmt"/>
      <line num="989" count="0" type="stmt"/>
      <line num="994" count="0" type="stmt"/>
      <line num="995" count="0" type="stmt"/>
      <line num="1001" count="0" type="stmt"/>
      <line num="1002" count="0" type="cond" truecount="0" falsecount="1"/>
      <line num="1003" count="0" type="stmt"/>
      <line num="1005" count="0" type="stmt"/>
      <line num="1006" count="0" type="cond" truecount="0" falsecount="3"/>
      <line num="1007" count="0" type="stmt"/>
      <line num="1008" count="0" type="stmt"/>
      <line num="1009" count="0" type="cond" truecount="0" falsecount="1"/>
      <line num="1010" count="0" type="cond" truecount="0" falsecount="3"/>
      <line num="1011" count="0" type="stmt"/>
      <line num="1014" count="0" type="stmt"/>
      <line num="1016" count="0" type="stmt"/>
      <line num="1022" count="0" type="stmt"/>
      <line num="1023" count="0" type="cond" truecount="0" falsecount="2"/>
      <line num="1024" count="0" type="stmt"/>
      <line num="1025" count="0" type="stmt"/>
      <line num="1030" count="0" type="stmt"/>
      <line num="1031" count="0" type="cond" truecount="0" falsecount="2"/>
      <line num="1032" count="0" type="stmt"/>
      <line num="1033" count="0" type="stmt"/>
      <line num="1038" count="0" type="stmt"/>
      <line num="1039" count="0" type="stmt"/>
      <line num="1040" count="0" type="stmt"/>
      <line num="1046" count="0" type="stmt"/>
      <line num="1047" count="0" type="stmt"/>
      <line num="1052" count="0" type="stmt"/>
      <line num="1053" count="0" type="cond" truecount="0" falsecount="2"/>
      <line num="1054" count="0" type="stmt"/>
      <line num="1055" count="0" type="cond" truecount="0" falsecount="1"/>
      <line num="1056" count="0" type="stmt"/>
      <line num="1057" count="0" type="stmt"/>
      <line num="1062" count="0" type="stmt"/>
      <line num="1063" count="0" type="stmt"/>
      <line num="1064" count="0" type="cond" truecount="0" falsecount="1"/>
      <line num="1065" count="0" type="stmt"/>
      <line num="1066" count="0" type="stmt"/>
      <line num="1071" count="0" type="stmt"/>
      <line num="1072" count="0" type="stmt"/>
      <line num="1073" count="0" type="cond" truecount="0" falsecount="1"/>
      <line num="1074" count="0" type="stmt"/>
      <line num="1079" count="0" type="stmt"/>
      <line num="1080" count="0" type="stmt"/>
      <line num="1081" count="0" type="cond" truecount="0" falsecount="1"/>
      <line num="1082" count="0" type="stmt"/>
      <line num="1087" count="0" type="stmt"/>
      <line num="1088" count="0" type="stmt"/>
      <line num="1089" count="0" type="cond" truecount="0" falsecount="1"/>
      <line num="1090" count="0" type="stmt"/>
      <line num="1095" count="0" type="stmt"/>
      <line num="1096" count="0" type="stmt"/>
      <line num="1097" count="0" type="cond" truecount="0" falsecount="1"/>
      <line num="1098" count="0" type="stmt"/>
      <line num="1103" count="0" type="stmt"/>
      <line num="1104" count="0" type="cond" truecount="0" falsecount="2"/>
      <line num="1105" count="0" type="stmt"/>
      <line num="1106" count="0" type="cond" truecount="0" falsecount="1"/>
      <line num="1107" count="0" type="stmt"/>
      <line num="1112" count="0" type="stmt"/>
      <line num="1113" count="0" type="stmt"/>
      <line num="1118" count="0" type="stmt"/>
      <line num="1119" count="0" type="stmt"/>
      <line num="1120" count="0" type="stmt"/>
      <line num="1121" count="0" type="cond" truecount="0" falsecount="1"/>
      <line num="1122" count="0" type="cond" truecount="0" falsecount="3"/>
      <line num="1123" count="0" type="stmt"/>
      <line num="1125" count="0" type="stmt"/>
      <line num="1131" count="0" type="cond" truecount="0" falsecount="2"/>
      <line num="1132" count="0" type="stmt"/>
      <line num="1137" count="0" type="cond" truecount="0" falsecount="2"/>
      <line num="1138" count="0" type="stmt"/>
      <line num="1139" count="0" type="stmt"/>
      <line num="1144" count="0" type="stmt"/>
      <line num="1149" count="0" type="stmt"/>
      <line num="1155" count="0" type="cond" truecount="0" falsecount="2"/>
      <line num="1156" count="0" type="stmt"/>
      <line num="1157" count="0" type="stmt"/>
      <line num="1163" count="0" type="cond" truecount="0" falsecount="2"/>
      <line num="1164" count="0" type="cond" truecount="0" falsecount="2"/>
      <line num="1165" count="0" type="cond" truecount="0" falsecount="2"/>
      <line num="1166" count="0" type="cond" truecount="0" falsecount="2"/>
      <line num="1167" count="0" type="stmt"/>
      <line num="1168" count="0" type="cond" truecount="0" falsecount="1"/>
      <line num="1169" count="0" type="stmt"/>
      <line num="1170" count="0" type="stmt"/>
      <line num="1175" count="0" type="cond" truecount="0" falsecount="2"/>
      <line num="1176" count="0" type="cond" truecount="0" falsecount="2"/>
      <line num="1177" count="0" type="cond" truecount="0" falsecount="2"/>
      <line num="1178" count="0" type="cond" truecount="0" falsecount="2"/>
      <line num="1179" count="0" type="stmt"/>
      <line num="1180" count="0" type="cond" truecount="0" falsecount="1"/>
      <line num="1181" count="0" type="stmt"/>
      <line num="1182" count="0" type="stmt"/>
      <line num="1188" count="0" type="cond" truecount="0" falsecount="2"/>
      <line num="1189" count="0" type="cond" truecount="0" falsecount="2"/>
      <line num="1190" count="0" type="stmt"/>
      <line num="1191" count="0" type="cond" truecount="0" falsecount="1"/>
      <line num="1192" count="0" type="stmt"/>
      <line num="1193" count="0" type="stmt"/>
      <line num="1198" count="0" type="cond" truecount="0" falsecount="2"/>
      <line num="1199" count="0" type="stmt"/>
      <line num="1200" count="0" type="cond" truecount="0" falsecount="1"/>
      <line num="1201" count="0" type="stmt"/>
      <line num="1206" count="0" type="cond" truecount="0" falsecount="2"/>
      <line num="1207" count="0" type="stmt"/>
      <line num="1208" count="0" type="cond" truecount="0" falsecount="1"/>
      <line num="1209" count="0" type="stmt"/>
      <line num="1214" count="0" type="cond" truecount="0" falsecount="2"/>
      <line num="1215" count="0" type="stmt"/>
      <line num="1216" count="0" type="cond" truecount="0" falsecount="1"/>
      <line num="1217" count="0" type="stmt"/>
      <line num="1223" count="0" type="cond" truecount="0" falsecount="2"/>
      <line num="1224" count="0" type="cond" truecount="0" falsecount="2"/>
      <line num="1225" count="0" type="stmt"/>
      <line num="1226" count="0" type="cond" truecount="0" falsecount="2"/>
      <line num="1227" count="0" type="stmt"/>
      <line num="1228" count="0" type="stmt"/>
      <line num="1233" count="0" type="cond" truecount="0" falsecount="2"/>
      <line num="1234" count="0" type="stmt"/>
      <line num="1239" count="0" type="cond" truecount="0" falsecount="2"/>
      <line num="1240" count="0" type="stmt"/>
      <line num="1241" count="0" type="stmt"/>
      <line num="1246" count="0" type="cond" truecount="0" falsecount="2"/>
      <line num="1247" count="0" type="cond" truecount="0" falsecount="2"/>
      <line num="1248" count="0" type="stmt"/>
      <line num="1249" count="0" type="stmt"/>
      <line num="1255" count="0" type="stmt"/>
      <line num="1260" count="0" type="stmt"/>
      <line num="1265" count="0" type="cond" truecount="0" falsecount="2"/>
      <line num="1266" count="0" type="stmt"/>
      <line num="1271" count="0" type="cond" truecount="0" falsecount="2"/>
      <line num="1272" count="0" type="stmt"/>
      <line num="1277" count="0" type="cond" truecount="0" falsecount="2"/>
      <line num="1278" count="0" type="stmt"/>
      <line num="1279" count="0" type="stmt"/>
      <line num="1286" count="0" type="stmt"/>
      <line num="1287" count="0" type="stmt"/>
      <line num="1292" count="0" type="stmt"/>
      <line num="1293" count="0" type="stmt"/>
      <line num="1298" count="0" type="stmt"/>
      <line num="1299" count="0" type="cond" truecount="0" falsecount="2"/>
      <line num="1300" count="0" type="stmt"/>
      <line num="1305" count="0" type="stmt"/>
      <line num="1306" count="0" type="stmt"/>
      <line num="1311" count="0" type="stmt"/>
      <line num="1312" count="0" type="stmt"/>
      <line num="1317" count="0" type="cond" truecount="0" falsecount="2"/>
      <line num="1318" count="0" type="stmt"/>
      <line num="1324" count="671" type="cond" truecount="1" falsecount="0"/>
      <line num="1325" count="320" type="stmt"/>
      <line num="1328" count="351" type="stmt"/>
      <line num="1329" count="351" type="cond" truecount="1" falsecount="2"/>
      <line num="1330" count="0" type="stmt"/>
      <line num="1333" count="351" type="cond" truecount="0" falsecount="1"/>
      <line num="1334" count="0" type="stmt"/>
      <line num="1335" count="0" type="cond" truecount="0" falsecount="2"/>
      <line num="1336" count="0" type="stmt"/>
      <line num="1337" count="0" type="cond" truecount="0" falsecount="3"/>
      <line num="1338" count="0" type="stmt"/>
      <line num="1342" count="351" type="cond" truecount="0" falsecount="1"/>
      <line num="1344" count="0" type="stmt"/>
      <line num="1345" count="0" type="stmt"/>
      <line num="1348" count="0" type="cond" truecount="0" falsecount="1"/>
      <line num="1349" count="0" type="cond" truecount="0" falsecount="1"/>
      <line num="1350" count="0" type="stmt"/>
      <line num="1353" count="0" type="cond" truecount="0" falsecount="1"/>
      <line num="1354" count="0" type="cond" truecount="0" falsecount="1"/>
      <line num="1355" count="0" type="stmt"/>
      <line num="1358" count="0" type="stmt"/>
      <line num="1359" count="0" type="stmt"/>
      <line num="1361" count="351" type="cond" truecount="0" falsecount="1"/>
      <line num="1363" count="0" type="stmt"/>
      <line num="1364" count="0" type="stmt"/>
      <line num="1367" count="0" type="cond" truecount="0" falsecount="1"/>
      <line num="1368" count="0" type="cond" truecount="0" falsecount="1"/>
      <line num="1369" count="0" type="stmt"/>
      <line num="1372" count="0" type="cond" truecount="0" falsecount="1"/>
      <line num="1373" count="0" type="cond" truecount="0" falsecount="1"/>
      <line num="1374" count="0" type="stmt"/>
      <line num="1377" count="0" type="stmt"/>
      <line num="1378" count="0" type="stmt"/>
      <line num="1380" count="351" type="cond" truecount="0" falsecount="1"/>
      <line num="1383" count="0" type="stmt"/>
      <line num="1384" count="0" type="cond" truecount="0" falsecount="3"/>
      <line num="1385" count="0" type="stmt"/>
      <line num="1386" count="0" type="cond" truecount="0" falsecount="2"/>
      <line num="1387" count="0" type="stmt"/>
      <line num="1390" count="0" type="cond" truecount="0" falsecount="1"/>
      <line num="1391" count="0" type="cond" truecount="0" falsecount="1"/>
      <line num="1392" count="0" type="stmt"/>
      <line num="1395" count="0" type="cond" truecount="0" falsecount="1"/>
      <line num="1396" count="0" type="cond" truecount="0" falsecount="1"/>
      <line num="1397" count="0" type="stmt"/>
      <line num="1401" count="0" type="stmt"/>
      <line num="1402" count="0" type="stmt"/>
      <line num="1406" count="351" type="cond" truecount="0" falsecount="1"/>
      <line num="1408" count="0" type="stmt"/>
      <line num="1409" count="0" type="stmt"/>
      <line num="1412" count="0" type="cond" truecount="0" falsecount="1"/>
      <line num="1413" count="0" type="cond" truecount="0" falsecount="1"/>
      <line num="1414" count="0" type="stmt"/>
      <line num="1417" count="0" type="cond" truecount="0" falsecount="1"/>
      <line num="1418" count="0" type="cond" truecount="0" falsecount="1"/>
      <line num="1419" count="0" type="stmt"/>
      <line num="1422" count="0" type="stmt"/>
      <line num="1424" count="351" type="cond" truecount="0" falsecount="1"/>
      <line num="1426" count="0" type="stmt"/>
      <line num="1427" count="0" type="stmt"/>
      <line num="1430" count="0" type="cond" truecount="0" falsecount="1"/>
      <line num="1431" count="0" type="cond" truecount="0" falsecount="1"/>
      <line num="1432" count="0" type="stmt"/>
      <line num="1435" count="0" type="cond" truecount="0" falsecount="1"/>
      <line num="1436" count="0" type="cond" truecount="0" falsecount="1"/>
      <line num="1437" count="0" type="stmt"/>
      <line num="1440" count="0" type="stmt"/>
      <line num="1442" count="351" type="cond" truecount="0" falsecount="1"/>
      <line num="1444" count="0" type="stmt"/>
      <line num="1445" count="0" type="stmt"/>
      <line num="1448" count="0" type="cond" truecount="0" falsecount="1"/>
      <line num="1449" count="0" type="cond" truecount="0" falsecount="1"/>
      <line num="1450" count="0" type="stmt"/>
      <line num="1453" count="0" type="cond" truecount="0" falsecount="1"/>
      <line num="1454" count="0" type="cond" truecount="0" falsecount="1"/>
      <line num="1455" count="0" type="stmt"/>
      <line num="1458" count="0" type="stmt"/>
      <line num="1462" count="351" type="cond" truecount="0" falsecount="1"/>
      <line num="1464" count="0" type="stmt"/>
      <line num="1465" count="0" type="stmt"/>
      <line num="1466" count="0" type="stmt"/>
      <line num="1468" count="351" type="cond" truecount="0" falsecount="1"/>
      <line num="1470" count="0" type="stmt"/>
      <line num="1471" count="0" type="stmt"/>
      <line num="1473" count="351" type="cond" truecount="0" falsecount="1"/>
      <line num="1476" count="0" type="stmt"/>
      <line num="1477" count="0" type="stmt"/>
      <line num="1478" count="0" type="cond" truecount="0" falsecount="1"/>
      <line num="1479" count="0" type="cond" truecount="0" falsecount="1"/>
      <line num="1480" count="0" type="cond" truecount="0" falsecount="3"/>
      <line num="1481" count="0" type="stmt"/>
      <line num="1484" count="0" type="cond" truecount="0" falsecount="3"/>
      <line num="1485" count="0" type="cond" truecount="0" falsecount="2"/>
      <line num="1487" count="0" type="cond" truecount="0" falsecount="1"/>
      <line num="1488" count="0" type="stmt"/>
      <line num="1490" count="351" type="cond" truecount="0" falsecount="1"/>
      <line num="1492" count="0" type="stmt"/>
      <line num="1493" count="0" type="stmt"/>
      <line num="1495" count="351" type="cond" truecount="0" falsecount="1"/>
      <line num="1497" count="0" type="stmt"/>
      <line num="1499" count="351" type="cond" truecount="0" falsecount="1"/>
      <line num="1501" count="0" type="stmt"/>
      <line num="1502" count="0" type="stmt"/>
      <line num="1506" count="351" type="cond" truecount="0" falsecount="1"/>
      <line num="1508" count="0" type="cond" truecount="0" falsecount="2"/>
      <line num="1509" count="0" type="stmt"/>
      <line num="1510" count="0" type="stmt"/>
      <line num="1512" count="351" type="cond" truecount="0" falsecount="1"/>
      <line num="1514" count="0" type="cond" truecount="0" falsecount="2"/>
      <line num="1515" count="0" type="stmt"/>
      <line num="1517" count="0" type="stmt"/>
      <line num="1518" count="0" type="stmt"/>
      <line num="1519" count="0" type="stmt"/>
      <line num="1521" count="0" type="stmt"/>
      <line num="1523" count="351" type="cond" truecount="0" falsecount="1"/>
      <line num="1525" count="0" type="cond" truecount="0" falsecount="2"/>
      <line num="1526" count="0" type="stmt"/>
      <line num="1527" count="0" type="stmt"/>
      <line num="1531" count="351" type="cond" truecount="0" falsecount="1"/>
      <line num="1533" count="0" type="stmt"/>
      <line num="1534" count="0" type="stmt"/>
      <line num="1535" count="0" type="stmt"/>
      <line num="1537" count="351" type="cond" truecount="0" falsecount="1"/>
      <line num="1539" count="0" type="stmt"/>
      <line num="1540" count="0" type="stmt"/>
      <line num="1542" count="351" type="cond" truecount="0" falsecount="1"/>
      <line num="1544" count="0" type="stmt"/>
      <line num="1545" count="0" type="stmt"/>
      <line num="1547" count="351" type="cond" truecount="0" falsecount="1"/>
      <line num="1549" count="0" type="stmt"/>
      <line num="1550" count="0" type="stmt"/>
      <line num="1552" count="351" type="cond" truecount="0" falsecount="1"/>
      <line num="1554" count="0" type="stmt"/>
      <line num="1556" count="351" type="cond" truecount="0" falsecount="1"/>
      <line num="1558" count="0" type="cond" truecount="0" falsecount="2"/>
      <line num="1559" count="0" type="stmt"/>
      <line num="1561" count="351" type="cond" truecount="0" falsecount="1"/>
      <line num="1563" count="0" type="stmt"/>
      <line num="1564" count="0" type="cond" truecount="0" falsecount="2"/>
      <line num="1566" count="351" type="cond" truecount="0" falsecount="1"/>
      <line num="1568" count="0" type="stmt"/>
      <line num="1569" count="0" type="stmt"/>
      <line num="1571" count="351" type="cond" truecount="0" falsecount="1"/>
      <line num="1573" count="0" type="stmt"/>
      <line num="1577" count="351" type="cond" truecount="0" falsecount="1"/>
      <line num="1579" count="0" type="stmt"/>
      <line num="1580" count="0" type="cond" truecount="0" falsecount="2"/>
      <line num="1581" count="0" type="stmt"/>
      <line num="1582" count="0" type="stmt"/>
      <line num="1584" count="351" type="cond" truecount="0" falsecount="1"/>
      <line num="1586" count="0" type="stmt"/>
      <line num="1587" count="0" type="cond" truecount="0" falsecount="2"/>
      <line num="1588" count="0" type="stmt"/>
      <line num="1590" count="351" type="cond" truecount="0" falsecount="1"/>
      <line num="1592" count="0" type="stmt"/>
      <line num="1593" count="0" type="stmt"/>
      <line num="1594" count="0" type="cond" truecount="0" falsecount="2"/>
      <line num="1596" count="351" type="cond" truecount="0" falsecount="1"/>
      <line num="1598" count="0" type="stmt"/>
      <line num="1599" count="0" type="stmt"/>
      <line num="1600" count="0" type="stmt"/>
      <line num="1602" count="351" type="cond" truecount="0" falsecount="1"/>
      <line num="1604" count="0" type="stmt"/>
      <line num="1605" count="0" type="cond" truecount="0" falsecount="2"/>
      <line num="1606" count="0" type="stmt"/>
      <line num="1608" count="351" type="cond" truecount="0" falsecount="1"/>
      <line num="1610" count="0" type="stmt"/>
      <line num="1612" count="351" type="cond" truecount="0" falsecount="1"/>
      <line num="1614" count="0" type="stmt"/>
      <line num="1618" count="351" type="cond" truecount="0" falsecount="1"/>
      <line num="1620" count="0" type="stmt"/>
      <line num="1621" count="0" type="stmt"/>
      <line num="1622" count="0" type="stmt"/>
      <line num="1624" count="351" type="cond" truecount="0" falsecount="1"/>
      <line num="1626" count="0" type="stmt"/>
      <line num="1627" count="0" type="stmt"/>
      <line num="1628" count="0" type="stmt"/>
      <line num="1630" count="351" type="cond" truecount="0" falsecount="1"/>
      <line num="1632" count="0" type="stmt"/>
      <line num="1633" count="0" type="stmt"/>
      <line num="1634" count="0" type="stmt"/>
      <line num="1636" count="351" type="cond" truecount="0" falsecount="1"/>
      <line num="1638" count="0" type="stmt"/>
      <line num="1639" count="0" type="stmt"/>
      <line num="1640" count="0" type="stmt"/>
      <line num="1644" count="351" type="cond" truecount="0" falsecount="1"/>
      <line num="1647" count="0" type="stmt"/>
      <line num="1648" count="0" type="cond" truecount="0" falsecount="1"/>
      <line num="1649" count="0" type="stmt"/>
      <line num="1650" count="0" type="cond" truecount="0" falsecount="1"/>
      <line num="1651" count="0" type="stmt"/>
      <line num="1652" count="0" type="stmt"/>
      <line num="1654" count="0" type="cond" truecount="0" falsecount="2"/>
      <line num="1656" count="0" type="cond" truecount="0" falsecount="1"/>
      <line num="1657" count="0" type="stmt"/>
      <line num="1659" count="0" type="stmt"/>
      <line num="1660" count="0" type="stmt"/>
      <line num="1662" count="351" type="cond" truecount="0" falsecount="1"/>
      <line num="1664" count="0" type="stmt"/>
      <line num="1665" count="0" type="cond" truecount="0" falsecount="1"/>
      <line num="1666" count="0" type="stmt"/>
      <line num="1667" count="0" type="cond" truecount="0" falsecount="1"/>
      <line num="1668" count="0" type="stmt"/>
      <line num="1669" count="0" type="stmt"/>
      <line num="1671" count="0" type="cond" truecount="0" falsecount="2"/>
      <line num="1673" count="0" type="cond" truecount="0" falsecount="1"/>
      <line num="1674" count="0" type="stmt"/>
      <line num="1676" count="0" type="stmt"/>
      <line num="1677" count="0" type="stmt"/>
      <line num="1679" count="351" type="cond" truecount="0" falsecount="1"/>
      <line num="1681" count="0" type="stmt"/>
      <line num="1682" count="0" type="cond" truecount="0" falsecount="1"/>
      <line num="1683" count="0" type="stmt"/>
      <line num="1684" count="0" type="cond" truecount="0" falsecount="1"/>
      <line num="1685" count="0" type="stmt"/>
      <line num="1686" count="0" type="stmt"/>
      <line num="1688" count="0" type="cond" truecount="0" falsecount="2"/>
      <line num="1690" count="0" type="cond" truecount="0" falsecount="1"/>
      <line num="1691" count="0" type="stmt"/>
      <line num="1693" count="0" type="stmt"/>
      <line num="1694" count="0" type="stmt"/>
      <line num="1698" count="351" type="cond" truecount="0" falsecount="1"/>
      <line num="1700" count="0" type="stmt"/>
      <line num="1701" count="0" type="stmt"/>
      <line num="1702" count="0" type="cond" truecount="0" falsecount="1"/>
      <line num="1703" count="0" type="cond" truecount="0" falsecount="1"/>
      <line num="1704" count="0" type="stmt"/>
      <line num="1706" count="0" type="stmt"/>
      <line num="1713" count="351" type="cond" truecount="0" falsecount="1"/>
      <line num="1715" count="0" type="stmt"/>
      <line num="1716" count="0" type="stmt"/>
      <line num="1722" count="351" type="cond" truecount="0" falsecount="1"/>
      <line num="1724" count="0" type="stmt"/>
      <line num="1725" count="0" type="stmt"/>
      <line num="1726" count="0" type="stmt"/>
      <line num="1728" count="351" type="cond" truecount="0" falsecount="1"/>
      <line num="1730" count="0" type="stmt"/>
      <line num="1731" count="0" type="stmt"/>
      <line num="1732" count="0" type="stmt"/>
      <line num="1734" count="351" type="cond" truecount="0" falsecount="1"/>
      <line num="1736" count="0" type="stmt"/>
      <line num="1737" count="0" type="stmt"/>
      <line num="1738" count="0" type="cond" truecount="0" falsecount="2"/>
      <line num="1745" count="0" type="cond" truecount="0" falsecount="1"/>
      <line num="1746" count="0" type="stmt"/>
      <line num="1747" count="0" type="cond" truecount="0" falsecount="1"/>
      <line num="1748" count="0" type="stmt"/>
      <line num="1750" count="0" type="stmt"/>
      <line num="1753" count="351" type="cond" truecount="0" falsecount="1"/>
      <line num="1755" count="0" type="stmt"/>
      <line num="1756" count="0" type="stmt"/>
      <line num="1757" count="0" type="stmt"/>
      <line num="1759" count="351" type="cond" truecount="0" falsecount="1"/>
      <line num="1761" count="0" type="stmt"/>
      <line num="1762" count="0" type="stmt"/>
      <line num="1763" count="0" type="stmt"/>
      <line num="1765" count="351" type="cond" truecount="0" falsecount="1"/>
      <line num="1767" count="0" type="stmt"/>
      <line num="1768" count="0" type="cond" truecount="0" falsecount="2"/>
      <line num="1769" count="0" type="stmt"/>
      <line num="1770" count="0" type="cond" truecount="0" falsecount="2"/>
      <line num="1772" count="351" type="cond" truecount="0" falsecount="1"/>
      <line num="1774" count="0" type="stmt"/>
      <line num="1775" count="0" type="stmt"/>
      <line num="1783" count="0" type="cond" truecount="0" falsecount="1"/>
      <line num="1784" count="0" type="stmt"/>
      <line num="1785" count="0" type="cond" truecount="0" falsecount="1"/>
      <line num="1786" count="0" type="stmt"/>
      <line num="1787" count="0" type="cond" truecount="0" falsecount="2"/>
      <line num="1788" count="0" type="cond" truecount="0" falsecount="5"/>
      <line num="1789" count="0" type="stmt"/>
      <line num="1791" count="0" type="stmt"/>
      <line num="1795" count="0" type="cond" truecount="0" falsecount="1"/>
      <line num="1796" count="0" type="stmt"/>
      <line num="1798" count="351" type="cond" truecount="0" falsecount="1"/>
      <line num="1799" count="0" type="stmt"/>
      <line num="1800" count="0" type="stmt"/>
      <line num="1801" count="0" type="stmt"/>
      <line num="1802" count="0" type="stmt"/>
      <line num="1804" count="351" type="cond" truecount="0" falsecount="1"/>
      <line num="1805" count="0" type="stmt"/>
      <line num="1806" count="0" type="stmt"/>
      <line num="1807" count="0" type="stmt"/>
      <line num="1808" count="0" type="stmt"/>
      <line num="1810" count="351" type="cond" truecount="0" falsecount="1"/>
      <line num="1811" count="0" type="stmt"/>
      <line num="1812" count="0" type="stmt"/>
      <line num="1813" count="0" type="stmt"/>
      <line num="1814" count="0" type="stmt"/>
      <line num="1816" count="351" type="cond" truecount="0" falsecount="1"/>
      <line num="1817" count="0" type="stmt"/>
      <line num="1818" count="0" type="stmt"/>
      <line num="1819" count="0" type="stmt"/>
      <line num="1820" count="0" type="stmt"/>
      <line num="1825" count="351" type="cond" truecount="0" falsecount="1"/>
      <line num="1827" count="0" type="stmt"/>
      <line num="1828" count="0" type="cond" truecount="0" falsecount="1"/>
      <line num="1829" count="0" type="stmt"/>
      <line num="1830" count="0" type="cond" truecount="0" falsecount="1"/>
      <line num="1831" count="0" type="stmt"/>
      <line num="1833" count="0" type="stmt"/>
      <line num="1835" count="0" type="stmt"/>
      <line num="1836" count="0" type="stmt"/>
      <line num="1838" count="351" type="cond" truecount="0" falsecount="1"/>
      <line num="1840" count="0" type="stmt"/>
      <line num="1841" count="0" type="cond" truecount="0" falsecount="1"/>
      <line num="1842" count="0" type="stmt"/>
      <line num="1843" count="0" type="cond" truecount="0" falsecount="1"/>
      <line num="1844" count="0" type="stmt"/>
      <line num="1846" count="0" type="stmt"/>
      <line num="1848" count="0" type="stmt"/>
      <line num="1849" count="0" type="cond" truecount="0" falsecount="4"/>
      <line num="1851" count="351" type="cond" truecount="0" falsecount="1"/>
      <line num="1853" count="0" type="stmt"/>
      <line num="1854" count="0" type="cond" truecount="0" falsecount="1"/>
      <line num="1855" count="0" type="stmt"/>
      <line num="1856" count="0" type="cond" truecount="0" falsecount="1"/>
      <line num="1857" count="0" type="stmt"/>
      <line num="1859" count="0" type="stmt"/>
      <line num="1861" count="0" type="stmt"/>
      <line num="1862" count="0" type="stmt"/>
      <line num="1866" count="351" type="cond" truecount="0" falsecount="1"/>
      <line num="1868" count="0" type="stmt"/>
      <line num="1869" count="0" type="cond" truecount="0" falsecount="2"/>
      <line num="1871" count="0" type="stmt"/>
      <line num="1872" count="0" type="stmt"/>
      <line num="1877" count="0" type="stmt"/>
      <line num="1879" count="351" type="cond" truecount="0" falsecount="1"/>
      <line num="1881" count="0" type="stmt"/>
      <line num="1882" count="0" type="cond" truecount="0" falsecount="2"/>
      <line num="1884" count="0" type="stmt"/>
      <line num="1885" count="0" type="stmt"/>
      <line num="1890" count="0" type="stmt"/>
      <line num="1892" count="351" type="cond" truecount="0" falsecount="1"/>
      <line num="1894" count="0" type="stmt"/>
      <line num="1895" count="0" type="cond" truecount="0" falsecount="2"/>
      <line num="1897" count="0" type="stmt"/>
      <line num="1898" count="0" type="stmt"/>
      <line num="1899" count="0" type="stmt"/>
      <line num="1903" count="351" type="cond" truecount="0" falsecount="1"/>
      <line num="1905" count="0" type="stmt"/>
      <line num="1906" count="0" type="stmt"/>
      <line num="1908" count="0" type="stmt"/>
      <line num="1910" count="0" type="stmt"/>
      <line num="1911" count="0" type="stmt"/>
      <line num="1913" count="351" type="cond" truecount="0" falsecount="1"/>
      <line num="1915" count="0" type="stmt"/>
      <line num="1916" count="0" type="stmt"/>
      <line num="1917" count="0" type="stmt"/>
      <line num="1918" count="0" type="cond" truecount="0" falsecount="2"/>
      <line num="1920" count="351" type="cond" truecount="0" falsecount="1"/>
      <line num="1922" count="0" type="stmt"/>
      <line num="1923" count="0" type="stmt"/>
      <line num="1924" count="0" type="stmt"/>
      <line num="1925" count="0" type="cond" truecount="0" falsecount="2"/>
      <line num="1927" count="351" type="cond" truecount="0" falsecount="1"/>
      <line num="1929" count="0" type="stmt"/>
      <line num="1930" count="0" type="stmt"/>
      <line num="1931" count="0" type="stmt"/>
      <line num="1932" count="0" type="stmt"/>
      <line num="1934" count="351" type="cond" truecount="0" falsecount="1"/>
      <line num="1936" count="0" type="stmt"/>
      <line num="1940" count="351" type="cond" truecount="0" falsecount="1"/>
      <line num="1942" count="0" type="stmt"/>
      <line num="1943" count="0" type="stmt"/>
      <line num="1944" count="0" type="stmt"/>
      <line num="1947" count="0" type="stmt"/>
      <line num="1948" count="0" type="cond" truecount="0" falsecount="3"/>
      <line num="1949" count="0" type="stmt"/>
      <line num="1957" count="0" type="cond" truecount="0" falsecount="2"/>
      <line num="1960" count="0" type="stmt"/>
      <line num="1961" count="0" type="stmt"/>
      <line num="1963" count="351" type="cond" truecount="0" falsecount="1"/>
      <line num="1965" count="0" type="stmt"/>
      <line num="1966" count="0" type="stmt"/>
      <line num="1967" count="0" type="stmt"/>
      <line num="1969" count="351" type="cond" truecount="0" falsecount="1"/>
      <line num="1971" count="0" type="stmt"/>
      <line num="1972" count="0" type="stmt"/>
      <line num="1973" count="0" type="stmt"/>
      <line num="1975" count="351" type="cond" truecount="0" falsecount="1"/>
      <line num="1977" count="0" type="stmt"/>
      <line num="1978" count="0" type="stmt"/>
      <line num="1979" count="0" type="stmt"/>
      <line num="1981" count="351" type="cond" truecount="0" falsecount="1"/>
      <line num="1983" count="0" type="stmt"/>
      <line num="1987" count="351" type="cond" truecount="0" falsecount="1"/>
      <line num="1989" count="0" type="stmt"/>
      <line num="1990" count="0" type="cond" truecount="0" falsecount="1"/>
      <line num="1991" count="0" type="stmt"/>
      <line num="1992" count="0" type="cond" truecount="0" falsecount="4"/>
      <line num="1993" count="0" type="cond" truecount="0" falsecount="1"/>
      <line num="1994" count="0" type="stmt"/>
      <line num="1995" count="0" type="stmt"/>
      <line num="1997" count="0" type="stmt"/>
      <line num="1998" count="0" type="cond" truecount="0" falsecount="2"/>
      <line num="2001" count="0" type="stmt"/>
      <line num="2003" count="0" type="stmt"/>
      <line num="2004" count="0" type="stmt"/>
      <line num="2005" count="0" type="stmt"/>
      <line num="2007" count="351" type="cond" truecount="0" falsecount="1"/>
      <line num="2009" count="0" type="stmt"/>
      <line num="2010" count="0" type="cond" truecount="0" falsecount="1"/>
      <line num="2011" count="0" type="stmt"/>
      <line num="2012" count="0" type="cond" truecount="0" falsecount="4"/>
      <line num="2013" count="0" type="cond" truecount="0" falsecount="1"/>
      <line num="2014" count="0" type="stmt"/>
      <line num="2015" count="0" type="stmt"/>
      <line num="2017" count="0" type="stmt"/>
      <line num="2018" count="0" type="cond" truecount="0" falsecount="2"/>
      <line num="2021" count="0" type="stmt"/>
      <line num="2023" count="0" type="stmt"/>
      <line num="2024" count="0" type="stmt"/>
      <line num="2025" count="0" type="stmt"/>
      <line num="2027" count="351" type="cond" truecount="0" falsecount="1"/>
      <line num="2029" count="0" type="stmt"/>
      <line num="2030" count="0" type="cond" truecount="0" falsecount="1"/>
      <line num="2031" count="0" type="stmt"/>
      <line num="2032" count="0" type="cond" truecount="0" falsecount="4"/>
      <line num="2033" count="0" type="cond" truecount="0" falsecount="1"/>
      <line num="2034" count="0" type="stmt"/>
      <line num="2035" count="0" type="stmt"/>
      <line num="2037" count="0" type="stmt"/>
      <line num="2038" count="0" type="cond" truecount="0" falsecount="2"/>
      <line num="2041" count="0" type="stmt"/>
      <line num="2043" count="0" type="stmt"/>
      <line num="2044" count="0" type="stmt"/>
      <line num="2045" count="0" type="stmt"/>
      <line num="2049" count="351" type="cond" truecount="0" falsecount="1"/>
      <line num="2051" count="0" type="stmt"/>
      <line num="2052" count="0" type="cond" truecount="0" falsecount="1"/>
      <line num="2053" count="0" type="stmt"/>
      <line num="2054" count="0" type="cond" truecount="0" falsecount="1"/>
      <line num="2055" count="0" type="cond" truecount="0" falsecount="4"/>
      <line num="2057" count="0" type="cond" truecount="0" falsecount="4"/>
      <line num="2059" count="0" type="stmt"/>
      <line num="2061" count="351" type="cond" truecount="0" falsecount="1"/>
      <line num="2063" count="0" type="stmt"/>
      <line num="2064" count="0" type="cond" truecount="0" falsecount="1"/>
      <line num="2065" count="0" type="stmt"/>
      <line num="2066" count="0" type="cond" truecount="0" falsecount="1"/>
      <line num="2067" count="0" type="cond" truecount="0" falsecount="4"/>
      <line num="2069" count="0" type="cond" truecount="0" falsecount="4"/>
      <line num="2071" count="0" type="stmt"/>
      <line num="2075" count="351" type="cond" truecount="0" falsecount="1"/>
      <line num="2077" count="0" type="stmt"/>
      <line num="2078" count="0" type="stmt"/>
      <line num="2079" count="0" type="stmt"/>
      <line num="2081" count="351" type="cond" truecount="0" falsecount="1"/>
      <line num="2083" count="0" type="stmt"/>
      <line num="2085" count="351" type="cond" truecount="0" falsecount="1"/>
      <line num="2087" count="0" type="stmt"/>
      <line num="2089" count="351" type="cond" truecount="0" falsecount="1"/>
      <line num="2091" count="0" type="stmt"/>
      <line num="2095" count="351" type="cond" truecount="0" falsecount="1"/>
      <line num="2096" count="0" type="stmt"/>
      <line num="2097" count="0" type="cond" truecount="0" falsecount="2"/>
      <line num="2098" count="0" type="stmt"/>
      <line num="2102" count="0" type="cond" truecount="0" falsecount="1"/>
      <line num="2103" count="0" type="cond" truecount="0" falsecount="1"/>
      <line num="2104" count="0" type="stmt"/>
      <line num="2107" count="0" type="stmt"/>
      <line num="2108" count="0" type="stmt"/>
      <line num="2110" count="351" type="cond" truecount="0" falsecount="1"/>
      <line num="2111" count="0" type="stmt"/>
      <line num="2112" count="0" type="stmt"/>
      <line num="2118" count="0" type="stmt"/>
      <line num="2119" count="0" type="stmt"/>
      <line num="2127" count="351" type="cond" truecount="0" falsecount="1"/>
      <line num="2128" count="0" type="stmt"/>
      <line num="2129" count="0" type="cond" truecount="0" falsecount="2"/>
      <line num="2130" count="0" type="stmt"/>
      <line num="2139" count="0" type="stmt"/>
      <line num="2140" count="0" type="stmt"/>
      <line num="2141" count="0" type="stmt"/>
      <line num="2153" count="351" type="cond" truecount="0" falsecount="1"/>
      <line num="2154" count="0" type="stmt"/>
      <line num="2159" count="351" type="cond" truecount="0" falsecount="1"/>
      <line num="2160" count="0" type="stmt"/>
      <line num="2161" count="0" type="cond" truecount="0" falsecount="2"/>
      <line num="2162" count="0" type="cond" truecount="0" falsecount="2"/>
      <line num="2163" count="0" type="stmt"/>
      <line num="2164" count="0" type="stmt"/>
      <line num="2174" count="351" type="cond" truecount="0" falsecount="1"/>
      <line num="2175" count="0" type="stmt"/>
      <line num="2176" count="0" type="cond" truecount="0" falsecount="2"/>
      <line num="2177" count="0" type="cond" truecount="0" falsecount="2"/>
      <line num="2178" count="0" type="stmt"/>
      <line num="2179" count="0" type="stmt"/>
      <line num="2189" count="351" type="cond" truecount="0" falsecount="1"/>
      <line num="2190" count="0" type="stmt"/>
      <line num="2191" count="0" type="cond" truecount="0" falsecount="2"/>
      <line num="2192" count="0" type="cond" truecount="0" falsecount="2"/>
      <line num="2193" count="0" type="stmt"/>
      <line num="2194" count="0" type="stmt"/>
      <line num="2203" count="351" type="cond" truecount="0" falsecount="1"/>
      <line num="2205" count="0" type="stmt"/>
      <line num="2206" count="0" type="cond" truecount="0" falsecount="2"/>
      <line num="2207" count="0" type="cond" truecount="0" falsecount="1"/>
      <line num="2208" count="0" type="stmt"/>
      <line num="2209" count="0" type="stmt"/>
      <line num="2211" count="0" type="stmt"/>
      <line num="2212" count="0" type="cond" truecount="0" falsecount="2"/>
      <line num="2213" count="0" type="cond" truecount="0" falsecount="2"/>
      <line num="2214" count="0" type="stmt"/>
      <line num="2215" count="0" type="stmt"/>
      <line num="2224" count="351" type="cond" truecount="0" falsecount="1"/>
      <line num="2225" count="0" type="stmt"/>
      <line num="2226" count="0" type="stmt"/>
      <line num="2227" count="0" type="stmt"/>
      <line num="2237" count="351" type="cond" truecount="0" falsecount="1"/>
      <line num="2238" count="0" type="stmt"/>
      <line num="2239" count="0" type="cond" truecount="0" falsecount="2"/>
      <line num="2242" count="0" type="cond" truecount="0" falsecount="2"/>
      <line num="2245" count="0" type="stmt"/>
      <line num="2246" count="0" type="stmt"/>
      <line num="2247" count="0" type="stmt"/>
      <line num="2248" count="0" type="stmt"/>
      <line num="2257" count="351" type="cond" truecount="0" falsecount="1"/>
      <line num="2258" count="0" type="stmt"/>
      <line num="2259" count="0" type="cond" truecount="0" falsecount="1"/>
      <line num="2260" count="0" type="stmt"/>
      <line num="2262" count="0" type="stmt"/>
      <line num="2265" count="351" type="cond" truecount="0" falsecount="1"/>
      <line num="2266" count="0" type="stmt"/>
      <line num="2267" count="0" type="stmt"/>
      <line num="2268" count="0" type="cond" truecount="0" falsecount="2"/>
      <line num="2269" count="0" type="cond" truecount="0" falsecount="1"/>
      <line num="2270" count="0" type="stmt"/>
      <line num="2271" count="0" type="stmt"/>
      <line num="2273" count="0" type="stmt"/>
      <line num="2274" count="0" type="cond" truecount="0" falsecount="3"/>
      <line num="2275" count="0" type="stmt"/>
      <line num="2276" count="0" type="stmt"/>
      <line num="2278" count="0" type="cond" truecount="0" falsecount="3"/>
      <line num="2279" count="0" type="stmt"/>
      <line num="2281" count="0" type="stmt"/>
      <line num="2285" count="351" type="cond" truecount="1" falsecount="0"/>
      <line num="2287" count="2" type="cond" truecount="1" falsecount="2"/>
      <line num="2288" count="0" type="stmt"/>
      <line num="2289" count="0" type="stmt"/>
      <line num="2290" count="0" type="cond" truecount="0" falsecount="1"/>
      <line num="2291" count="0" type="cond" truecount="0" falsecount="3"/>
      <line num="2292" count="0" type="stmt"/>
      <line num="2297" count="2" type="cond" truecount="0" falsecount="1"/>
      <line num="2298" count="0" type="cond" truecount="0" falsecount="2"/>
      <line num="2299" count="0" type="stmt"/>
      <line num="2300" count="0" type="stmt"/>
      <line num="2301" count="0" type="stmt"/>
      <line num="2302" count="0" type="stmt"/>
      <line num="2303" count="0" type="cond" truecount="0" falsecount="1"/>
      <line num="2304" count="0" type="cond" truecount="0" falsecount="1"/>
      <line num="2306" count="0" type="stmt"/>
      <line num="2307" count="0" type="stmt"/>
      <line num="2316" count="0" type="stmt"/>
      <line num="2325" count="2" type="cond" truecount="0" falsecount="1"/>
      <line num="2326" count="0" type="cond" truecount="0" falsecount="2"/>
      <line num="2327" count="0" type="stmt"/>
      <line num="2328" count="0" type="stmt"/>
      <line num="2329" count="0" type="stmt"/>
      <line num="2330" count="0" type="stmt"/>
      <line num="2331" count="0" type="cond" truecount="0" falsecount="1"/>
      <line num="2332" count="0" type="cond" truecount="0" falsecount="1"/>
      <line num="2334" count="0" type="stmt"/>
      <line num="2335" count="0" type="stmt"/>
      <line num="2344" count="0" type="stmt"/>
      <line num="2353" count="2" type="cond" truecount="0" falsecount="1"/>
      <line num="2354" count="0" type="stmt"/>
      <line num="2355" count="0" type="stmt"/>
      <line num="2356" count="0" type="stmt"/>
      <line num="2357" count="0" type="stmt"/>
      <line num="2358" count="0" type="stmt"/>
      <line num="2359" count="0" type="stmt"/>
      <line num="2360" count="0" type="stmt"/>
      <line num="2361" count="0" type="cond" truecount="0" falsecount="1"/>
      <line num="2362" count="0" type="cond" truecount="0" falsecount="1"/>
      <line num="2363" count="0" type="cond" truecount="0" falsecount="1"/>
      <line num="2364" count="0" type="cond" truecount="0" falsecount="1"/>
[...]
      <line num="660" count="0" type="cond" truecount="0" falsecount="1"/>
      <line num="667" count="0" type="cond" truecount="0" falsecount="1"/>
      <line num="668" count="0" type="stmt"/>
      <line num="669" count="0" type="cond" truecount="0" falsecount="2"/>
      <line num="670" count="0" type="cond" truecount="0" falsecount="1"/>
      <line num="673" count="0" type="stmt"/>
      <line num="676" count="0" type="stmt"/>
      <line num="677" count="0" type="stmt"/>
      <line num="684" count="0" type="cond" truecount="0" falsecount="1"/>
      <line num="685" count="0" type="cond" truecount="0" falsecount="1"/>
      <line num="687" count="0" type="stmt"/>
      <line num="689" count="0" type="cond" truecount="0" falsecount="2"/>
      <line num="693" count="0" type="stmt"/>
      <line num="695" count="0" type="cond" truecount="0" falsecount="2"/>
      <line num="699" count="0" type="stmt"/>
      <line num="701" count="0" type="stmt"/>
      <line num="702" count="0" type="stmt"/>
      <line num="703" count="0" type="cond" truecount="0" falsecount="3"/>
      <line num="704" count="0" type="stmt"/>
      <line num="705" count="0" type="cond" truecount="0" falsecount="3"/>
      <line num="707" count="0" type="stmt"/>
      <line num="709" count="0" type="cond" truecount="0" falsecount="2"/>
      <line num="713" count="0" type="stmt"/>
      <line num="714" count="0" type="stmt"/>
      <line num="715" count="0" type="cond" truecount="0" falsecount="3"/>
      <line num="716" count="0" type="stmt"/>
      <line num="717" count="0" type="cond" truecount="0" falsecount="1"/>
      <line num="718" count="0" type="stmt"/>
      <line num="719" count="0" type="cond" truecount="0" falsecount="2"/>
      <line num="720" count="0" type="cond" truecount="0" falsecount="1"/>
      <line num="725" count="0" type="stmt"/>
      <line num="726" count="0" type="stmt"/>
      <line num="729" count="0" type="stmt"/>
      <line num="730" count="0" type="stmt"/>
      <line num="736" count="0" type="cond" truecount="0" falsecount="1"/>
      <line num="737" count="0" type="cond" truecount="0" falsecount="1"/>
      <line num="738" count="0" type="stmt"/>
      <line num="739" count="0" type="stmt"/>
      <line num="740" count="0" type="stmt"/>
      <line num="742" count="0" type="cond" truecount="0" falsecount="4"/>
      <line num="743" count="0" type="stmt"/>
      <line num="745" count="0" type="stmt"/>
      <line num="747" count="0" type="stmt"/>
      <line num="752" count="0" type="cond" truecount="0" falsecount="1"/>
      <line num="753" count="0" type="cond" truecount="0" falsecount="1"/>
      <line num="754" count="0" type="stmt"/>
      <line num="755" count="0" type="stmt"/>
      <line num="756" count="0" type="stmt"/>
      <line num="757" count="0" type="cond" truecount="0" falsecount="4"/>
      <line num="758" count="0" type="stmt"/>
      <line num="760" count="0" type="cond" truecount="0" falsecount="1"/>
      <line num="761" count="0" type="cond" truecount="0" falsecount="3"/>
      <line num="763" count="0" type="cond" truecount="0" falsecount="2"/>
      <line num="769" count="0" type="cond" truecount="0" falsecount="1"/>
      <line num="770" count="0" type="cond" truecount="0" falsecount="1"/>
      <line num="772" count="0" type="stmt"/>
      <line num="773" count="0" type="stmt"/>
      <line num="774" count="0" type="cond" truecount="0" falsecount="4"/>
      <line num="775" count="0" type="stmt"/>
      <line num="777" count="0" type="stmt"/>
      <line num="779" count="0" type="stmt"/>
      <line num="787" count="0" type="cond" truecount="0" falsecount="1"/>
      <line num="788" count="0" type="cond" truecount="0" falsecount="1"/>
      <line num="789" count="0" type="stmt"/>
      <line num="794" count="0" type="stmt"/>
      <line num="798" count="0" type="stmt"/>
      <line num="799" count="0" type="stmt"/>
      <line num="800" count="0" type="stmt"/>
      <line num="801" count="0" type="stmt"/>
      <line num="802" count="0" type="stmt"/>
      <line num="803" count="0" type="cond" truecount="0" falsecount="2"/>
      <line num="804" count="0" type="cond" truecount="0" falsecount="3"/>
      <line num="805" count="0" type="cond" truecount="0" falsecount="1"/>
      <line num="806" count="0" type="cond" truecount="0" falsecount="3"/>
      <line num="808" count="0" type="cond" truecount="0" falsecount="2"/>
      <line num="809" count="0" type="cond" truecount="0" falsecount="1"/>
      <line num="811" count="0" type="cond" truecount="0" falsecount="4"/>
      <line num="812" count="0" type="stmt"/>
      <line num="813" count="0" type="stmt"/>
      <line num="815" count="0" type="stmt"/>
      <line num="821" count="0" type="stmt"/>
      <line num="822" count="0" type="stmt"/>
      <line num="824" count="0" type="cond" truecount="0" falsecount="6"/>
      <line num="825" count="0" type="stmt"/>
      <line num="827" count="0" type="stmt"/>
      <line num="830" count="0" type="stmt"/>
      <line num="831" count="0" type="stmt"/>
      <line num="835" count="0" type="cond" truecount="0" falsecount="1"/>
      <line num="836" count="0" type="stmt"/>
      <line num="838" count="0" type="stmt"/>
      <line num="848" count="0" type="stmt"/>
      <line num="849" count="0" type="stmt"/>
      <line num="850" count="0" type="cond" truecount="0" falsecount="3"/>
      <line num="851" count="0" type="stmt"/>
      <line num="852" count="0" type="stmt"/>
      <line num="853" count="0" type="stmt"/>
      <line num="858" count="0" type="cond" truecount="0" falsecount="3"/>
      <line num="859" count="0" type="stmt"/>
      <line num="860" count="0" type="stmt"/>
      <line num="864" count="0" type="cond" truecount="0" falsecount="3"/>
      <line num="865" count="0" type="stmt"/>
      <line num="866" count="0" type="stmt"/>
      <line num="870" count="0" type="stmt"/>
      <line num="873" count="0" type="stmt"/>
      <line num="876" count="0" type="stmt"/>
      <line num="881" count="13" type="cond" truecount="0" falsecount="1"/>
      <line num="882" count="13" type="stmt"/>
      <line num="883" count="13" type="stmt"/>
      <line num="884" count="29" type="stmt"/>
      <line num="886" count="13" type="stmt"/>
      <line num="888" count="13" type="cond" truecount="3" falsecount="0"/>
      <line num="889" count="13" type="stmt"/>
      <line num="890" count="13" type="cond" truecount="1" falsecount="0"/>
      <line num="891" count="13" type="stmt"/>
      <line num="892" count="16" type="cond" truecount="3" falsecount="0"/>
      <line num="893" count="16" type="stmt"/>
      <line num="894" count="16" type="cond" truecount="3" falsecount="0"/>
      <line num="896" count="16" type="stmt"/>
      <line num="897" count="16" type="cond" truecount="1" falsecount="1"/>
      <line num="898" count="0" type="cond" truecount="0" falsecount="4"/>
      <line num="899" count="0" type="stmt"/>
      <line num="900" count="16" type="stmt"/>
      <line num="907" count="13" type="stmt"/>
      <line num="908" count="13" type="stmt"/>
      <line num="909" count="13" type="stmt"/>
      <line num="910" count="13" type="stmt"/>
      <line num="913" count="13" type="stmt"/>
      <line num="915" count="13" type="stmt"/>
      <line num="920" count="28" type="stmt"/>
      <line num="921" count="8" type="stmt"/>
      <line num="922" count="20" type="stmt"/>
      <line num="923" count="20" type="stmt"/>
      <line num="926" count="20" type="cond" truecount="3" falsecount="1"/>
      <line num="927" count="20" type="stmt"/>
      <line num="928" count="20" type="cond" truecount="3" falsecount="0"/>
      <line num="929" count="20" type="stmt"/>
      <line num="930" count="20" type="stmt"/>
      <line num="934" count="0" type="cond" truecount="0" falsecount="5"/>
      <line num="935" count="0" type="stmt"/>
      <line num="936" count="0" type="stmt"/>
      <line num="940" count="0" type="cond" truecount="0" falsecount="3"/>
      <line num="941" count="0" type="stmt"/>
      <line num="942" count="0" type="cond" truecount="0" falsecount="6"/>
      <line num="943" count="0" type="cond" truecount="0" falsecount="1"/>
      <line num="945" count="0" type="cond" truecount="0" falsecount="2"/>
      <line num="947" count="0" type="stmt"/>
      <line num="950" count="20" type="cond" truecount="3" falsecount="0"/>
      <line num="951" count="20" type="stmt"/>
      <line num="952" count="20" type="cond" truecount="1" falsecount="0"/>
      <line num="953" count="8" type="stmt"/>
      <line num="954" count="8" type="stmt"/>
      <line num="955" count="8" type="stmt"/>
      <line num="959" count="0" type="stmt"/>
    </file>
    <file name="interpreter-scope.ts" path="/data/data/com.termux/files/home/freelang-v9/src/interpreter-scope.ts">
      <metrics statements="28" coveredstatements="23" conditionals="5" coveredconditionals="4" methods="14" coveredmethods="12"/>
      <line num="4" count="8" type="stmt"/>
      <line num="5" count="355" type="stmt"/>
      <line num="9" count="1586" type="stmt"/>
      <line num="10" count="1592" type="cond" truecount="1" falsecount="0"/>
      <line num="12" count="2" type="stmt"/>
      <line num="16" count="9962" type="stmt"/>
      <line num="17" count="10585" type="cond" truecount="1" falsecount="0"/>
      <line num="19" count="9862" type="stmt"/>
      <line num="24" count="809" type="stmt"/>
      <line num="29" count="0" type="stmt"/>
      <line num="34" count="33" type="stmt"/>
      <line num="35" count="33" type="cond" truecount="1" falsecount="0"/>
      <line num="36" count="31" type="stmt"/>
      <line num="37" count="31" type="stmt"/>
      <line num="40" count="2" type="stmt"/>
      <line num="45" count="36" type="stmt"/>
      <line num="50" count="36" type="cond" truecount="1" falsecount="0"/>
      <line num="55" count="436" type="stmt"/>
      <line num="56" count="436" type="stmt"/>
      <line num="57" count="524" type="stmt"/>
      <line num="59" count="436" type="stmt"/>
      <line num="64" count="372" type="stmt"/>
      <line num="69" count="372" type="stmt"/>
      <line num="74" count="372" type="stmt"/>
      <line num="79" count="0" type="stmt"/>
      <line num="80" count="0" type="cond" truecount="0" falsecount="1"/>
      <line num="81" count="0" type="stmt"/>
      <line num="82" count="0" type="stmt"/>
    </file>
    <file name="lexer.ts" path="/data/data/com.termux/files/home/freelang-v9/src/lexer.ts">
      <metrics statements="132" coveredstatements="114" conditionals="48" coveredconditionals="36" methods="2" coveredmethods="2"/>
      <line num="3" count="10" type="stmt"/>
      <line num="9" count="10" type="stmt"/>
      <line num="42" count="99609" type="cond" truecount="2" falsecount="0"/>
      <line num="45" count="10" type="stmt"/>
      <line num="46" count="766" type="stmt"/>
      <line num="47" count="766" type="stmt"/>
      <line num="49" count="766" type="stmt"/>
      <line num="50" count="870020" type="stmt"/>
      <line num="53" count="870020" type="cond" truecount="1" falsecount="0"/>
      <line num="54" count="472638" type="cond" truecount="2" falsecount="0"/>
      <line num="55" count="86130" type="stmt"/>
      <line num="56" count="86130" type="stmt"/>
      <line num="58" count="386508" type="stmt"/>
      <line num="60" count="472638" type="stmt"/>
      <line num="61" count="472638" type="stmt"/>
      <line num="65" count="397382" type="cond" truecount="1" falsecount="0"/>
      <line num="66" count="127767" type="cond" truecount="2" falsecount="0"/>
      <line num="67" count="2795" type="stmt"/>
      <line num="71" count="394587" type="cond" truecount="1" falsecount="0"/>
      <line num="72" count="3675" type="stmt"/>
      <line num="73" count="3675" type="stmt"/>
      <line num="74" count="3675" type="stmt"/>
      <line num="75" count="3675" type="stmt"/>
      <line num="76" count="3675" type="stmt"/>
      <line num="78" count="3675" type="cond" truecount="2" falsecount="0"/>
      <line num="79" count="11819" type="cond" truecount="4" falsecount="0"/>
      <line num="80" count="3" type="stmt"/>
      <line num="81" count="3" type="stmt"/>
      <line num="82" count="3" type="stmt"/>
      <line num="83" count="3" type="cond" truecount="2" falsecount="4"/>
      <line num="84" count="2" type="stmt"/>
      <line num="85" count="1" type="stmt"/>
      <line num="86" count="0" type="stmt"/>
      <line num="87" count="0" type="stmt"/>
      <line num="88" count="0" type="stmt"/>
      <line num="89" count="0" type="stmt"/>
      <line num="91" count="3" type="stmt"/>
      <line num="92" count="3" type="stmt"/>
      <line num="94" count="11816" type="cond" truecount="1" falsecount="1"/>
      <line num="95" count="0" type="stmt"/>
      <line num="96" count="0" type="stmt"/>
      <line num="98" count="11816" type="stmt"/>
      <line num="100" count="11816" type="stmt"/>
      <line num="101" count="11816" type="stmt"/>
      <line num="105" count="3675" type="cond" truecount="0" falsecount="1"/>
      <line num="106" count="0" type="stmt"/>
      <line num="109" count="3675" type="stmt"/>
      <line num="110" count="3675" type="stmt"/>
      <line num="111" count="3675" type="stmt"/>
      <line num="115" count="390912" type="cond" truecount="1" falsecount="0"/>
      <line num="116" count="35077" type="stmt"/>
      <line num="117" count="35077" type="stmt"/>
      <line num="118" count="35077" type="stmt"/>
      <line num="119" count="35077" type="stmt"/>
      <line num="121" count="355835" type="cond" truecount="1" falsecount="0"/>
      <line num="122" count="35076" type="stmt"/>
      <line num="123" count="35076" type="stmt"/>
      <line num="124" count="35076" type="stmt"/>
      <line num="125" count="35076" type="stmt"/>
      <line num="129" count="320759" type="cond" truecount="1" falsecount="0"/>
      <line num="130" count="56066" type="stmt"/>
      <line num="131" count="56066" type="stmt"/>
      <line num="132" count="56066" type="stmt"/>
      <line num="133" count="56066" type="stmt"/>
      <line num="135" count="264693" type="cond" truecount="1" falsecount="0"/>
      <line num="136" count="56065" type="stmt"/>
      <line num="137" count="56065" type="stmt"/>
      <line num="138" count="56065" type="stmt"/>
      <line num="139" count="56065" type="stmt"/>
      <line num="143" count="208628" type="cond" truecount="1" falsecount="0"/>
      <line num="144" count="11" type="stmt"/>
      <line num="145" count="11" type="stmt"/>
      <line num="146" count="11" type="stmt"/>
      <line num="147" count="11" type="stmt"/>
      <line num="149" count="208617" type="cond" truecount="1" falsecount="0"/>
      <line num="150" count="11" type="stmt"/>
      <line num="151" count="11" type="stmt"/>
      <line num="152" count="11" type="stmt"/>
      <line num="153" count="11" type="stmt"/>
      <line num="157" count="208606" type="cond" truecount="0" falsecount="1"/>
      <line num="158" count="0" type="stmt"/>
      <line num="160" count="0" type="cond" truecount="0" falsecount="4"/>
      <line num="161" count="0" type="stmt"/>
      <line num="162" count="0" type="stmt"/>
      <line num="163" count="0" type="stmt"/>
      <line num="165" count="0" type="stmt"/>
      <line num="166" count="0" type="stmt"/>
      <line num="167" count="0" type="stmt"/>
      <line num="169" count="0" type="stmt"/>
      <line num="173" count="208606" type="cond" truecount="1" falsecount="0"/>
      <line num="174" count="22376" type="stmt"/>
      <line num="175" count="22376" type="stmt"/>
      <line num="176" count="22376" type="stmt"/>
      <line num="177" count="22376" type="stmt"/>
      <line num="178" count="22376" type="stmt"/>
      <line num="182" count="186230" type="cond" truecount="1" falsecount="0"/>
      <line num="183" count="76133" type="stmt"/>
      <line num="184" count="76133" type="stmt"/>
      <line num="185" count="76133" type="stmt"/>
      <line num="186" count="76133" type="stmt"/>
      <line num="188" count="76133" type="stmt"/>
      <line num="189" count="76133" type="cond" truecount="2" falsecount="0"/>
      <line num="190" count="164296" type="stmt"/>
      <line num="191" count="164296" type="stmt"/>
      <line num="192" count="164296" type="stmt"/>
      <line num="195" count="76133" type="cond" truecount="0" falsecount="1"/>
      <line num="196" count="0" type="stmt"/>
      <line num="199" count="76133" type="stmt"/>
      <line num="200" count="76133" type="stmt"/>
      <line num="204" count="110097" type="cond" truecount="1" falsecount="0"/>
      <line num="205" count="10488" type="stmt"/>
      <line num="206" count="10488" type="stmt"/>
      <line num="208" count="10488" type="cond" truecount="2" falsecount="0"/>
      <line num="209" count="10634" type="stmt"/>
      <line num="210" count="10634" type="stmt"/>
      <line num="213" count="10488" type="stmt"/>
      <line num="214" count="10488" type="stmt"/>
      <line num="215" count="10488" type="stmt"/>
      <line num="222" count="99609" type="cond" truecount="1" falsecount="0"/>
      <line num="223" count="99609" type="stmt"/>
      <line num="224" count="99609" type="stmt"/>
      <line num="226" count="99609" type="cond" truecount="2" falsecount="0"/>
      <line num="227" count="491850" type="stmt"/>
      <line num="228" count="491850" type="stmt"/>
      <line num="231" count="99609" type="stmt"/>
      <line num="234" count="99609" type="stmt"/>
      <line num="235" count="99609" type="cond" truecount="2" falsecount="0"/>
      <line num="237" count="99609" type="stmt"/>
      <line num="238" count="99609" type="stmt"/>
      <line num="241" count="0" type="stmt"/>
      <line num="244" count="766" type="stmt"/>
      <line num="245" count="766" type="stmt"/>
    </file>
    <file name="token.ts" path="/data/data/com.termux/files/home/freelang-v9/src/token.ts">
      <metrics statements="39" coveredstatements="39" conditionals="2" coveredconditionals="2" methods="1" coveredmethods="1"/>
      <line num="3" count="10" type="cond" truecount="2" falsecount="0"/>
      <line num="5" count="10" type="stmt"/>
      <line num="6" count="10" type="stmt"/>
      <line num="7" count="10" type="stmt"/>
      <line num="8" count="10" type="stmt"/>
      <line num="9" count="10" type="stmt"/>
      <line num="12" count="10" type="stmt"/>
      <line num="13" count="10" type="stmt"/>
      <line num="14" count="10" type="stmt"/>
      <line num="15" count="10" type="stmt"/>
      <line num="16" count="10" type="stmt"/>
      <line num="17" count="10" type="stmt"/>
      <line num="20" count="10" type="stmt"/>
      <line num="21" count="10" type="stmt"/>
      <line num="22" count="10" type="stmt"/>
      <line num="23" count="10" type="stmt"/>
      <line num="24" count="10" type="stmt"/>
      <line num="27" count="10" type="stmt"/>
      <line num="28" count="10" type="stmt"/>
      <line num="29" count="10" type="stmt"/>
      <line num="30" count="10" type="stmt"/>
      <line num="33" count="10" type="stmt"/>
      <line num="34" count="10" type="stmt"/>
      <line num="35" count="10" type="stmt"/>
      <line num="36" count="10" type="stmt"/>
      <line num="39" count="10" type="stmt"/>
      <line num="40" count="10" type="stmt"/>
      <line num="41" count="10" type="stmt"/>
      <line num="42" count="10" type="stmt"/>
      <line num="43" count="10" type="stmt"/>
      <line num="46" count="10" type="stmt"/>
      <line num="47" count="10" type="stmt"/>
      <line num="48" count="10" type="stmt"/>
      <line num="49" count="10" type="stmt"/>
      <line num="52" count="10" type="stmt"/>
      <line num="53" count="10" type="stmt"/>
      <line num="54" count="10" type="stmt"/>
      <line num="57" count="10" type="stmt"/>
      <line num="58" count="10" type="stmt"/>
    </file>
  </project>
</coverage>
