{"/data/data/com.termux/files/home/freelang-v9/src/ast.ts": {"path":"/data/data/com.termux/files/home/freelang-v9/src/ast.ts","statementMap":{"0":{"start":{"line":380,"column":0},"end":{"line":380,"column":16}},"1":{"start":{"line":384,"column":0},"end":{"line":384,"column":16}},"2":{"start":{"line":388,"column":0},"end":{"line":388,"column":16}},"3":{"start":{"line":392,"column":0},"end":{"line":392,"column":16}},"4":{"start":{"line":396,"column":0},"end":{"line":396,"column":16}},"5":{"start":{"line":401,"column":0},"end":{"line":401,"column":16}},"6":{"start":{"line":411,"column":0},"end":{"line":411,"column":16}},"7":{"start":{"line":420,"column":0},"end":{"line":420,"column":16}},"8":{"start":{"line":425,"column":0},"end":{"line":425,"column":16}},"9":{"start":{"line":436,"column":0},"end":{"line":436,"column":16}},"10":{"start":{"line":443,"column":0},"end":{"line":443,"column":16}},"11":{"start":{"line":447,"column":0},"end":{"line":447,"column":16}},"12":{"start":{"line":451,"column":0},"end":{"line":451,"column":16}},"13":{"start":{"line":455,"column":0},"end":{"line":455,"column":16}},"14":{"start":{"line":459,"column":0},"end":{"line":459,"column":16}},"15":{"start":{"line":463,"column":0},"end":{"line":463,"column":16}},"16":{"start":{"line":467,"column":0},"end":{"line":467,"column":16}},"17":{"start":{"line":471,"column":0},"end":{"line":471,"column":16}},"18":{"start":{"line":476,"column":0},"end":{"line":476,"column":16}},"19":{"start":{"line":485,"column":0},"end":{"line":485,"column":16}},"20":{"start":{"line":494,"column":0},"end":{"line":494,"column":16}},"21":{"start":{"line":504,"column":0},"end":{"line":504,"column":16}},"22":{"start":{"line":514,"column":0},"end":{"line":514,"column":16}},"23":{"start":{"line":519,"column":0},"end":{"line":519,"column":16}},"24":{"start":{"line":528,"column":0},"end":{"line":528,"column":16}},"25":{"start":{"line":533,"column":0},"end":{"line":533,"column":16}},"26":{"start":{"line":542,"column":0},"end":{"line":542,"column":16}},"27":{"start":{"line":551,"column":0},"end":{"line":551,"column":16}},"28":{"start":{"line":556,"column":0},"end":{"line":556,"column":16}},"29":{"start":{"line":582,"column":0},"end":{"line":582,"column":16}},"30":{"start":{"line":592,"column":0},"end":{"line":592,"column":16}},"31":{"start":{"line":609,"column":0},"end":{"line":609,"column":16}},"32":{"start":{"line":614,"column":0},"end":{"line":614,"column":16}},"33":{"start":{"line":619,"column":0},"end":{"line":619,"column":16}},"34":{"start":{"line":624,"column":0},"end":{"line":624,"column":16}},"35":{"start":{"line":629,"column":0},"end":{"line":629,"column":16}},"36":{"start":{"line":634,"column":0},"end":{"line":634,"column":16}},"37":{"start":{"line":639,"column":0},"end":{"line":639,"column":16}},"38":{"start":{"line":644,"column":0},"end":{"line":644,"column":16}},"39":{"start":{"line":649,"column":0},"end":{"line":649,"column":16}},"40":{"start":{"line":654,"column":0},"end":{"line":654,"column":16}},"41":{"start":{"line":659,"column":0},"end":{"line":659,"column":16}},"42":{"start":{"line":664,"column":0},"end":{"line":664,"column":16}},"43":{"start":{"line":669,"column":0},"end":{"line":669,"column":16}},"44":{"start":{"line":674,"column":0},"end":{"line":674,"column":16}},"45":{"start":{"line":679,"column":0},"end":{"line":679,"column":16}},"46":{"start":{"line":684,"column":0},"end":{"line":684,"column":16}},"47":{"start":{"line":689,"column":0},"end":{"line":689,"column":16}},"48":{"start":{"line":700,"column":0},"end":{"line":700,"column":16}},"49":{"start":{"line":381,"column":2},"end":{"line":381,"column":42}},"50":{"start":{"line":385,"column":2},"end":{"line":385,"column":36}},"51":{"start":{"line":389,"column":2},"end":{"line":389,"column":43}},"52":{"start":{"line":393,"column":2},"end":{"line":393,"column":35}},"53":{"start":{"line":397,"column":2},"end":{"line":397,"column":53}},"54":{"start":{"line":407,"column":2},"end":{"line":407,"column":58}},"55":{"start":{"line":416,"column":2},"end":{"line":416,"column":38}},"56":{"start":{"line":421,"column":2},"end":{"line":421,"column":41}},"57":{"start":{"line":431,"column":2},"end":{"line":431,"column":69}},"58":{"start":{"line":440,"column":2},"end":{"line":440,"column":50}},"59":{"start":{"line":444,"column":2},"end":{"line":444,"column":44}},"60":{"start":{"line":448,"column":2},"end":{"line":448,"column":38}},"61":{"start":{"line":452,"column":2},"end":{"line":452,"column":57}},"62":{"start":{"line":456,"column":2},"end":{"line":456,"column":55}},"63":{"start":{"line":460,"column":2},"end":{"line":460,"column":45}},"64":{"start":{"line":464,"column":2},"end":{"line":464,"column":46}},"65":{"start":{"line":468,"column":2},"end":{"line":468,"column":34}},"66":{"start":{"line":472,"column":2},"end":{"line":472,"column":62}},"67":{"start":{"line":481,"column":2},"end":{"line":481,"column":59}},"68":{"start":{"line":490,"column":2},"end":{"line":490,"column":83}},"69":{"start":{"line":500,"column":2},"end":{"line":500,"column":55}},"70":{"start":{"line":510,"column":2},"end":{"line":510,"column":66}},"71":{"start":{"line":515,"column":2},"end":{"line":515,"column":46}},"72":{"start":{"line":524,"column":2},"end":{"line":524,"column":56}},"73":{"start":{"line":529,"column":2},"end":{"line":529,"column":37}},"74":{"start":{"line":538,"column":2},"end":{"line":538,"column":65}},"75":{"start":{"line":547,"column":2},"end":{"line":547,"column":62}},"76":{"start":{"line":552,"column":2},"end":{"line":552,"column":37}},"77":{"start":{"line":567,"column":2},"end":{"line":578,"column":4}},"78":{"start":{"line":588,"column":2},"end":{"line":588,"column":41}},"79":{"start":{"line":601,"column":2},"end":{"line":601,"column":58}},"80":{"start":{"line":610,"column":2},"end":{"line":610,"column":39}},"81":{"start":{"line":615,"column":2},"end":{"line":615,"column":41}},"82":{"start":{"line":620,"column":2},"end":{"line":620,"column":51}},"83":{"start":{"line":625,"column":2},"end":{"line":625,"column":48}},"84":{"start":{"line":630,"column":2},"end":{"line":630,"column":47}},"85":{"start":{"line":635,"column":2},"end":{"line":635,"column":42}},"86":{"start":{"line":640,"column":2},"end":{"line":640,"column":39}},"87":{"start":{"line":645,"column":2},"end":{"line":645,"column":40}},"88":{"start":{"line":650,"column":2},"end":{"line":650,"column":40}},"89":{"start":{"line":655,"column":2},"end":{"line":655,"column":38}},"90":{"start":{"line":660,"column":2},"end":{"line":660,"column":46}},"91":{"start":{"line":665,"column":2},"end":{"line":665,"column":45}},"92":{"start":{"line":670,"column":2},"end":{"line":670,"column":49}},"93":{"start":{"line":675,"column":2},"end":{"line":675,"column":52}},"94":{"start":{"line":680,"column":2},"end":{"line":680,"column":43}},"95":{"start":{"line":685,"column":2},"end":{"line":685,"column":46}},"96":{"start":{"line":690,"column":2},"end":{"line":690,"column":39}},"97":{"start":{"line":694,"column":13},"end":{"line":697,"column":2}},"98":{"start":{"line":701,"column":2},"end":{"line":701,"column":49}}},"fnMap":{"0":{"name":"makeLiteral","decl":{"start":{"line":380,"column":16},"end":{"line":380,"column":27}},"loc":{"start":{"line":380,"column":97},"end":{"line":382,"column":1}}},"1":{"name":"makeVariable","decl":{"start":{"line":384,"column":16},"end":{"line":384,"column":28}},"loc":{"start":{"line":384,"column":41},"end":{"line":386,"column":1}}},"2":{"name":"makeSExpr","decl":{"start":{"line":388,"column":16},"end":{"line":388,"column":25}},"loc":{"start":{"line":388,"column":68},"end":{"line":390,"column":1}}},"3":{"name":"makeKeyword","decl":{"start":{"line":392,"column":16},"end":{"line":392,"column":27}},"loc":{"start":{"line":392,"column":40},"end":{"line":394,"column":1}}},"4":{"name":"makeBlock","decl":{"start":{"line":396,"column":16},"end":{"line":396,"column":25}},"loc":{"start":{"line":396,"column":109},"end":{"line":398,"column":1}}},"5":{"name":"makeTypeAnnotation","decl":{"start":{"line":401,"column":16},"end":{"line":401,"column":34}},"loc":{"start":{"line":405,"column":20},"end":{"line":408,"column":1}}},"6":{"name":"makeFuncSignature","decl":{"start":{"line":411,"column":16},"end":{"line":411,"column":33}},"loc":{"start":{"line":414,"column":28},"end":{"line":417,"column":1}}},"7":{"name":"makeTypeVariable","decl":{"start":{"line":420,"column":16},"end":{"line":420,"column":32}},"loc":{"start":{"line":420,"column":45},"end":{"line":422,"column":1}}},"8":{"name":"makeFunctionValue","decl":{"start":{"line":425,"column":16},"end":{"line":425,"column":33}},"loc":{"start":{"line":429,"column":15},"end":{"line":432,"column":1}}},"9":{"name":"makeLiteralPattern","decl":{"start":{"line":436,"column":16},"end":{"line":436,"column":34}},"loc":{"start":{"line":438,"column":34},"end":{"line":441,"column":1}}},"10":{"name":"makeVariablePattern","decl":{"start":{"line":443,"column":16},"end":{"line":443,"column":35}},"loc":{"start":{"line":443,"column":48},"end":{"line":445,"column":1}}},"11":{"name":"makeWildcardPattern","decl":{"start":{"line":447,"column":16},"end":{"line":447,"column":35}},"loc":{"start":{"line":447,"column":35},"end":{"line":449,"column":1}}},"12":{"name":"makeListPattern","decl":{"start":{"line":451,"column":16},"end":{"line":451,"column":31}},"loc":{"start":{"line":451,"column":73},"end":{"line":453,"column":1}}},"13":{"name":"makeStructPattern","decl":{"start":{"line":455,"column":16},"end":{"line":455,"column":33}},"loc":{"start":{"line":455,"column":82},"end":{"line":457,"column":1}}},"14":{"name":"makeRangePattern","decl":{"start":{"line":459,"column":16},"end":{"line":459,"column":32}},"loc":{"start":{"line":459,"column":57},"end":{"line":461,"column":1}}},"15":{"name":"makeOrPattern","decl":{"start":{"line":463,"column":16},"end":{"line":463,"column":29}},"loc":{"start":{"line":463,"column":53},"end":{"line":465,"column":1}}},"16":{"name":"makeMatchCase","decl":{"start":{"line":467,"column":16},"end":{"line":467,"column":29}},"loc":{"start":{"line":467,"column":78},"end":{"line":469,"column":1}}},"17":{"name":"makePatternMatch","decl":{"start":{"line":471,"column":16},"end":{"line":471,"column":32}},"loc":{"start":{"line":471,"column":90},"end":{"line":473,"column":1}}},"18":{"name":"makeTypeClass","decl":{"start":{"line":476,"column":16},"end":{"line":476,"column":29}},"loc":{"start":{"line":479,"column":39},"end":{"line":482,"column":1}}},"19":{"name":"makeTypeClassInstance","decl":{"start":{"line":485,"column":16},"end":{"line":485,"column":37}},"loc":{"start":{"line":488,"column":39},"end":{"line":491,"column":1}}},"20":{"name":"makeModuleBlock","decl":{"start":{"line":494,"column":16},"end":{"line":494,"column":31}},"loc":{"start":{"line":498,"column":15},"end":{"line":501,"column":1}}},"21":{"name":"makeImportBlock","decl":{"start":{"line":504,"column":16},"end":{"line":504,"column":31}},"loc":{"start":{"line":508,"column":16},"end":{"line":511,"column":1}}},"22":{"name":"makeOpenBlock","decl":{"start":{"line":514,"column":16},"end":{"line":514,"column":29}},"loc":{"start":{"line":514,"column":65},"end":{"line":516,"column":1}}},"23":{"name":"makeAsyncFunction","decl":{"start":{"line":519,"column":16},"end":{"line":519,"column":33}},"loc":{"start":{"line":522,"column":15},"end":{"line":525,"column":1}}},"24":{"name":"makeAwaitExpression","decl":{"start":{"line":528,"column":16},"end":{"line":528,"column":35}},"loc":{"start":{"line":528,"column":53},"end":{"line":530,"column":1}}},"25":{"name":"makeTryBlock","decl":{"start":{"line":533,"column":16},"end":{"line":533,"column":28}},"loc":{"start":{"line":536,"column":24},"end":{"line":539,"column":1}}},"26":{"name":"makeCatchClause","decl":{"start":{"line":542,"column":16},"end":{"line":542,"column":31}},"loc":{"start":{"line":545,"column":19},"end":{"line":548,"column":1}}},"27":{"name":"makeThrowExpression","decl":{"start":{"line":551,"column":16},"end":{"line":551,"column":35}},"loc":{"start":{"line":551,"column":53},"end":{"line":553,"column":1}}},"28":{"name":"makeReasoningBlock","decl":{"start":{"line":556,"column":16},"end":{"line":556,"column":34}},"loc":{"start":{"line":565,"column":93},"end":{"line":579,"column":1}}},"29":{"name":"makeReasoningTransition","decl":{"start":{"line":582,"column":16},"end":{"line":582,"column":39}},"loc":{"start":{"line":586,"column":18},"end":{"line":589,"column":1}}},"30":{"name":"makeReasoningSequence","decl":{"start":{"line":592,"column":16},"end":{"line":592,"column":37}},"loc":{"start":{"line":599,"column":3},"end":{"line":602,"column":1}}},"31":{"name":"isBlock","decl":{"start":{"line":609,"column":16},"end":{"line":609,"column":23}},"loc":{"start":{"line":609,"column":33},"end":{"line":611,"column":1}}},"32":{"name":"isLiteral","decl":{"start":{"line":614,"column":16},"end":{"line":614,"column":25}},"loc":{"start":{"line":614,"column":35},"end":{"line":616,"column":1}}},"33":{"name":"isSymbolLiteral","decl":{"start":{"line":619,"column":16},"end":{"line":619,"column":31}},"loc":{"start":{"line":619,"column":41},"end":{"line":621,"column":1}}},"34":{"name":"isArrayBlock","decl":{"start":{"line":624,"column":16},"end":{"line":624,"column":28}},"loc":{"start":{"line":624,"column":38},"end":{"line":626,"column":1}}},"35":{"name":"isFuncBlock","decl":{"start":{"line":629,"column":16},"end":{"line":629,"column":27}},"loc":{"start":{"line":629,"column":37},"end":{"line":631,"column":1}}},"36":{"name":"isVariable","decl":{"start":{"line":634,"column":16},"end":{"line":634,"column":26}},"loc":{"start":{"line":634,"column":36},"end":{"line":636,"column":1}}},"37":{"name":"isSExpr","decl":{"start":{"line":639,"column":16},"end":{"line":639,"column":23}},"loc":{"start":{"line":639,"column":33},"end":{"line":641,"column":1}}},"38":{"name":"isModuleBlock","decl":{"start":{"line":644,"column":16},"end":{"line":644,"column":29}},"loc":{"start":{"line":644,"column":39},"end":{"line":646,"column":1}}},"39":{"name":"isImportBlock","decl":{"start":{"line":649,"column":16},"end":{"line":649,"column":29}},"loc":{"start":{"line":649,"column":39},"end":{"line":651,"column":1}}},"40":{"name":"isOpenBlock","decl":{"start":{"line":654,"column":16},"end":{"line":654,"column":27}},"loc":{"start":{"line":654,"column":37},"end":{"line":656,"column":1}}},"41":{"name":"isSearchBlock","decl":{"start":{"line":659,"column":16},"end":{"line":659,"column":29}},"loc":{"start":{"line":659,"column":39},"end":{"line":661,"column":1}}},"42":{"name":"isLearnBlock","decl":{"start":{"line":664,"column":16},"end":{"line":664,"column":28}},"loc":{"start":{"line":664,"column":38},"end":{"line":666,"column":1}}},"43":{"name":"isReasoningBlock","decl":{"start":{"line":669,"column":16},"end":{"line":669,"column":32}},"loc":{"start":{"line":669,"column":42},"end":{"line":671,"column":1}}},"44":{"name":"isReasoningSequence","decl":{"start":{"line":674,"column":16},"end":{"line":674,"column":35}},"loc":{"start":{"line":674,"column":45},"end":{"line":676,"column":1}}},"45":{"name":"isTryBlock","decl":{"start":{"line":679,"column":16},"end":{"line":679,"column":26}},"loc":{"start":{"line":679,"column":36},"end":{"line":681,"column":1}}},"46":{"name":"isCatchClause","decl":{"start":{"line":684,"column":16},"end":{"line":684,"column":29}},"loc":{"start":{"line":684,"column":39},"end":{"line":686,"column":1}}},"47":{"name":"isThrowExpression","decl":{"start":{"line":689,"column":16},"end":{"line":689,"column":33}},"loc":{"start":{"line":689,"column":43},"end":{"line":691,"column":1}}},"48":{"name":"isControlBlock","decl":{"start":{"line":700,"column":16},"end":{"line":700,"column":30}},"loc":{"start":{"line":700,"column":42},"end":{"line":702,"column":1}}}},"branchMap":{"0":{"loc":{"start":{"line":610,"column":9},"end":{"line":610,"column":38}},"type":"binary-expr","locations":[{"start":{"line":610,"column":9},"end":{"line":610,"column":13}},{"start":{"line":610,"column":17},"end":{"line":610,"column":38}}]},"1":{"loc":{"start":{"line":615,"column":9},"end":{"line":615,"column":40}},"type":"binary-expr","locations":[{"start":{"line":615,"column":9},"end":{"line":615,"column":13}},{"start":{"line":615,"column":17},"end":{"line":615,"column":40}}]},"2":{"loc":{"start":{"line":620,"column":9},"end":{"line":620,"column":50}},"type":"binary-expr","locations":[{"start":{"line":620,"column":9},"end":{"line":620,"column":24}},{"start":{"line":620,"column":28},"end":{"line":620,"column":50}}]},"3":{"loc":{"start":{"line":625,"column":9},"end":{"line":625,"column":47}},"type":"binary-expr","locations":[{"start":{"line":625,"column":9},"end":{"line":625,"column":22}},{"start":{"line":625,"column":26},"end":{"line":625,"column":47}}]},"4":{"loc":{"start":{"line":630,"column":9},"end":{"line":630,"column":46}},"type":"binary-expr","locations":[{"start":{"line":630,"column":9},"end":{"line":630,"column":22}},{"start":{"line":630,"column":26},"end":{"line":630,"column":46}}]},"5":{"loc":{"start":{"line":635,"column":9},"end":{"line":635,"column":41}},"type":"binary-expr","locations":[{"start":{"line":635,"column":9},"end":{"line":635,"column":13}},{"start":{"line":635,"column":17},"end":{"line":635,"column":41}}]},"6":{"loc":{"start":{"line":640,"column":9},"end":{"line":640,"column":38}},"type":"binary-expr","locations":[{"start":{"line":640,"column":9},"end":{"line":640,"column":13}},{"start":{"line":640,"column":17},"end":{"line":640,"column":38}}]},"7":{"loc":{"start":{"line":645,"column":9},"end":{"line":645,"column":39}},"type":"binary-expr","locations":[{"start":{"line":645,"column":9},"end":{"line":645,"column":13}},{"start":{"line":645,"column":17},"end":{"line":645,"column":39}}]},"8":{"loc":{"start":{"line":650,"column":9},"end":{"line":650,"column":39}},"type":"binary-expr","locations":[{"start":{"line":650,"column":9},"end":{"line":650,"column":13}},{"start":{"line":650,"column":17},"end":{"line":650,"column":39}}]},"9":{"loc":{"start":{"line":655,"column":9},"end":{"line":655,"column":37}},"type":"binary-expr","locations":[{"start":{"line":655,"column":9},"end":{"line":655,"column":13}},{"start":{"line":655,"column":17},"end":{"line":655,"column":37}}]},"10":{"loc":{"start":{"line":660,"column":9},"end":{"line":660,"column":45}},"type":"binary-expr","locations":[{"start":{"line":660,"column":9},"end":{"line":660,"column":13}},{"start":{"line":660,"column":17},"end":{"line":660,"column":45}}]},"11":{"loc":{"start":{"line":665,"column":9},"end":{"line":665,"column":44}},"type":"binary-expr","locations":[{"start":{"line":665,"column":9},"end":{"line":665,"column":13}},{"start":{"line":665,"column":17},"end":{"line":665,"column":44}}]},"12":{"loc":{"start":{"line":670,"column":9},"end":{"line":670,"column":48}},"type":"binary-expr","locations":[{"start":{"line":670,"column":9},"end":{"line":670,"column":13}},{"start":{"line":670,"column":17},"end":{"line":670,"column":48}}]},"13":{"loc":{"start":{"line":675,"column":9},"end":{"line":675,"column":51}},"type":"binary-expr","locations":[{"start":{"line":675,"column":9},"end":{"line":675,"column":13}},{"start":{"line":675,"column":17},"end":{"line":675,"column":51}}]},"14":{"loc":{"start":{"line":680,"column":9},"end":{"line":680,"column":42}},"type":"binary-expr","locations":[{"start":{"line":680,"column":9},"end":{"line":680,"column":13}},{"start":{"line":680,"column":17},"end":{"line":680,"column":42}}]},"15":{"loc":{"start":{"line":685,"column":9},"end":{"line":685,"column":45}},"type":"binary-expr","locations":[{"start":{"line":685,"column":9},"end":{"line":685,"column":13}},{"start":{"line":685,"column":17},"end":{"line":685,"column":45}}]},"16":{"loc":{"start":{"line":690,"column":9},"end":{"line":690,"column":38}},"type":"binary-expr","locations":[{"start":{"line":690,"column":9},"end":{"line":690,"column":13}},{"start":{"line":690,"column":17},"end":{"line":690,"column":38}}]}},"s":{"0":9,"1":9,"2":9,"3":9,"4":9,"5":9,"6":9,"7":9,"8":9,"9":9,"10":9,"11":9,"12":9,"13":9,"14":9,"15":9,"16":9,"17":9,"18":9,"19":9,"20":9,"21":9,"22":9,"23":9,"24":9,"25":9,"26":9,"27":9,"28":9,"29":9,"30":9,"31":9,"32":9,"33":9,"34":9,"35":9,"36":9,"37":9,"38":9,"39":9,"40":9,"41":9,"42":9,"43":9,"44":9,"45":9,"46":9,"47":9,"48":9,"49":24099,"50":76120,"51":44890,"52":1,"53":35080,"54":1,"55":0,"56":0,"57":1,"58":4,"59":1,"60":2,"61":1,"62":0,"63":0,"64":1,"65":1,"66":1,"67":1,"68":0,"69":1,"70":1,"71":1,"72":0,"73":0,"74":0,"75":0,"76":0,"77":0,"78":0,"79":0,"80":11994,"81":0,"82":0,"83":0,"84":0,"85":0,"86":0,"87":11963,"88":11963,"89":11964,"90":11964,"91":11964,"92":11964,"93":11964,"94":2,"95":0,"96":2,"97":9,"98":14},"f":{"0":24099,"1":76120,"2":44890,"3":1,"4":35080,"5":1,"6":0,"7":0,"8":1,"9":4,"10":1,"11":2,"12":1,"13":0,"14":0,"15":1,"16":1,"17":1,"18":1,"19":0,"20":1,"21":1,"22":1,"23":0,"24":0,"25":0,"26":0,"27":0,"28":0,"29":0,"30":0,"31":11994,"32":0,"33":0,"34":0,"35":0,"36":0,"37":0,"38":11963,"39":11963,"40":11964,"41":11964,"42":11964,"43":11964,"44":11964,"45":2,"46":0,"47":2,"48":14},"b":{"0":[11994,11994],"1":[0,0],"2":[0,0],"3":[0,0],"4":[0,0],"5":[0,0],"6":[0,0],"7":[11963,11963],"8":[11963,11963],"9":[11964,11964],"10":[11964,11964],"11":[11964,11964],"12":[11964,11964],"13":[11964,11964],"14":[2,2],"15":[0,0],"16":[2,2]}}
,"/data/data/com.termux/files/home/freelang-v9/src/error-formatter.ts": {"path":"/data/data/com.termux/files/home/freelang-v9/src/error-formatter.ts","statementMap":{"0":{"start":{"line":16,"column":0},"end":{"line":16,"column":16}},"1":{"start":{"line":42,"column":0},"end":{"line":42,"column":16}},"2":{"start":{"line":63,"column":0},"end":{"line":63,"column":16}},"3":{"start":{"line":17,"column":12},"end":{"line":17,"column":20}},"4":{"start":{"line":18,"column":12},"end":{"line":18,"column":20}},"5":{"start":{"line":19,"column":25},"end":{"line":20,"column":null}},"6":{"start":{"line":20,"column":4},"end":{"line":20,"column":76}},"7":{"start":{"line":20,"column":45},"end":{"line":20,"column":74}},"8":{"start":{"line":22,"column":2},"end":{"line":30,"column":3}},"9":{"start":{"line":22,"column":15},"end":{"line":22,"column":16}},"10":{"start":{"line":23,"column":4},"end":{"line":29,"column":5}},"11":{"start":{"line":23,"column":17},"end":{"line":23,"column":18}},"12":{"start":{"line":24,"column":6},"end":{"line":28,"column":7}},"13":{"start":{"line":25,"column":8},"end":{"line":25,"column":36}},"14":{"start":{"line":27,"column":8},"end":{"line":27,"column":78}},"15":{"start":{"line":31,"column":2},"end":{"line":31,"column":18}},"16":{"start":{"line":43,"column":28},"end":{"line":43,"column":32}},"17":{"start":{"line":44,"column":17},"end":{"line":44,"column":25}},"18":{"start":{"line":47,"column":20},"end":{"line":47,"column":43}},"19":{"start":{"line":49,"column":2},"end":{"line":55,"column":3}},"20":{"start":{"line":50,"column":17},"end":{"line":50,"column":73}},"21":{"start":{"line":51,"column":4},"end":{"line":54,"column":5}},"22":{"start":{"line":52,"column":6},"end":{"line":52,"column":22}},"23":{"start":{"line":53,"column":6},"end":{"line":53,"column":23}},"24":{"start":{"line":57,"column":2},"end":{"line":57,"column":14}},"25":{"start":{"line":64,"column":26},"end":{"line":64,"column":28}},"26":{"start":{"line":67,"column":15},"end":{"line":67,"column":31}},"27":{"start":{"line":68,"column":2},"end":{"line":76,"column":3}},"28":{"start":{"line":69,"column":4},"end":{"line":69,"column":30}},"29":{"start":{"line":70,"column":4},"end":{"line":75,"column":5}},"30":{"start":{"line":71,"column":6},"end":{"line":71,"column":31}},"31":{"start":{"line":72,"column":6},"end":{"line":74,"column":7}},"32":{"start":{"line":73,"column":8},"end":{"line":73,"column":32}},"33":{"start":{"line":77,"column":2},"end":{"line":77,"column":21}},"34":{"start":{"line":80,"column":2},"end":{"line":102,"column":3}},"35":{"start":{"line":81,"column":21},"end":{"line":81,"column":43}},"36":{"start":{"line":82,"column":23},"end":{"line":82,"column":31}},"37":{"start":{"line":83,"column":22},"end":{"line":83,"column":49}},"38":{"start":{"line":84,"column":20},"end":{"line":84,"column":61}},"39":{"start":{"line":86,"column":4},"end":{"line":101,"column":5}},"40":{"start":{"line":86,"column":17},"end":{"line":86,"column":26}},"41":{"start":{"line":87,"column":22},"end":{"line":87,"column":48}},"42":{"start":{"line":88,"column":22},"end":{"line":88,"column":43}},"43":{"start":{"line":89,"column":6},"end":{"line":89,"column":46}},"44":{"start":{"line":92,"column":6},"end":{"line":100,"column":7}},"45":{"start":{"line":93,"column":20},"end":{"line":93,"column":49}},"46":{"start":{"line":94,"column":23},"end":{"line":94,"column":48}},"47":{"start":{"line":95,"column":23},"end":{"line":95,"column":24}},"48":{"start":{"line":97,"column":27},"end":{"line":97,"column":67}},"49":{"start":{"line":98,"column":8},"end":{"line":98,"column":56}},"50":{"start":{"line":98,"column":24},"end":{"line":98,"column":56}},"51":{"start":{"line":99,"column":8},"end":{"line":99,"column":50}},"52":{"start":{"line":105,"column":2},"end":{"line":105,"column":35}},"53":{"start":{"line":108,"column":2},"end":{"line":110,"column":3}},"54":{"start":{"line":109,"column":4},"end":{"line":109,"column":34}},"55":{"start":{"line":112,"column":2},"end":{"line":112,"column":26}}},"fnMap":{"0":{"name":"levenshtein","decl":{"start":{"line":16,"column":16},"end":{"line":16,"column":27}},"loc":{"start":{"line":16,"column":48},"end":{"line":32,"column":1}}},"1":{"name":"(anonymous_1)","decl":{"start":{"line":19,"column":55},"end":{"line":19,"column":56}},"loc":{"start":{"line":20,"column":4},"end":{"line":20,"column":76}}},"2":{"name":"(anonymous_2)","decl":{"start":{"line":20,"column":34},"end":{"line":20,"column":35}},"loc":{"start":{"line":20,"column":45},"end":{"line":20,"column":74}}},"3":{"name":"suggestSimilar","decl":{"start":{"line":42,"column":16},"end":{"line":42,"column":30}},"loc":{"start":{"line":42,"column":65},"end":{"line":58,"column":1}}},"4":{"name":"formatError","decl":{"start":{"line":63,"column":16},"end":{"line":63,"column":27}},"loc":{"start":{"line":63,"column":46},"end":{"line":113,"column":1}}}},"branchMap":{"0":{"loc":{"start":{"line":20,"column":45},"end":{"line":20,"column":74}},"type":"cond-expr","locations":[{"start":{"line":20,"column":55},"end":{"line":20,"column":56}},{"start":{"line":20,"column":59},"end":{"line":20,"column":74}}]},"1":{"loc":{"start":{"line":20,"column":59},"end":{"line":20,"column":74}},"type":"cond-expr","locations":[{"start":{"line":20,"column":69},"end":{"line":20,"column":70}},{"start":{"line":20,"column":73},"end":{"line":20,"column":74}}]},"2":{"loc":{"start":{"line":24,"column":6},"end":{"line":28,"column":7}},"type":"if","locations":[{"start":{"line":24,"column":6},"end":{"line":28,"column":7}},{"start":{"line":26,"column":13},"end":{"line":28,"column":7}}]},"3":{"loc":{"start":{"line":47,"column":20},"end":{"line":47,"column":43}},"type":"cond-expr","locations":[{"start":{"line":47,"column":38},"end":{"line":47,"column":39}},{"start":{"line":47,"column":42},"end":{"line":47,"column":43}}]},"4":{"loc":{"start":{"line":51,"column":4},"end":{"line":54,"column":5}},"type":"if","locations":[{"start":{"line":51,"column":4},"end":{"line":54,"column":5}}]},"5":{"loc":{"start":{"line":51,"column":8},"end":{"line":51,"column":44}},"type":"binary-expr","locations":[{"start":{"line":51,"column":8},"end":{"line":51,"column":25}},{"start":{"line":51,"column":29},"end":{"line":51,"column":44}}]},"6":{"loc":{"start":{"line":68,"column":2},"end":{"line":76,"column":3}},"type":"if","locations":[{"start":{"line":68,"column":2},"end":{"line":76,"column":3}}]},"7":{"loc":{"start":{"line":70,"column":4},"end":{"line":75,"column":5}},"type":"if","locations":[{"start":{"line":70,"column":4},"end":{"line":75,"column":5}}]},"8":{"loc":{"start":{"line":72,"column":6},"end":{"line":74,"column":7}},"type":"if","locations":[{"start":{"line":72,"column":6},"end":{"line":74,"column":7}}]},"9":{"loc":{"start":{"line":80,"column":2},"end":{"line":102,"column":3}},"type":"if","locations":[{"start":{"line":80,"column":2},"end":{"line":102,"column":3}}]},"10":{"loc":{"start":{"line":80,"column":6},"end":{"line":80,"column":36}},"type":"binary-expr","locations":[{"start":{"line":80,"column":6},"end":{"line":80,"column":16}},{"start":{"line":80,"column":20},"end":{"line":80,"column":36}}]},"11":{"loc":{"start":{"line":88,"column":22},"end":{"line":88,"column":43}},"type":"binary-expr","locations":[{"start":{"line":88,"column":22},"end":{"line":88,"column":37}},{"start":{"line":88,"column":41},"end":{"line":88,"column":43}}]},"12":{"loc":{"start":{"line":92,"column":6},"end":{"line":100,"column":7}},"type":"if","locations":[{"start":{"line":92,"column":6},"end":{"line":100,"column":7}}]},"13":{"loc":{"start":{"line":93,"column":20},"end":{"line":93,"column":49}},"type":"cond-expr","locations":[{"start":{"line":93,"column":38},"end":{"line":93,"column":45}},{"start":{"line":93,"column":48},"end":{"line":93,"column":49}}]},"14":{"loc":{"start":{"line":98,"column":8},"end":{"line":98,"column":56}},"type":"if","locations":[{"start":{"line":98,"column":8},"end":{"line":98,"column":56}}]},"15":{"loc":{"start":{"line":108,"column":2},"end":{"line":110,"column":3}},"type":"if","locations":[{"start":{"line":108,"column":2},"end":{"line":110,"column":3}}]}},"s":{"0":8,"1":8,"2":8,"3":918,"4":918,"5":918,"6":19575,"7":233328,"8":918,"9":918,"10":18657,"11":18657,"12":203764,"13":9970,"14":193794,"15":918,"16":5,"17":5,"18":5,"19":5,"20":918,"21":918,"22":3,"23":3,"24":5,"25":3,"26":3,"27":3,"28":2,"29":2,"30":2,"31":2,"32":2,"33":3,"34":3,"35":1,"36":1,"37":1,"38":1,"39":1,"40":1,"41":3,"42":3,"43":3,"44":3,"45":1,"46":1,"47":1,"48":1,"49":1,"50":1,"51":1,"52":3,"53":3,"54":2,"55":3},"f":{"0":918,"1":19575,"2":233328,"3":5,"4":3},"b":{"0":[10907,222421],"1":[18657,203764],"2":[9970,193794],"3":[5,0],"4":[3],"5":[918,3],"6":[2],"7":[2],"8":[2],"9":[1],"10":[3,1],"11":[3,0],"12":[1],"13":[1,0],"14":[1],"15":[2]}}
,"/data/data/com.termux/files/home/freelang-v9/src/errors.ts": {"path":"/data/data/com.termux/files/home/freelang-v9/src/errors.ts","statementMap":{"0":{"start":{"line":18,"column":4},"end":{"line":18,"column":19}},"1":{"start":{"line":12,"column":11},"end":{"line":12,"column":29}},"2":{"start":{"line":13,"column":11},"end":{"line":13,"column":24}},"3":{"start":{"line":14,"column":11},"end":{"line":14,"column":24}},"4":{"start":{"line":15,"column":11},"end":{"line":15,"column":23}},"5":{"start":{"line":16,"column":11},"end":{"line":16,"column":24}},"6":{"start":{"line":19,"column":4},"end":{"line":19,"column":30}},"7":{"start":{"line":20,"column":4},"end":{"line":20,"column":55}},"8":{"start":{"line":9,"column":0},"end":{"line":9,"column":13}},"9":{"start":{"line":36,"column":22},"end":{"line":36,"column":55}},"10":{"start":{"line":37,"column":4},"end":{"line":37,"column":92}},"11":{"start":{"line":38,"column":4},"end":{"line":38,"column":38}},"12":{"start":{"line":39,"column":4},"end":{"line":39,"column":63}},"13":{"start":{"line":27,"column":0},"end":{"line":27,"column":13}},"14":{"start":{"line":55,"column":4},"end":{"line":62,"column":6}},"15":{"start":{"line":63,"column":4},"end":{"line":63,"column":39}},"16":{"start":{"line":64,"column":4},"end":{"line":64,"column":64}},"17":{"start":{"line":46,"column":0},"end":{"line":46,"column":13}},"18":{"start":{"line":73,"column":4},"end":{"line":73,"column":79}},"19":{"start":{"line":74,"column":4},"end":{"line":74,"column":46}},"20":{"start":{"line":75,"column":4},"end":{"line":75,"column":71}},"21":{"start":{"line":71,"column":0},"end":{"line":71,"column":13}},"22":{"start":{"line":92,"column":4},"end":{"line":99,"column":6}},"23":{"start":{"line":100,"column":4},"end":{"line":100,"column":44}},"24":{"start":{"line":101,"column":4},"end":{"line":101,"column":69}},"25":{"start":{"line":82,"column":0},"end":{"line":82,"column":13}},"26":{"start":{"line":116,"column":20},"end":{"line":116,"column":42}},"27":{"start":{"line":117,"column":4},"end":{"line":117,"column":59}},"28":{"start":{"line":110,"column":11},"end":{"line":110,"column":31}},"29":{"start":{"line":111,"column":11},"end":{"line":111,"column":24}},"30":{"start":{"line":112,"column":11},"end":{"line":112,"column":24}},"31":{"start":{"line":113,"column":11},"end":{"line":113,"column":23}},"32":{"start":{"line":114,"column":11},"end":{"line":114,"column":24}},"33":{"start":{"line":118,"column":4},"end":{"line":118,"column":40}},"34":{"start":{"line":119,"column":4},"end":{"line":119,"column":65}},"35":{"start":{"line":108,"column":0},"end":{"line":108,"column":13}}},"fnMap":{"0":{"name":"(anonymous_0)","decl":{"start":{"line":10,"column":2},"end":{"line":10,"column":null}},"loc":{"start":{"line":16,"column":24},"end":{"line":21,"column":3}}},"1":{"name":"(anonymous_1)","decl":{"start":{"line":28,"column":2},"end":{"line":28,"column":null}},"loc":{"start":{"line":34,"column":17},"end":{"line":40,"column":3}}},"2":{"name":"(anonymous_2)","decl":{"start":{"line":47,"column":2},"end":{"line":47,"column":null}},"loc":{"start":{"line":53,"column":17},"end":{"line":65,"column":3}}},"3":{"name":"(anonymous_3)","decl":{"start":{"line":72,"column":2},"end":{"line":72,"column":14}},"loc":{"start":{"line":72,"column":47},"end":{"line":76,"column":3}}},"4":{"name":"(anonymous_4)","decl":{"start":{"line":83,"column":2},"end":{"line":83,"column":null}},"loc":{"start":{"line":90,"column":17},"end":{"line":102,"column":3}}},"5":{"name":"(anonymous_5)","decl":{"start":{"line":109,"column":2},"end":{"line":109,"column":null}},"loc":{"start":{"line":114,"column":24},"end":{"line":120,"column":3}}}},"branchMap":{"0":{"loc":{"start":{"line":36,"column":22},"end":{"line":36,"column":55}},"type":"cond-expr","locations":[{"start":{"line":36,"column":31},"end":{"line":36,"column":50}},{"start":{"line":36,"column":53},"end":{"line":36,"column":55}}]},"1":{"loc":{"start":{"line":116,"column":20},"end":{"line":116,"column":42}},"type":"cond-expr","locations":[{"start":{"line":116,"column":27},"end":{"line":116,"column":37}},{"start":{"line":116,"column":40},"end":{"line":116,"column":42}}]}},"s":{"0":4,"1":4,"2":4,"3":4,"4":4,"5":4,"6":4,"7":4,"8":8,"9":1,"10":1,"11":1,"12":1,"13":8,"14":1,"15":1,"16":1,"17":8,"18":1,"19":1,"20":1,"21":8,"22":1,"23":1,"24":1,"25":8,"26":3,"27":3,"28":3,"29":3,"30":3,"31":3,"32":3,"33":3,"34":3,"35":8},"f":{"0":4,"1":1,"2":1,"3":1,"4":1,"5":3},"b":{"0":[1,0],"1":[2,1]}}
,"/data/data/com.termux/files/home/freelang-v9/src/eval-builtins.ts": {"path":"/data/data/com.termux/files/home/freelang-v9/src/eval-builtins.ts","statementMap":{"0":{"start":{"line":83,"column":0},"end":{"line":83,"column":16}},"1":{"start":{"line":3483,"column":0},"end":{"line":3483,"column":16}},"2":{"start":{"line":3686,"column":0},"end":{"line":3686,"column":16}},"3":{"start":{"line":3845,"column":0},"end":{"line":3845,"column":16}},"4":{"start":{"line":3984,"column":0},"end":{"line":3984,"column":16}},"5":{"start":{"line":4244,"column":0},"end":{"line":4244,"column":16}},"6":{"start":{"line":4749,"column":0},"end":{"line":4749,"column":16}},"7":{"start":{"line":4878,"column":0},"end":{"line":4878,"column":16}},"8":{"start":{"line":18,"column":0},"end":{"line":18,"column":50}},"9":{"start":{"line":19,"column":0},"end":{"line":19,"column":null}},"10":{"start":{"line":24,"column":0},"end":{"line":24,"column":50}},"11":{"start":{"line":25,"column":0},"end":{"line":25,"column":null}},"12":{"start":{"line":30,"column":0},"end":{"line":30,"column":67}},"13":{"start":{"line":31,"column":0},"end":{"line":31,"column":53}},"14":{"start":{"line":32,"column":0},"end":{"line":32,"column":47}},"15":{"start":{"line":33,"column":0},"end":{"line":33,"column":34}},"16":{"start":{"line":34,"column":0},"end":{"line":34,"column":68}},"17":{"start":{"line":35,"column":0},"end":{"line":35,"column":65}},"18":{"start":{"line":36,"column":0},"end":{"line":36,"column":90}},"19":{"start":{"line":37,"column":0},"end":{"line":37,"column":66}},"20":{"start":{"line":38,"column":0},"end":{"line":38,"column":41}},"21":{"start":{"line":39,"column":0},"end":{"line":39,"column":76}},"22":{"start":{"line":40,"column":0},"end":{"line":40,"column":67}},"23":{"start":{"line":41,"column":0},"end":{"line":41,"column":40}},"24":{"start":{"line":42,"column":0},"end":{"line":42,"column":62}},"25":{"start":{"line":43,"column":0},"end":{"line":43,"column":104}},"26":{"start":{"line":44,"column":0},"end":{"line":44,"column":51}},"27":{"start":{"line":45,"column":0},"end":{"line":45,"column":48}},"28":{"start":{"line":46,"column":0},"end":{"line":46,"column":51}},"29":{"start":{"line":47,"column":0},"end":{"line":47,"column":55}},"30":{"start":{"line":48,"column":0},"end":{"line":48,"column":42}},"31":{"start":{"line":49,"column":0},"end":{"line":49,"column":76}},"32":{"start":{"line":50,"column":0},"end":{"line":50,"column":62}},"33":{"start":{"line":51,"column":0},"end":{"line":51,"column":46}},"34":{"start":{"line":52,"column":0},"end":{"line":52,"column":74}},"35":{"start":{"line":53,"column":0},"end":{"line":53,"column":75}},"36":{"start":{"line":54,"column":0},"end":{"line":54,"column":68}},"37":{"start":{"line":55,"column":0},"end":{"line":55,"column":60}},"38":{"start":{"line":56,"column":0},"end":{"line":56,"column":45}},"39":{"start":{"line":57,"column":0},"end":{"line":57,"column":74}},"40":{"start":{"line":58,"column":0},"end":{"line":58,"column":71}},"41":{"start":{"line":59,"column":0},"end":{"line":59,"column":80}},"42":{"start":{"line":60,"column":0},"end":{"line":60,"column":61}},"43":{"start":{"line":61,"column":0},"end":{"line":61,"column":82}},"44":{"start":{"line":62,"column":0},"end":{"line":62,"column":90}},"45":{"start":{"line":63,"column":0},"end":{"line":63,"column":156}},"46":{"start":{"line":64,"column":0},"end":{"line":64,"column":135}},"47":{"start":{"line":65,"column":0},"end":{"line":65,"column":100}},"48":{"start":{"line":66,"column":0},"end":{"line":66,"column":114}},"49":{"start":{"line":67,"column":0},"end":{"line":67,"column":110}},"50":{"start":{"line":68,"column":0},"end":{"line":68,"column":165}},"51":{"start":{"line":69,"column":0},"end":{"line":69,"column":103}},"52":{"start":{"line":70,"column":0},"end":{"line":70,"column":92}},"53":{"start":{"line":71,"column":0},"end":{"line":71,"column":142}},"54":{"start":{"line":72,"column":0},"end":{"line":72,"column":80}},"55":{"start":{"line":73,"column":0},"end":{"line":73,"column":131}},"56":{"start":{"line":74,"column":0},"end":{"line":74,"column":112}},"57":{"start":{"line":75,"column":0},"end":{"line":75,"column":93}},"58":{"start":{"line":76,"column":0},"end":{"line":76,"column":120}},"59":{"start":{"line":77,"column":0},"end":{"line":77,"column":102}},"60":{"start":{"line":78,"column":0},"end":{"line":78,"column":49}},"61":{"start":{"line":79,"column":0},"end":{"line":79,"column":90}},"62":{"start":{"line":80,"column":0},"end":{"line":80,"column":44}},"63":{"start":{"line":85,"column":13},"end":{"line":85,"column":54}},"64":{"start":{"line":85,"column":29},"end":{"line":85,"column":54}},"65":{"start":{"line":86,"column":17},"end":{"line":86,"column":75}},"66":{"start":{"line":86,"column":41},"end":{"line":86,"column":75}},"67":{"start":{"line":87,"column":19},"end":{"line":87,"column":88}},"68":{"start":{"line":87,"column":48},"end":{"line":87,"column":88}},"69":{"start":{"line":88,"column":20},"end":{"line":88,"column":83}},"70":{"start":{"line":88,"column":44},"end":{"line":88,"column":83}},"71":{"start":{"line":89,"column":20},"end":{"line":89,"column":70}},"72":{"start":{"line":89,"column":35},"end":{"line":89,"column":70}},"73":{"start":{"line":91,"column":2},"end":{"line":3460,"column":3}},"74":{"start":{"line":94,"column":6},"end":{"line":94,"column":61}},"75":{"start":{"line":94,"column":51},"end":{"line":94,"column":56}},"76":{"start":{"line":96,"column":6},"end":{"line":96,"column":89}},"77":{"start":{"line":96,"column":82},"end":{"line":96,"column":87}},"78":{"start":{"line":98,"column":6},"end":{"line":98,"column":61}},"79":{"start":{"line":98,"column":51},"end":{"line":98,"column":56}},"80":{"start":{"line":100,"column":6},"end":{"line":100,"column":92}},"81":{"start":{"line":100,"column":85},"end":{"line":100,"column":90}},"82":{"start":{"line":102,"column":6},"end":{"line":102,"column":31}},"83":{"start":{"line":106,"column":6},"end":{"line":106,"column":33}},"84":{"start":{"line":108,"column":6},"end":{"line":108,"column":31}},"85":{"start":{"line":110,"column":6},"end":{"line":110,"column":31}},"86":{"start":{"line":112,"column":6},"end":{"line":112,"column":32}},"87":{"start":{"line":114,"column":6},"end":{"line":114,"column":32}},"88":{"start":{"line":116,"column":6},"end":{"line":116,"column":33}},"89":{"start":{"line":120,"column":6},"end":{"line":120,"column":39}},"90":{"start":{"line":120,"column":36},"end":{"line":120,"column":37}},"91":{"start":{"line":122,"column":6},"end":{"line":122,"column":38}},"92":{"start":{"line":122,"column":35},"end":{"line":122,"column":36}},"93":{"start":{"line":124,"column":6},"end":{"line":124,"column":22}},"94":{"start":{"line":128,"column":6},"end":{"line":128,"column":73}},"95":{"start":{"line":128,"column":48},"end":{"line":128,"column":60}},"96":{"start":{"line":129,"column":6},"end":{"line":129,"column":18}},"97":{"start":{"line":132,"column":6},"end":{"line":132,"column":57}},"98":{"start":{"line":132,"column":42},"end":{"line":132,"column":54}},"99":{"start":{"line":133,"column":6},"end":{"line":133,"column":18}},"100":{"start":{"line":135,"column":6},"end":{"line":135,"column":80}},"101":{"start":{"line":135,"column":48},"end":{"line":135,"column":60}},"102":{"start":{"line":136,"column":6},"end":{"line":136,"column":18}},"103":{"start":{"line":138,"column":6},"end":{"line":138,"column":57}},"104":{"start":{"line":138,"column":34},"end":{"line":138,"column":46}},"105":{"start":{"line":140,"column":6},"end":{"line":140,"column":46}},"106":{"start":{"line":142,"column":24},"end":{"line":142,"column":42}},"107":{"start":{"line":143,"column":6},"end":{"line":143,"column":29}},"108":{"start":{"line":144,"column":6},"end":{"line":144,"column":21}},"109":{"start":{"line":149,"column":6},"end":{"line":149,"column":56}},"110":{"start":{"line":149,"column":35},"end":{"line":149,"column":56}},"111":{"start":{"line":151,"column":6},"end":{"line":151,"column":56}},"112":{"start":{"line":151,"column":35},"end":{"line":151,"column":56}},"113":{"start":{"line":152,"column":6},"end":{"line":152,"column":48}},"114":{"start":{"line":154,"column":6},"end":{"line":154,"column":47}},"115":{"start":{"line":156,"column":6},"end":{"line":156,"column":47}},"116":{"start":{"line":158,"column":6},"end":{"line":158,"column":34}},"117":{"start":{"line":162,"column":6},"end":{"line":162,"column":18}},"118":{"start":{"line":164,"column":6},"end":{"line":164,"column":96}},"119":{"start":{"line":166,"column":6},"end":{"line":166,"column":31}},"120":{"start":{"line":168,"column":6},"end":{"line":170,"column":7}},"121":{"start":{"line":169,"column":8},"end":{"line":169,"column":40}},"122":{"start":{"line":171,"column":6},"end":{"line":171,"column":52}},"123":{"start":{"line":173,"column":6},"end":{"line":173,"column":64}},"124":{"start":{"line":173,"column":34},"end":{"line":173,"column":64}},"125":{"start":{"line":174,"column":6},"end":{"line":174,"column":44}},"126":{"start":{"line":176,"column":20},"end":{"line":176,"column":27}},"127":{"start":{"line":177,"column":21},"end":{"line":177,"column":58}},"128":{"start":{"line":178,"column":6},"end":{"line":182,"column":7}},"129":{"start":{"line":179,"column":8},"end":{"line":179,"column":33}},"130":{"start":{"line":180,"column":13},"end":{"line":182,"column":7}},"131":{"start":{"line":181,"column":8},"end":{"line":181,"column":67}},"132":{"start":{"line":181,"column":41},"end":{"line":181,"column":65}},"133":{"start":{"line":183,"column":6},"end":{"line":183,"column":20}},"134":{"start":{"line":188,"column":6},"end":{"line":188,"column":91}},"135":{"start":{"line":188,"column":32},"end":{"line":188,"column":91}},"136":{"start":{"line":189,"column":23},"end":{"line":189,"column":39}},"137":{"start":{"line":190,"column":20},"end":{"line":190,"column":46}},"138":{"start":{"line":191,"column":6},"end":{"line":205,"column":9}},"139":{"start":{"line":192,"column":8},"end":{"line":204,"column":18}},"140":{"start":{"line":193,"column":10},"end":{"line":203,"column":11}},"141":{"start":{"line":194,"column":12},"end":{"line":200,"column":13}},"142":{"start":{"line":195,"column":14},"end":{"line":195,"column":34}},"143":{"start":{"line":196,"column":19},"end":{"line":200,"column":13}},"144":{"start":{"line":197,"column":14},"end":{"line":197,"column":47}},"145":{"start":{"line":199,"column":14},"end":{"line":199,"column":75}},"146":{"start":{"line":202,"column":12},"end":{"line":202,"column":31}},"147":{"start":{"line":209,"column":6},"end":{"line":209,"column":86}},"148":{"start":{"line":209,"column":32},"end":{"line":209,"column":86}},"149":{"start":{"line":210,"column":23},"end":{"line":210,"column":39}},"150":{"start":{"line":211,"column":6},"end":{"line":226,"column":7}},"151":{"start":{"line":212,"column":8},"end":{"line":223,"column":11}},"152":{"start":{"line":213,"column":10},"end":{"line":222,"column":11}},"153":{"start":{"line":214,"column":35},"end":{"line":214,"column":96}},"154":{"start":{"line":214,"column":81},"end":{"line":214,"column":94}},"155":{"start":{"line":215,"column":34},"end":{"line":218,"column":14}},"156":{"start":{"line":217,"column":32},"end":{"line":217,"column":94}},"157":{"start":{"line":219,"column":12},"end":{"line":219,"column":65}},"158":{"start":{"line":221,"column":12},"end":{"line":221,"column":31}},"159":{"start":{"line":225,"column":8},"end":{"line":225,"column":63}},"160":{"start":{"line":231,"column":29},"end":{"line":231,"column":31}},"161":{"start":{"line":232,"column":24},"end":{"line":232,"column":36}},"162":{"start":{"line":233,"column":6},"end":{"line":244,"column":7}},"163":{"start":{"line":234,"column":8},"end":{"line":237,"column":11}},"164":{"start":{"line":235,"column":10},"end":{"line":235,"column":105}},"165":{"start":{"line":235,"column":82},"end":{"line":235,"column":105}},"166":{"start":{"line":236,"column":10},"end":{"line":236,"column":61}},"167":{"start":{"line":238,"column":13},"end":{"line":244,"column":7}},"168":{"start":{"line":239,"column":8},"end":{"line":239,"column":43}},"169":{"start":{"line":240,"column":13},"end":{"line":244,"column":7}},"170":{"start":{"line":241,"column":8},"end":{"line":241,"column":95}},"171":{"start":{"line":241,"column":55},"end":{"line":241,"column":92}},"172":{"start":{"line":243,"column":8},"end":{"line":243,"column":54}},"173":{"start":{"line":245,"column":6},"end":{"line":250,"column":8}},"174":{"start":{"line":256,"column":6},"end":{"line":262,"column":7}},"175":{"start":{"line":258,"column":8},"end":{"line":258,"column":22}},"176":{"start":{"line":258,"column":23},"end":{"line":258,"column":45}},"177":{"start":{"line":258,"column":46},"end":{"line":258,"column":65}},"178":{"start":{"line":261,"column":8},"end":{"line":261,"column":27}},"179":{"start":{"line":261,"column":28},"end":{"line":261,"column":50}},"180":{"start":{"line":261,"column":51},"end":{"line":261,"column":71}},"181":{"start":{"line":263,"column":6},"end":{"line":263,"column":71}},"182":{"start":{"line":263,"column":31},"end":{"line":263,"column":71}},"183":{"start":{"line":264,"column":6},"end":{"line":266,"column":7}},"184":{"start":{"line":265,"column":8},"end":{"line":265,"column":60}},"185":{"start":{"line":267,"column":6},"end":{"line":267,"column":25}},"186":{"start":{"line":272,"column":6},"end":{"line":272,"column":101}},"187":{"start":{"line":272,"column":86},"end":{"line":272,"column":101}},"188":{"start":{"line":273,"column":6},"end":{"line":282,"column":7}},"189":{"start":{"line":274,"column":41},"end":{"line":274,"column":43}},"190":{"start":{"line":275,"column":8},"end":{"line":280,"column":9}},"191":{"start":{"line":275,"column":21},"end":{"line":275,"column":22}},"192":{"start":{"line":276,"column":20},"end":{"line":276,"column":30}},"193":{"start":{"line":277,"column":24},"end":{"line":277,"column":38}},"194":{"start":{"line":278,"column":10},"end":{"line":278,"column":85}},"195":{"start":{"line":278,"column":62},"end":{"line":278,"column":85}},"196":{"start":{"line":279,"column":10},"end":{"line":279,"column":56}},"197":{"start":{"line":279,"column":39},"end":{"line":279,"column":56}},"198":{"start":{"line":281,"column":8},"end":{"line":281,"column":19}},"199":{"start":{"line":283,"column":6},"end":{"line":283,"column":21}},"200":{"start":{"line":285,"column":6},"end":{"line":285,"column":31}},"201":{"start":{"line":289,"column":6},"end":{"line":289,"column":38}},"202":{"start":{"line":291,"column":6},"end":{"line":291,"column":51}},"203":{"start":{"line":295,"column":6},"end":{"line":295,"column":114}},"204":{"start":{"line":297,"column":6},"end":{"line":297,"column":90}},"205":{"start":{"line":297,"column":61},"end":{"line":297,"column":90}},"206":{"start":{"line":298,"column":6},"end":{"line":298,"column":60}},"207":{"start":{"line":300,"column":6},"end":{"line":302,"column":13}},"208":{"start":{"line":304,"column":6},"end":{"line":304,"column":42}},"209":{"start":{"line":306,"column":6},"end":{"line":306,"column":42}},"210":{"start":{"line":308,"column":6},"end":{"line":308,"column":68}},"211":{"start":{"line":311,"column":6},"end":{"line":311,"column":39}},"212":{"start":{"line":313,"column":6},"end":{"line":313,"column":55}},"213":{"start":{"line":315,"column":6},"end":{"line":315,"column":27}},"214":{"start":{"line":317,"column":6},"end":{"line":317,"column":56}},"215":{"start":{"line":319,"column":6},"end":{"line":319,"column":56}},"216":{"start":{"line":321,"column":6},"end":{"line":321,"column":62}},"217":{"start":{"line":323,"column":6},"end":{"line":323,"column":62}},"218":{"start":{"line":325,"column":6},"end":{"line":325,"column":41}},"219":{"start":{"line":327,"column":6},"end":{"line":327,"column":41}},"220":{"start":{"line":329,"column":6},"end":{"line":329,"column":42}},"221":{"start":{"line":331,"column":6},"end":{"line":331,"column":36}},"222":{"start":{"line":333,"column":6},"end":{"line":333,"column":88}},"223":{"start":{"line":335,"column":6},"end":{"line":335,"column":116}},"224":{"start":{"line":338,"column":6},"end":{"line":338,"column":29}},"225":{"start":{"line":343,"column":6},"end":{"line":343,"column":41}},"226":{"start":{"line":345,"column":6},"end":{"line":348,"column":7}},"227":{"start":{"line":346,"column":18},"end":{"line":346,"column":109}},"228":{"start":{"line":347,"column":8},"end":{"line":347,"column":44}},"229":{"start":{"line":349,"column":6},"end":{"line":349,"column":21}},"230":{"start":{"line":351,"column":6},"end":{"line":351,"column":73}},"231":{"start":{"line":351,"column":34},"end":{"line":351,"column":73}},"232":{"start":{"line":352,"column":6},"end":{"line":352,"column":78}},"233":{"start":{"line":352,"column":39},"end":{"line":352,"column":78}},"234":{"start":{"line":353,"column":6},"end":{"line":353,"column":16}},"235":{"start":{"line":355,"column":6},"end":{"line":355,"column":102}},"236":{"start":{"line":358,"column":6},"end":{"line":358,"column":71}},"237":{"start":{"line":362,"column":6},"end":{"line":362,"column":63}},"238":{"start":{"line":364,"column":6},"end":{"line":364,"column":70}},"239":{"start":{"line":366,"column":6},"end":{"line":366,"column":70}},"240":{"start":{"line":368,"column":6},"end":{"line":368,"column":103}},"241":{"start":{"line":368,"column":70},"end":{"line":368,"column":103}},"242":{"start":{"line":369,"column":6},"end":{"line":369,"column":67}},"243":{"start":{"line":369,"column":34},"end":{"line":369,"column":67}},"244":{"start":{"line":370,"column":6},"end":{"line":370,"column":19}},"245":{"start":{"line":372,"column":6},"end":{"line":372,"column":110}},"246":{"start":{"line":374,"column":6},"end":{"line":374,"column":108}},"247":{"start":{"line":376,"column":6},"end":{"line":376,"column":104}},"248":{"start":{"line":378,"column":6},"end":{"line":380,"column":13}},"249":{"start":{"line":382,"column":6},"end":{"line":382,"column":103}},"250":{"start":{"line":386,"column":6},"end":{"line":386,"column":45}},"251":{"start":{"line":386,"column":35},"end":{"line":386,"column":45}},"252":{"start":{"line":387,"column":23},"end":{"line":387,"column":30}},"253":{"start":{"line":388,"column":6},"end":{"line":388,"column":74}},"254":{"start":{"line":388,"column":42},"end":{"line":388,"column":74}},"255":{"start":{"line":389,"column":6},"end":{"line":391,"column":7}},"256":{"start":{"line":390,"column":8},"end":{"line":390,"column":74}},"257":{"start":{"line":390,"column":45},"end":{"line":390,"column":72}},"258":{"start":{"line":392,"column":6},"end":{"line":392,"column":21}},"259":{"start":{"line":395,"column":6},"end":{"line":402,"column":7}},"260":{"start":{"line":396,"column":23},"end":{"line":396,"column":30}},"261":{"start":{"line":397,"column":8},"end":{"line":397,"column":78}},"262":{"start":{"line":397,"column":42},"end":{"line":397,"column":78}},"263":{"start":{"line":398,"column":8},"end":{"line":400,"column":9}},"264":{"start":{"line":399,"column":10},"end":{"line":399,"column":80}},"265":{"start":{"line":399,"column":45},"end":{"line":399,"column":70}},"266":{"start":{"line":401,"column":8},"end":{"line":401,"column":39}},"267":{"start":{"line":403,"column":6},"end":{"line":403,"column":16}},"268":{"start":{"line":405,"column":6},"end":{"line":405,"column":95}},"269":{"start":{"line":407,"column":6},"end":{"line":407,"column":105}},"270":{"start":{"line":407,"column":34},"end":{"line":407,"column":105}},"271":{"start":{"line":408,"column":6},"end":{"line":408,"column":110}},"272":{"start":{"line":408,"column":39},"end":{"line":408,"column":110}},"273":{"start":{"line":409,"column":6},"end":{"line":409,"column":91}},"274":{"start":{"line":409,"column":59},"end":{"line":409,"column":91}},"275":{"start":{"line":410,"column":6},"end":{"line":410,"column":18}},"276":{"start":{"line":412,"column":6},"end":{"line":414,"column":7}},"277":{"start":{"line":413,"column":8},"end":{"line":413,"column":50}},"278":{"start":{"line":415,"column":6},"end":{"line":415,"column":36}},"279":{"start":{"line":417,"column":6},"end":{"line":420,"column":7}},"280":{"start":{"line":418,"column":42},"end":{"line":418,"column":49}},"281":{"start":{"line":419,"column":8},"end":{"line":419,"column":20}},"282":{"start":{"line":421,"column":6},"end":{"line":421,"column":27}},"283":{"start":{"line":424,"column":6},"end":{"line":424,"column":45}},"284":{"start":{"line":424,"column":35},"end":{"line":424,"column":45}},"285":{"start":{"line":425,"column":22},"end":{"line":425,"column":126}},"286":{"start":{"line":425,"column":45},"end":{"line":425,"column":126}},"287":{"start":{"line":425,"column":70},"end":{"line":425,"column":121}},"288":{"start":{"line":426,"column":6},"end":{"line":426,"column":30}},"289":{"start":{"line":429,"column":6},"end":{"line":429,"column":65}},"290":{"start":{"line":431,"column":6},"end":{"line":431,"column":45}},"291":{"start":{"line":431,"column":35},"end":{"line":431,"column":45}},"292":{"start":{"line":432,"column":6},"end":{"line":435,"column":9}},"293":{"start":{"line":433,"column":8},"end":{"line":433,"column":73}},"294":{"start":{"line":433,"column":60},"end":{"line":433,"column":73}},"295":{"start":{"line":434,"column":8},"end":{"line":434,"column":50}},"296":{"start":{"line":437,"column":6},"end":{"line":437,"column":52}},"297":{"start":{"line":437,"column":35},"end":{"line":437,"column":52}},"298":{"start":{"line":438,"column":6},"end":{"line":438,"column":35}},"299":{"start":{"line":440,"column":6},"end":{"line":440,"column":95}},"300":{"start":{"line":442,"column":6},"end":{"line":442,"column":78}},"301":{"start":{"line":444,"column":6},"end":{"line":444,"column":52}},"302":{"start":{"line":444,"column":35},"end":{"line":444,"column":52}},"303":{"start":{"line":445,"column":6},"end":{"line":445,"column":35}},"304":{"start":{"line":449,"column":6},"end":{"line":449,"column":28}},"305":{"start":{"line":451,"column":6},"end":{"line":451,"column":29}},"306":{"start":{"line":453,"column":6},"end":{"line":453,"column":30}},"307":{"start":{"line":457,"column":6},"end":{"line":457,"column":31}},"308":{"start":{"line":459,"column":6},"end":{"line":459,"column":31}},"309":{"start":{"line":461,"column":6},"end":{"line":461,"column":31}},"310":{"start":{"line":463,"column":6},"end":{"line":463,"column":33}},"311":{"start":{"line":465,"column":6},"end":{"line":465,"column":32}},"312":{"start":{"line":467,"column":6},"end":{"line":467,"column":33}},"313":{"start":{"line":469,"column":6},"end":{"line":469,"column":32}},"314":{"start":{"line":471,"column":6},"end":{"line":471,"column":40}},"315":{"start":{"line":473,"column":6},"end":{"line":473,"column":31}},"316":{"start":{"line":475,"column":6},"end":{"line":475,"column":31}},"317":{"start":{"line":477,"column":6},"end":{"line":477,"column":31}},"318":{"start":{"line":479,"column":6},"end":{"line":479,"column":31}},"319":{"start":{"line":481,"column":6},"end":{"line":481,"column":31}},"320":{"start":{"line":483,"column":6},"end":{"line":483,"column":27}},"321":{"start":{"line":485,"column":6},"end":{"line":485,"column":59}},"322":{"start":{"line":489,"column":6},"end":{"line":489,"column":25}},"323":{"start":{"line":493,"column":6},"end":{"line":498,"column":7}},"324":{"start":{"line":494,"column":23},"end":{"line":494,"column":47}},"325":{"start":{"line":495,"column":26},"end":{"line":495,"column":47}},"326":{"start":{"line":496,"column":27},"end":{"line":496,"column":63}},"327":{"start":{"line":497,"column":8},"end":{"line":497,"column":89}},"328":{"start":{"line":500,"column":6},"end":{"line":500,"column":47}},"329":{"start":{"line":503,"column":6},"end":{"line":503,"column":61}},"330":{"start":{"line":505,"column":6},"end":{"line":505,"column":58}},"331":{"start":{"line":507,"column":6},"end":{"line":507,"column":60}},"332":{"start":{"line":509,"column":6},"end":{"line":509,"column":61}},"333":{"start":{"line":511,"column":6},"end":{"line":511,"column":62}},"334":{"start":{"line":513,"column":21},"end":{"line":513,"column":65}},"335":{"start":{"line":514,"column":6},"end":{"line":514,"column":67}},"336":{"start":{"line":517,"column":6},"end":{"line":517,"column":68}},"337":{"start":{"line":519,"column":6},"end":{"line":519,"column":67}},"338":{"start":{"line":522,"column":6},"end":{"line":522,"column":57}},"339":{"start":{"line":525,"column":6},"end":{"line":525,"column":94}},"340":{"start":{"line":525,"column":32},"end":{"line":525,"column":94}},"341":{"start":{"line":526,"column":20},"end":{"line":526,"column":36}},"342":{"start":{"line":527,"column":26},"end":{"line":527,"column":42}},"343":{"start":{"line":528,"column":6},"end":{"line":530,"column":7}},"344":{"start":{"line":529,"column":8},"end":{"line":529,"column":97}},"345":{"start":{"line":531,"column":6},"end":{"line":533,"column":7}},"346":{"start":{"line":532,"column":8},"end":{"line":532,"column":99}},"347":{"start":{"line":534,"column":6},"end":{"line":542,"column":7}},"348":{"start":{"line":535,"column":28},"end":{"line":535,"column":30}},"349":{"start":{"line":536,"column":8},"end":{"line":540,"column":9}},"350":{"start":{"line":537,"column":30},"end":{"line":537,"column":57}},"351":{"start":{"line":538,"column":10},"end":{"line":539,"column":40}},"352":{"start":{"line":538,"column":42},"end":{"line":538,"column":78}},"353":{"start":{"line":539,"column":15},"end":{"line":539,"column":40}},"354":{"start":{"line":541,"column":8},"end":{"line":541,"column":22}},"355":{"start":{"line":543,"column":6},"end":{"line":545,"column":7}},"356":{"start":{"line":544,"column":8},"end":{"line":544,"column":100}},"357":{"start":{"line":546,"column":6},"end":{"line":553,"column":7}},"358":{"start":{"line":547,"column":8},"end":{"line":551,"column":9}},"359":{"start":{"line":548,"column":25},"end":{"line":548,"column":68}},"360":{"start":{"line":549,"column":10},"end":{"line":549,"column":104}},"361":{"start":{"line":549,"column":90},"end":{"line":549,"column":104}},"362":{"start":{"line":550,"column":10},"end":{"line":550,"column":24}},"363":{"start":{"line":552,"column":8},"end":{"line":552,"column":21}},"364":{"start":{"line":554,"column":6},"end":{"line":560,"column":7}},"365":{"start":{"line":555,"column":23},"end":{"line":555,"column":66}},"366":{"start":{"line":556,"column":8},"end":{"line":558,"column":9}},"367":{"start":{"line":557,"column":10},"end":{"line":557,"column":113}},"368":{"start":{"line":559,"column":8},"end":{"line":559,"column":22}},"369":{"start":{"line":561,"column":6},"end":{"line":561,"column":54}},"370":{"start":{"line":570,"column":19},"end":{"line":570,"column":26}},"371":{"start":{"line":571,"column":19},"end":{"line":571,"column":51}},"372":{"start":{"line":572,"column":6},"end":{"line":572,"column":70}},"373":{"start":{"line":572,"column":27},"end":{"line":572,"column":31}},"374":{"start":{"line":572,"column":39},"end":{"line":572,"column":68}},"375":{"start":{"line":577,"column":17},"end":{"line":577,"column":24}},"376":{"start":{"line":578,"column":22},"end":{"line":578,"column":29}},"377":{"start":{"line":579,"column":22},"end":{"line":579,"column":49}},"378":{"start":{"line":579,"column":34},"end":{"line":579,"column":49}},"379":{"start":{"line":580,"column":23},"end":{"line":581,"column":56}},"380":{"start":{"line":581,"column":8},"end":{"line":581,"column":56}},"381":{"start":{"line":581,"column":22},"end":{"line":581,"column":25}},"382":{"start":{"line":581,"column":33},"end":{"line":581,"column":55}},"383":{"start":{"line":582,"column":6},"end":{"line":582,"column":31}},"384":{"start":{"line":587,"column":6},"end":{"line":594,"column":7}},"385":{"start":{"line":589,"column":8},"end":{"line":589,"column":27}},"386":{"start":{"line":590,"column":13},"end":{"line":594,"column":7}},"387":{"start":{"line":591,"column":8},"end":{"line":591,"column":36}},"388":{"start":{"line":593,"column":8},"end":{"line":593,"column":42}},"389":{"start":{"line":599,"column":16},"end":{"line":599,"column":33}},"390":{"start":{"line":600,"column":18},"end":{"line":600,"column":25}},"391":{"start":{"line":601,"column":6},"end":{"line":601,"column":77}},"392":{"start":{"line":606,"column":16},"end":{"line":606,"column":33}},"393":{"start":{"line":607,"column":18},"end":{"line":607,"column":25}},"394":{"start":{"line":608,"column":6},"end":{"line":608,"column":50}},"395":{"start":{"line":608,"column":30},"end":{"line":608,"column":50}},"396":{"start":{"line":609,"column":6},"end":{"line":609,"column":50}},"397":{"start":{"line":614,"column":19},"end":{"line":614,"column":26}},"398":{"start":{"line":615,"column":18},"end":{"line":615,"column":25}},"399":{"start":{"line":616,"column":24},"end":{"line":616,"column":71}},"400":{"start":{"line":616,"column":45},"end":{"line":616,"column":71}},"401":{"start":{"line":617,"column":23},"end":{"line":626,"column":7}},"402":{"start":{"line":618,"column":8},"end":{"line":618,"column":28}},"403":{"start":{"line":618,"column":16},"end":{"line":618,"column":28}},"404":{"start":{"line":620,"column":34},"end":{"line":620,"column":35}},"405":{"start":{"line":621,"column":8},"end":{"line":621,"column":69}},"406":{"start":{"line":621,"column":49},"end":{"line":621,"column":69}},"407":{"start":{"line":622,"column":8},"end":{"line":622,"column":30}},"408":{"start":{"line":622,"column":18},"end":{"line":622,"column":30}},"409":{"start":{"line":623,"column":18},"end":{"line":623,"column":31}},"410":{"start":{"line":624,"column":18},"end":{"line":624,"column":31}},"411":{"start":{"line":625,"column":8},"end":{"line":625,"column":51}},"412":{"start":{"line":625,"column":29},"end":{"line":625,"column":30}},"413":{"start":{"line":625,"column":38},"end":{"line":625,"column":49}},"414":{"start":{"line":627,"column":6},"end":{"line":627,"column":51}},"415":{"start":{"line":632,"column":17},"end":{"line":632,"column":24}},"416":{"start":{"line":633,"column":19},"end":{"line":633,"column":26}},"417":{"start":{"line":634,"column":20},"end":{"line":638,"column":7}},"418":{"start":{"line":635,"column":8},"end":{"line":635,"column":28}},"419":{"start":{"line":635,"column":16},"end":{"line":635,"column":28}},"420":{"start":{"line":636,"column":18},"end":{"line":636,"column":29}},"421":{"start":{"line":637,"column":8},"end":{"line":637,"column":73}},"422":{"start":{"line":637,"column":29},"end":{"line":637,"column":44}},"423":{"start":{"line":637,"column":52},"end":{"line":637,"column":71}},"424":{"start":{"line":639,"column":6},"end":{"line":639,"column":50}},"425":{"start":{"line":644,"column":19},"end":{"line":644,"column":26}},"426":{"start":{"line":645,"column":18},"end":{"line":645,"column":25}},"427":{"start":{"line":646,"column":6},"end":{"line":653,"column":7}},"428":{"start":{"line":647,"column":30},"end":{"line":647,"column":32}},"429":{"start":{"line":648,"column":8},"end":{"line":651,"column":9}},"430":{"start":{"line":649,"column":10},"end":{"line":649,"column":40}},"431":{"start":{"line":649,"column":34},"end":{"line":649,"column":40}},"432":{"start":{"line":650,"column":10},"end":{"line":650,"column":25}},"433":{"start":{"line":652,"column":8},"end":{"line":652,"column":22}},"434":{"start":{"line":654,"column":26},"end":{"line":664,"column":7}},"435":{"start":{"line":655,"column":30},"end":{"line":655,"column":32}},"436":{"start":{"line":656,"column":18},"end":{"line":656,"column":19}},"437":{"start":{"line":657,"column":8},"end":{"line":662,"column":9}},"438":{"start":{"line":658,"column":20},"end":{"line":658,"column":33}},"439":{"start":{"line":659,"column":10},"end":{"line":659,"column":40}},"440":{"start":{"line":659,"column":34},"end":{"line":659,"column":40}},"441":{"start":{"line":660,"column":10},"end":{"line":660,"column":25}},"442":{"start":{"line":661,"column":10},"end":{"line":661,"column":30}},"443":{"start":{"line":663,"column":8},"end":{"line":663,"column":22}},"444":{"start":{"line":665,"column":6},"end":{"line":665,"column":54}},"445":{"start":{"line":670,"column":6},"end":{"line":670,"column":59}},"446":{"start":{"line":673,"column":6},"end":{"line":673,"column":59}},"447":{"start":{"line":678,"column":6},"end":{"line":678,"column":32}},"448":{"start":{"line":684,"column":24},"end":{"line":684,"column":68}},"449":{"start":{"line":685,"column":6},"end":{"line":685,"column":43}},"450":{"start":{"line":690,"column":18},"end":{"line":690,"column":43}},"451":{"start":{"line":691,"column":22},"end":{"line":691,"column":29}},"452":{"start":{"line":692,"column":76},"end":{"line":692,"column":78}},"453":{"start":{"line":693,"column":6},"end":{"line":702,"column":7}},"454":{"start":{"line":693,"column":19},"end":{"line":693,"column":20}},"455":{"start":{"line":694,"column":20},"end":{"line":694,"column":32}},"456":{"start":{"line":695,"column":8},"end":{"line":701,"column":9}},"457":{"start":{"line":696,"column":22},"end":{"line":696,"column":48}},"458":{"start":{"line":697,"column":22},"end":{"line":697,"column":29}},"459":{"start":{"line":698,"column":10},"end":{"line":700,"column":62}},"460":{"start":{"line":698,"column":33},"end":{"line":698,"column":61}},"461":{"start":{"line":699,"column":15},"end":{"line":700,"column":62}},"462":{"start":{"line":699,"column":34},"end":{"line":699,"column":87}},"463":{"start":{"line":700,"column":15},"end":{"line":700,"column":62}},"464":{"start":{"line":700,"column":36},"end":{"line":700,"column":62}},"465":{"start":{"line":703,"column":6},"end":{"line":703,"column":36}},"466":{"start":{"line":708,"column":18},"end":{"line":708,"column":43}},"467":{"start":{"line":709,"column":6},"end":{"line":709,"column":46}},"468":{"start":{"line":714,"column":18},"end":{"line":714,"column":43}},"469":{"start":{"line":715,"column":6},"end":{"line":715,"column":34}},"470":{"start":{"line":716,"column":6},"end":{"line":716,"column":18}},"471":{"start":{"line":721,"column":18},"end":{"line":721,"column":43}},"472":{"start":{"line":722,"column":6},"end":{"line":722,"column":24}},"473":{"start":{"line":727,"column":18},"end":{"line":727,"column":43}},"474":{"start":{"line":728,"column":6},"end":{"line":728,"column":25}},"475":{"start":{"line":733,"column":18},"end":{"line":733,"column":43}},"476":{"start":{"line":734,"column":6},"end":{"line":734,"column":42}},"477":{"start":{"line":739,"column":18},"end":{"line":739,"column":43}},"478":{"start":{"line":740,"column":18},"end":{"line":740,"column":63}},"479":{"start":{"line":741,"column":6},"end":{"line":741,"column":29}},"480":{"start":{"line":748,"column":6},"end":{"line":748,"column":27}},"481":{"start":{"line":752,"column":6},"end":{"line":752,"column":28}},"482":{"start":{"line":756,"column":6},"end":{"line":756,"column":29}},"483":{"start":{"line":760,"column":6},"end":{"line":760,"column":40}},"484":{"start":{"line":764,"column":16},"end":{"line":764,"column":23}},"485":{"start":{"line":765,"column":17},"end":{"line":765,"column":24}},"486":{"start":{"line":766,"column":6},"end":{"line":766,"column":51}},"487":{"start":{"line":766,"column":34},"end":{"line":766,"column":49}},"488":{"start":{"line":771,"column":16},"end":{"line":771,"column":23}},"489":{"start":{"line":772,"column":17},"end":{"line":772,"column":24}},"490":{"start":{"line":773,"column":6},"end":{"line":773,"column":52}},"491":{"start":{"line":773,"column":35},"end":{"line":773,"column":50}},"492":{"start":{"line":778,"column":16},"end":{"line":778,"column":23}},"493":{"start":{"line":779,"column":17},"end":{"line":779,"column":24}},"494":{"start":{"line":780,"column":6},"end":{"line":780,"column":53}},"495":{"start":{"line":780,"column":36},"end":{"line":780,"column":51}},"496":{"start":{"line":785,"column":16},"end":{"line":785,"column":23}},"497":{"start":{"line":786,"column":17},"end":{"line":786,"column":24}},"498":{"start":{"line":787,"column":6},"end":{"line":787,"column":53}},"499":{"start":{"line":787,"column":36},"end":{"line":787,"column":51}},"500":{"start":{"line":792,"column":16},"end":{"line":792,"column":23}},"501":{"start":{"line":793,"column":6},"end":{"line":793,"column":45}},"502":{"start":{"line":793,"column":21},"end":{"line":793,"column":45}},"503":{"start":{"line":794,"column":6},"end":{"line":794,"column":43}},"504":{"start":{"line":799,"column":18},"end":{"line":799,"column":25}},"505":{"start":{"line":800,"column":6},"end":{"line":800,"column":72}},"506":{"start":{"line":800,"column":32},"end":{"line":800,"column":72}},"507":{"start":{"line":801,"column":6},"end":{"line":801,"column":86}},"508":{"start":{"line":801,"column":35},"end":{"line":801,"column":86}},"509":{"start":{"line":802,"column":6},"end":{"line":802,"column":17}},"510":{"start":{"line":808,"column":18},"end":{"line":808,"column":33}},"511":{"start":{"line":809,"column":20},"end":{"line":809,"column":27}},"512":{"start":{"line":810,"column":6},"end":{"line":810,"column":80}},"513":{"start":{"line":811,"column":6},"end":{"line":811,"column":18}},"514":{"start":{"line":816,"column":18},"end":{"line":816,"column":33}},"515":{"start":{"line":817,"column":20},"end":{"line":817,"column":27}},"516":{"start":{"line":818,"column":18},"end":{"line":818,"column":63}},"517":{"start":{"line":819,"column":6},"end":{"line":819,"column":70}},"518":{"start":{"line":820,"column":6},"end":{"line":820,"column":18}},"519":{"start":{"line":825,"column":18},"end":{"line":825,"column":33}},"520":{"start":{"line":826,"column":23},"end":{"line":826,"column":55}},"521":{"start":{"line":827,"column":6},"end":{"line":827,"column":48}},"522":{"start":{"line":832,"column":18},"end":{"line":832,"column":33}},"523":{"start":{"line":833,"column":6},"end":{"line":833,"column":38}},"524":{"start":{"line":838,"column":17},"end":{"line":838,"column":32}},"525":{"start":{"line":839,"column":19},"end":{"line":839,"column":34}},"526":{"start":{"line":840,"column":22},"end":{"line":840,"column":35}},"527":{"start":{"line":841,"column":22},"end":{"line":841,"column":29}},"528":{"start":{"line":842,"column":6},"end":{"line":842,"column":68}},"529":{"start":{"line":847,"column":20},"end":{"line":847,"column":35}},"530":{"start":{"line":848,"column":6},"end":{"line":848,"column":48}},"531":{"start":{"line":853,"column":6},"end":{"line":853,"column":39}},"532":{"start":{"line":854,"column":6},"end":{"line":854,"column":18}},"533":{"start":{"line":859,"column":6},"end":{"line":859,"column":39}},"534":{"start":{"line":864,"column":6},"end":{"line":864,"column":34}},"535":{"start":{"line":865,"column":6},"end":{"line":865,"column":18}},"536":{"start":{"line":870,"column":20},"end":{"line":870,"column":72}},"537":{"start":{"line":871,"column":6},"end":{"line":871,"column":38}},"538":{"start":{"line":876,"column":6},"end":{"line":876,"column":34}},"539":{"start":{"line":881,"column":6},"end":{"line":881,"column":41}},"540":{"start":{"line":886,"column":18},"end":{"line":886,"column":33}},"541":{"start":{"line":887,"column":6},"end":{"line":887,"column":43}},"542":{"start":{"line":892,"column":23},"end":{"line":892,"column":38}},"543":{"start":{"line":893,"column":44},"end":{"line":895,"column":12}},"544":{"start":{"line":896,"column":21},"end":{"line":896,"column":71}},"545":{"start":{"line":897,"column":6},"end":{"line":897,"column":87}},"546":{"start":{"line":897,"column":27},"end":{"line":897,"column":87}},"547":{"start":{"line":898,"column":6},"end":{"line":898,"column":27}},"548":{"start":{"line":903,"column":6},"end":{"line":903,"column":59}},"549":{"start":{"line":903,"column":51},"end":{"line":903,"column":57}},"550":{"start":{"line":909,"column":17},"end":{"line":909,"column":32}},"551":{"start":{"line":910,"column":22},"end":{"line":910,"column":37}},"552":{"start":{"line":911,"column":23},"end":{"line":911,"column":83}},"553":{"start":{"line":912,"column":6},"end":{"line":912,"column":47}},"554":{"start":{"line":913,"column":6},"end":{"line":913,"column":18}},"555":{"start":{"line":918,"column":20},"end":{"line":918,"column":35}},"556":{"start":{"line":919,"column":19},"end":{"line":919,"column":60}},"557":{"start":{"line":920,"column":22},"end":{"line":920,"column":53}},"558":{"start":{"line":921,"column":6},"end":{"line":921,"column":87}},"559":{"start":{"line":921,"column":31},"end":{"line":921,"column":84}},"560":{"start":{"line":926,"column":20},"end":{"line":926,"column":35}},"561":{"start":{"line":927,"column":19},"end":{"line":927,"column":60}},"562":{"start":{"line":928,"column":21},"end":{"line":928,"column":53}},"563":{"start":{"line":929,"column":6},"end":{"line":929,"column":30}},"564":{"start":{"line":934,"column":6},"end":{"line":934,"column":30}},"565":{"start":{"line":939,"column":17},"end":{"line":939,"column":32}},"566":{"start":{"line":940,"column":6},"end":{"line":940,"column":34}},"567":{"start":{"line":947,"column":22},"end":{"line":947,"column":37}},"568":{"start":{"line":948,"column":24},"end":{"line":948,"column":31}},"569":{"start":{"line":949,"column":22},"end":{"line":951,"column":7}},"570":{"start":{"line":950,"column":8},"end":{"line":950,"column":45}},"571":{"start":{"line":952,"column":6},"end":{"line":952,"column":47}},"572":{"start":{"line":957,"column":19},"end":{"line":957,"column":34}},"573":{"start":{"line":958,"column":17},"end":{"line":958,"column":32}},"574":{"start":{"line":959,"column":22},"end":{"line":959,"column":29}},"575":{"start":{"line":960,"column":6},"end":{"line":960,"column":47}},"576":{"start":{"line":965,"column":19},"end":{"line":965,"column":34}},"577":{"start":{"line":966,"column":22},"end":{"line":966,"column":29}},"578":{"start":{"line":967,"column":6},"end":{"line":967,"column":48}},"579":{"start":{"line":972,"column":22},"end":{"line":972,"column":37}},"580":{"start":{"line":973,"column":6},"end":{"line":973,"column":37}},"581":{"start":{"line":978,"column":22},"end":{"line":978,"column":37}},"582":{"start":{"line":979,"column":6},"end":{"line":979,"column":40}},"583":{"start":{"line":984,"column":6},"end":{"line":984,"column":30}},"584":{"start":{"line":989,"column":6},"end":{"line":989,"column":33}},"585":{"start":{"line":994,"column":22},"end":{"line":994,"column":37}},"586":{"start":{"line":995,"column":6},"end":{"line":995,"column":42}},"587":{"start":{"line":1001,"column":27},"end":{"line":1001,"column":34}},"588":{"start":{"line":1002,"column":6},"end":{"line":1004,"column":7}},"589":{"start":{"line":1003,"column":8},"end":{"line":1003,"column":63}},"590":{"start":{"line":1005,"column":51},"end":{"line":1015,"column":8}},"591":{"start":{"line":1006,"column":8},"end":{"line":1013,"column":9}},"592":{"start":{"line":1007,"column":33},"end":{"line":1007,"column":37}},"593":{"start":{"line":1008,"column":10},"end":{"line":1012,"column":36}},"594":{"start":{"line":1009,"column":12},"end":{"line":1009,"column":54}},"595":{"start":{"line":1009,"column":42},"end":{"line":1009,"column":54}},"596":{"start":{"line":1010,"column":12},"end":{"line":1010,"column":74}},"597":{"start":{"line":1010,"column":52},"end":{"line":1010,"column":74}},"598":{"start":{"line":1011,"column":12},"end":{"line":1011,"column":22}},"599":{"start":{"line":1014,"column":8},"end":{"line":1014,"column":74}},"600":{"start":{"line":1016,"column":6},"end":{"line":1016,"column":40}},"601":{"start":{"line":1022,"column":21},"end":{"line":1022,"column":28}},"602":{"start":{"line":1023,"column":24},"end":{"line":1023,"column":63}},"603":{"start":{"line":1024,"column":21},"end":{"line":1024,"column":72}},"604":{"start":{"line":1025,"column":6},"end":{"line":1025,"column":26}},"605":{"start":{"line":1030,"column":21},"end":{"line":1030,"column":28}},"606":{"start":{"line":1031,"column":24},"end":{"line":1031,"column":63}},"607":{"start":{"line":1032,"column":21},"end":{"line":1032,"column":72}},"608":{"start":{"line":1033,"column":6},"end":{"line":1033,"column":27}},"609":{"start":{"line":1038,"column":21},"end":{"line":1038,"column":28}},"610":{"start":{"line":1039,"column":21},"end":{"line":1039,"column":66}},"611":{"start":{"line":1040,"column":6},"end":{"line":1040,"column":29}},"612":{"start":{"line":1046,"column":21},"end":{"line":1046,"column":35}},"613":{"start":{"line":1047,"column":6},"end":{"line":1047,"column":16}},"614":{"start":{"line":1052,"column":23},"end":{"line":1052,"column":38}},"615":{"start":{"line":1053,"column":22},"end":{"line":1053,"column":43}},"616":{"start":{"line":1054,"column":20},"end":{"line":1054,"column":39}},"617":{"start":{"line":1055,"column":6},"end":{"line":1055,"column":81}},"618":{"start":{"line":1055,"column":18},"end":{"line":1055,"column":81}},"619":{"start":{"line":1056,"column":6},"end":{"line":1056,"column":27}},"620":{"start":{"line":1057,"column":6},"end":{"line":1057,"column":18}},"621":{"start":{"line":1062,"column":23},"end":{"line":1062,"column":38}},"622":{"start":{"line":1063,"column":20},"end":{"line":1063,"column":39}},"623":{"start":{"line":1064,"column":6},"end":{"line":1064,"column":79}},"624":{"start":{"line":1064,"column":18},"end":{"line":1064,"column":79}},"625":{"start":{"line":1065,"column":6},"end":{"line":1065,"column":18}},"626":{"start":{"line":1066,"column":6},"end":{"line":1066,"column":18}},"627":{"start":{"line":1071,"column":23},"end":{"line":1071,"column":38}},"628":{"start":{"line":1072,"column":20},"end":{"line":1072,"column":39}},"629":{"start":{"line":1073,"column":6},"end":{"line":1073,"column":83}},"630":{"start":{"line":1073,"column":18},"end":{"line":1073,"column":83}},"631":{"start":{"line":1074,"column":6},"end":{"line":1074,"column":29}},"632":{"start":{"line":1079,"column":23},"end":{"line":1079,"column":38}},"633":{"start":{"line":1080,"column":20},"end":{"line":1080,"column":39}},"634":{"start":{"line":1081,"column":6},"end":{"line":1081,"column":30}},"635":{"start":{"line":1081,"column":18},"end":{"line":1081,"column":30}},"636":{"start":{"line":1082,"column":6},"end":{"line":1082,"column":28}},"637":{"start":{"line":1087,"column":23},"end":{"line":1087,"column":38}},"638":{"start":{"line":1088,"colum
[...]
":{"line":102,"column":9}},"29":{"start":{"line":80,"column":10},"end":{"line":80,"column":14}},"30":{"start":{"line":81,"column":10},"end":{"line":81,"column":16}},"31":{"start":{"line":82,"column":22},"end":{"line":82,"column":31}},"32":{"start":{"line":83,"column":10},"end":{"line":90,"column":11}},"33":{"start":{"line":84,"column":22},"end":{"line":84,"column":36}},"34":{"start":{"line":84,"column":37},"end":{"line":84,"column":43}},"35":{"start":{"line":85,"column":22},"end":{"line":85,"column":36}},"36":{"start":{"line":85,"column":37},"end":{"line":85,"column":43}},"37":{"start":{"line":86,"column":22},"end":{"line":86,"column":36}},"38":{"start":{"line":86,"column":37},"end":{"line":86,"column":43}},"39":{"start":{"line":87,"column":23},"end":{"line":87,"column":37}},"40":{"start":{"line":87,"column":38},"end":{"line":87,"column":44}},"41":{"start":{"line":88,"column":22},"end":{"line":88,"column":35}},"42":{"start":{"line":88,"column":36},"end":{"line":88,"column":42}},"43":{"start":{"line":89,"column":21},"end":{"line":89,"column":34}},"44":{"start":{"line":91,"column":10},"end":{"line":91,"column":14}},"45":{"start":{"line":92,"column":10},"end":{"line":92,"column":16}},"46":{"start":{"line":94,"column":10},"end":{"line":99,"column":11}},"47":{"start":{"line":95,"column":12},"end":{"line":95,"column":19}},"48":{"start":{"line":96,"column":12},"end":{"line":96,"column":20}},"49":{"start":{"line":98,"column":12},"end":{"line":98,"column":18}},"50":{"start":{"line":100,"column":10},"end":{"line":100,"column":29}},"51":{"start":{"line":101,"column":10},"end":{"line":101,"column":14}},"52":{"start":{"line":105,"column":6},"end":{"line":107,"column":7}},"53":{"start":{"line":106,"column":8},"end":{"line":106,"column":80}},"54":{"start":{"line":109,"column":6},"end":{"line":109,"column":10}},"55":{"start":{"line":109,"column":11},"end":{"line":109,"column":17}},"56":{"start":{"line":110,"column":6},"end":{"line":110,"column":66}},"57":{"start":{"line":111,"column":6},"end":{"line":111,"column":15}},"58":{"start":{"line":115,"column":4},"end":{"line":120,"column":5}},"59":{"start":{"line":116,"column":6},"end":{"line":116,"column":63}},"60":{"start":{"line":117,"column":6},"end":{"line":117,"column":10}},"61":{"start":{"line":118,"column":6},"end":{"line":118,"column":12}},"62":{"start":{"line":119,"column":6},"end":{"line":119,"column":15}},"63":{"start":{"line":121,"column":4},"end":{"line":126,"column":5}},"64":{"start":{"line":122,"column":6},"end":{"line":122,"column":63}},"65":{"start":{"line":123,"column":6},"end":{"line":123,"column":10}},"66":{"start":{"line":124,"column":6},"end":{"line":124,"column":12}},"67":{"start":{"line":125,"column":6},"end":{"line":125,"column":15}},"68":{"start":{"line":129,"column":4},"end":{"line":134,"column":5}},"69":{"start":{"line":130,"column":6},"end":{"line":130,"column":61}},"70":{"start":{"line":131,"column":6},"end":{"line":131,"column":10}},"71":{"start":{"line":132,"column":6},"end":{"line":132,"column":12}},"72":{"start":{"line":133,"column":6},"end":{"line":133,"column":15}},"73":{"start":{"line":135,"column":4},"end":{"line":140,"column":5}},"74":{"start":{"line":136,"column":6},"end":{"line":136,"column":61}},"75":{"start":{"line":137,"column":6},"end":{"line":137,"column":10}},"76":{"start":{"line":138,"column":6},"end":{"line":138,"column":12}},"77":{"start":{"line":139,"column":6},"end":{"line":139,"column":15}},"78":{"start":{"line":143,"column":4},"end":{"line":148,"column":5}},"79":{"start":{"line":144,"column":6},"end":{"line":144,"column":61}},"80":{"start":{"line":145,"column":6},"end":{"line":145,"column":10}},"81":{"start":{"line":146,"column":6},"end":{"line":146,"column":12}},"82":{"start":{"line":147,"column":6},"end":{"line":147,"column":15}},"83":{"start":{"line":149,"column":4},"end":{"line":154,"column":5}},"84":{"start":{"line":150,"column":6},"end":{"line":150,"column":61}},"85":{"start":{"line":151,"column":6},"end":{"line":151,"column":10}},"86":{"start":{"line":152,"column":6},"end":{"line":152,"column":12}},"87":{"start":{"line":153,"column":6},"end":{"line":153,"column":15}},"88":{"start":{"line":157,"column":4},"end":{"line":170,"column":5}},"89":{"start":{"line":158,"column":23},"end":{"line":158,"column":26}},"90":{"start":{"line":160,"column":6},"end":{"line":168,"column":7}},"91":{"start":{"line":161,"column":8},"end":{"line":161,"column":74}},"92":{"start":{"line":162,"column":8},"end":{"line":162,"column":15}},"93":{"start":{"line":163,"column":8},"end":{"line":163,"column":17}},"94":{"start":{"line":165,"column":8},"end":{"line":165,"column":73}},"95":{"start":{"line":166,"column":8},"end":{"line":166,"column":12}},"96":{"start":{"line":167,"column":8},"end":{"line":167,"column":14}},"97":{"start":{"line":169,"column":6},"end":{"line":169,"column":15}},"98":{"start":{"line":173,"column":4},"end":{"line":179,"column":5}},"99":{"start":{"line":174,"column":23},"end":{"line":174,"column":26}},"100":{"start":{"line":175,"column":6},"end":{"line":175,"column":70}},"101":{"start":{"line":176,"column":6},"end":{"line":176,"column":10}},"102":{"start":{"line":177,"column":6},"end":{"line":177,"column":12}},"103":{"start":{"line":178,"column":6},"end":{"line":178,"column":15}},"104":{"start":{"line":182,"column":4},"end":{"line":201,"column":5}},"105":{"start":{"line":183,"column":20},"end":{"line":183,"column":21}},"106":{"start":{"line":184,"column":23},"end":{"line":184,"column":26}},"107":{"start":{"line":185,"column":6},"end":{"line":185,"column":10}},"108":{"start":{"line":186,"column":6},"end":{"line":186,"column":12}},"109":{"start":{"line":188,"column":20},"end":{"line":188,"column":22}},"110":{"start":{"line":189,"column":6},"end":{"line":193,"column":7}},"111":{"start":{"line":190,"column":8},"end":{"line":190,"column":29}},"112":{"start":{"line":191,"column":8},"end":{"line":191,"column":12}},"113":{"start":{"line":192,"column":8},"end":{"line":192,"column":14}},"114":{"start":{"line":195,"column":6},"end":{"line":197,"column":7}},"115":{"start":{"line":196,"column":8},"end":{"line":196,"column":91}},"116":{"start":{"line":199,"column":6},"end":{"line":199,"column":77}},"117":{"start":{"line":200,"column":6},"end":{"line":200,"column":15}},"118":{"start":{"line":204,"column":4},"end":{"line":216,"column":5}},"119":{"start":{"line":205,"column":20},"end":{"line":205,"column":21}},"120":{"start":{"line":206,"column":23},"end":{"line":206,"column":26}},"121":{"start":{"line":208,"column":6},"end":{"line":211,"column":7}},"122":{"start":{"line":209,"column":8},"end":{"line":209,"column":12}},"123":{"start":{"line":210,"column":8},"end":{"line":210,"column":14}},"124":{"start":{"line":213,"column":20},"end":{"line":213,"column":42}},"125":{"start":{"line":214,"column":6},"end":{"line":214,"column":66}},"126":{"start":{"line":215,"column":6},"end":{"line":215,"column":15}},"127":{"start":{"line":222,"column":4},"end":{"line":239,"column":5}},"128":{"start":{"line":223,"column":20},"end":{"line":223,"column":21}},"129":{"start":{"line":224,"column":23},"end":{"line":224,"column":26}},"130":{"start":{"line":226,"column":6},"end":{"line":229,"column":7}},"131":{"start":{"line":227,"column":8},"end":{"line":227,"column":12}},"132":{"start":{"line":228,"column":8},"end":{"line":228,"column":14}},"133":{"start":{"line":231,"column":20},"end":{"line":231,"column":42}},"134":{"start":{"line":234,"column":26},"end":{"line":234,"column":52}},"135":{"start":{"line":235,"column":24},"end":{"line":235,"column":47}},"136":{"start":{"line":237,"column":6},"end":{"line":237,"column":67}},"137":{"start":{"line":238,"column":6},"end":{"line":238,"column":15}},"138":{"start":{"line":241,"column":4},"end":{"line":241,"column":80}},"139":{"start":{"line":244,"column":2},"end":{"line":244,"column":53}},"140":{"start":{"line":245,"column":2},"end":{"line":245,"column":16}}},"fnMap":{"0":{"name":"getKeywordTokenType","decl":{"start":{"line":41,"column":9},"end":{"line":41,"column":28}},"loc":{"start":{"line":41,"column":41},"end":{"line":43,"column":1}}},"1":{"name":"lex","decl":{"start":{"line":45,"column":16},"end":{"line":45,"column":19}},"loc":{"start":{"line":45,"column":34},"end":{"line":246,"column":1}}}},"branchMap":{"0":{"loc":{"start":{"line":42,"column":9},"end":{"line":42,"column":35}},"type":"binary-expr","locations":[{"start":{"line":42,"column":9},"end":{"line":42,"column":27}},{"start":{"line":42,"column":31},"end":{"line":42,"column":35}}]},"1":{"loc":{"start":{"line":53,"column":4},"end":{"line":62,"column":5}},"type":"if","locations":[{"start":{"line":53,"column":4},"end":{"line":62,"column":5}}]},"2":{"loc":{"start":{"line":54,"column":6},"end":{"line":59,"column":7}},"type":"if","locations":[{"start":{"line":54,"column":6},"end":{"line":59,"column":7}},{"start":{"line":57,"column":13},"end":{"line":59,"column":7}}]},"3":{"loc":{"start":{"line":65,"column":4},"end":{"line":68,"column":5}},"type":"if","locations":[{"start":{"line":65,"column":4},"end":{"line":68,"column":5}}]},"4":{"loc":{"start":{"line":66,"column":13},"end":{"line":66,"column":52}},"type":"binary-expr","locations":[{"start":{"line":66,"column":13},"end":{"line":66,"column":30}},{"start":{"line":66,"column":34},"end":{"line":66,"column":52}}]},"5":{"loc":{"start":{"line":71,"column":4},"end":{"line":112,"column":5}},"type":"if","locations":[{"start":{"line":71,"column":4},"end":{"line":112,"column":5}}]},"6":{"loc":{"start":{"line":78,"column":13},"end":{"line":78,"column":51}},"type":"binary-expr","locations":[{"start":{"line":78,"column":13},"end":{"line":78,"column":30}},{"start":{"line":78,"column":34},"end":{"line":78,"column":51}}]},"7":{"loc":{"start":{"line":79,"column":8},"end":{"line":102,"column":9}},"type":"if","locations":[{"start":{"line":79,"column":8},"end":{"line":102,"column":9}},{"start":{"line":93,"column":15},"end":{"line":102,"column":9}}]},"8":{"loc":{"start":{"line":79,"column":12},"end":{"line":79,"column":55}},"type":"binary-expr","locations":[{"start":{"line":79,"column":12},"end":{"line":79,"column":30}},{"start":{"line":79,"column":34},"end":{"line":79,"column":55}}]},"9":{"loc":{"start":{"line":83,"column":10},"end":{"line":90,"column":11}},"type":"switch","locations":[{"start":{"line":84,"column":12},"end":{"line":84,"column":43}},{"start":{"line":85,"column":12},"end":{"line":85,"column":43}},{"start":{"line":86,"column":12},"end":{"line":86,"column":43}},{"start":{"line":87,"column":12},"end":{"line":87,"column":44}},{"start":{"line":88,"column":12},"end":{"line":88,"column":42}},{"start":{"line":89,"column":12},"end":{"line":89,"column":34}}]},"10":{"loc":{"start":{"line":94,"column":10},"end":{"line":99,"column":11}},"type":"if","locations":[{"start":{"line":94,"column":10},"end":{"line":99,"column":11}},{"start":{"line":97,"column":17},"end":{"line":99,"column":11}}]},"11":{"loc":{"start":{"line":105,"column":6},"end":{"line":107,"column":7}},"type":"if","locations":[{"start":{"line":105,"column":6},"end":{"line":107,"column":7}}]},"12":{"loc":{"start":{"line":115,"column":4},"end":{"line":120,"column":5}},"type":"if","locations":[{"start":{"line":115,"column":4},"end":{"line":120,"column":5}}]},"13":{"loc":{"start":{"line":121,"column":4},"end":{"line":126,"column":5}},"type":"if","locations":[{"start":{"line":121,"column":4},"end":{"line":126,"column":5}}]},"14":{"loc":{"start":{"line":129,"column":4},"end":{"line":134,"column":5}},"type":"if","locations":[{"start":{"line":129,"column":4},"end":{"line":134,"column":5}}]},"15":{"loc":{"start":{"line":135,"column":4},"end":{"line":140,"column":5}},"type":"if","locations":[{"start":{"line":135,"column":4},"end":{"line":140,"column":5}}]},"16":{"loc":{"start":{"line":143,"column":4},"end":{"line":148,"column":5}},"type":"if","locations":[{"start":{"line":143,"column":4},"end":{"line":148,"column":5}}]},"17":{"loc":{"start":{"line":149,"column":4},"end":{"line":154,"column":5}},"type":"if","locations":[{"start":{"line":149,"column":4},"end":{"line":154,"column":5}}]},"18":{"loc":{"start":{"line":157,"column":4},"end":{"line":170,"column":5}},"type":"if","locations":[{"start":{"line":157,"column":4},"end":{"line":170,"column":5}}]},"19":{"loc":{"start":{"line":160,"column":6},"end":{"line":168,"column":7}},"type":"if","locations":[{"start":{"line":160,"column":6},"end":{"line":168,"column":7}},{"start":{"line":164,"column":13},"end":{"line":168,"column":7}}]},"20":{"loc":{"start":{"line":160,"column":10},"end":{"line":160,"column":56}},"type":"binary-expr","locations":[{"start":{"line":160,"column":10},"end":{"line":160,"column":31}},{"start":{"line":160,"column":35},"end":{"line":160,"column":56}}]},"21":{"loc":{"start":{"line":173,"column":4},"end":{"line":179,"column":5}},"type":"if","locations":[{"start":{"line":173,"column":4},"end":{"line":179,"column":5}}]},"22":{"loc":{"start":{"line":182,"column":4},"end":{"line":201,"column":5}},"type":"if","locations":[{"start":{"line":182,"column":4},"end":{"line":201,"column":5}}]},"23":{"loc":{"start":{"line":189,"column":13},"end":{"line":189,"column":65}},"type":"binary-expr","locations":[{"start":{"line":189,"column":13},"end":{"line":189,"column":30}},{"start":{"line":189,"column":34},"end":{"line":189,"column":65}}]},"24":{"loc":{"start":{"line":195,"column":6},"end":{"line":197,"column":7}},"type":"if","locations":[{"start":{"line":195,"column":6},"end":{"line":197,"column":7}}]},"25":{"loc":{"start":{"line":204,"column":4},"end":{"line":216,"column":5}},"type":"if","locations":[{"start":{"line":204,"column":4},"end":{"line":216,"column":5}}]},"26":{"loc":{"start":{"line":208,"column":13},"end":{"line":208,"column":57}},"type":"binary-expr","locations":[{"start":{"line":208,"column":13},"end":{"line":208,"column":30}},{"start":{"line":208,"column":34},"end":{"line":208,"column":57}}]},"27":{"loc":{"start":{"line":222,"column":4},"end":{"line":239,"column":5}},"type":"if","locations":[{"start":{"line":222,"column":4},"end":{"line":239,"column":5}}]},"28":{"loc":{"start":{"line":226,"column":13},"end":{"line":226,"column":77}},"type":"binary-expr","locations":[{"start":{"line":226,"column":13},"end":{"line":226,"column":30}},{"start":{"line":226,"column":34},"end":{"line":226,"column":77}}]},"29":{"loc":{"start":{"line":235,"column":24},"end":{"line":235,"column":47}},"type":"binary-expr","locations":[{"start":{"line":235,"column":24},"end":{"line":235,"column":35}},{"start":{"line":235,"column":39},"end":{"line":235,"column":47}}]}},"s":{"0":10,"1":10,"2":10,"3":99609,"4":766,"5":766,"6":766,"7":766,"8":766,"9":870020,"10":870020,"11":472638,"12":86130,"13":86130,"14":386508,"15":472638,"16":472638,"17":397382,"18":2795,"19":127767,"20":2795,"21":394587,"22":3675,"23":3675,"24":3675,"25":3675,"26":3675,"27":3675,"28":11819,"29":3,"30":3,"31":3,"32":3,"33":2,"34":2,"35":1,"36":1,"37":0,"38":0,"39":0,"40":0,"41":0,"42":0,"43":0,"44":3,"45":3,"46":11816,"47":0,"48":0,"49":11816,"50":11816,"51":11816,"52":3675,"53":0,"54":3675,"55":3675,"56":3675,"57":3675,"58":390912,"59":35077,"60":35077,"61":35077,"62":35077,"63":355835,"64":35076,"65":35076,"66":35076,"67":35076,"68":320759,"69":56066,"70":56066,"71":56066,"72":56066,"73":264693,"74":56065,"75":56065,"76":56065,"77":56065,"78":208628,"79":11,"80":11,"81":11,"82":11,"83":208617,"84":11,"85":11,"86":11,"87":11,"88":208606,"89":0,"90":0,"91":0,"92":0,"93":0,"94":0,"95":0,"96":0,"97":0,"98":208606,"99":22376,"100":22376,"101":22376,"102":22376,"103":22376,"104":186230,"105":76133,"106":76133,"107":76133,"108":76133,"109":76133,"110":76133,"111":164296,"112":164296,"113":164296,"114":76133,"115":0,"116":76133,"117":76133,"118":110097,"119":10488,"120":10488,"121":10488,"122":10634,"123":10634,"124":10488,"125":10488,"126":10488,"127":99609,"128":99609,"129":99609,"130":99609,"131":491850,"132":491850,"133":99609,"134":99609,"135":99609,"136":99609,"137":99609,"138":0,"139":766,"140":766},"f":{"0":99609,"1":766},"b":{"0":[99609,92574],"1":[472638],"2":[86130,386508],"3":[2795],"4":[130562,130561],"5":[3675],"6":[15494,15494],"7":[3,11816],"8":[11819,3],"9":[2,1,0,0,0,0],"10":[0,11816],"11":[0],"12":[35077],"13":[35076],"14":[56066],"15":[56065],"16":[11],"17":[11],"18":[0],"19":[0,0],"20":[0,0],"21":[22376],"22":[76133],"23":[240429,240427],"24":[0],"25":[10488],"26":[21122,21117],"27":[99609],"28":[591459,591448],"29":[99609,92574]}}
,"/data/data/com.termux/files/home/freelang-v9/src/token.ts": {"path":"/data/data/com.termux/files/home/freelang-v9/src/token.ts","statementMap":{"0":{"start":{"line":3,"column":0},"end":{"line":3,"column":null}},"1":{"start":{"line":5,"column":2},"end":{"line":5,"column":null}},"2":{"start":{"line":6,"column":2},"end":{"line":6,"column":null}},"3":{"start":{"line":7,"column":2},"end":{"line":7,"column":null}},"4":{"start":{"line":8,"column":2},"end":{"line":8,"column":null}},"5":{"start":{"line":9,"column":2},"end":{"line":9,"column":null}},"6":{"start":{"line":12,"column":2},"end":{"line":12,"column":null}},"7":{"start":{"line":13,"column":2},"end":{"line":13,"column":null}},"8":{"start":{"line":14,"column":2},"end":{"line":14,"column":null}},"9":{"start":{"line":15,"column":2},"end":{"line":15,"column":null}},"10":{"start":{"line":16,"column":2},"end":{"line":16,"column":null}},"11":{"start":{"line":17,"column":2},"end":{"line":17,"column":null}},"12":{"start":{"line":20,"column":2},"end":{"line":20,"column":null}},"13":{"start":{"line":21,"column":2},"end":{"line":21,"column":null}},"14":{"start":{"line":22,"column":2},"end":{"line":22,"column":null}},"15":{"start":{"line":23,"column":2},"end":{"line":23,"column":null}},"16":{"start":{"line":24,"column":2},"end":{"line":24,"column":null}},"17":{"start":{"line":27,"column":2},"end":{"line":27,"column":null}},"18":{"start":{"line":28,"column":2},"end":{"line":28,"column":null}},"19":{"start":{"line":29,"column":2},"end":{"line":29,"column":null}},"20":{"start":{"line":30,"column":2},"end":{"line":30,"column":null}},"21":{"start":{"line":33,"column":2},"end":{"line":33,"column":null}},"22":{"start":{"line":34,"column":2},"end":{"line":34,"column":null}},"23":{"start":{"line":35,"column":2},"end":{"line":35,"column":null}},"24":{"start":{"line":36,"column":2},"end":{"line":36,"column":null}},"25":{"start":{"line":39,"column":2},"end":{"line":39,"column":null}},"26":{"start":{"line":40,"column":2},"end":{"line":40,"column":null}},"27":{"start":{"line":41,"column":2},"end":{"line":41,"column":null}},"28":{"start":{"line":42,"column":2},"end":{"line":42,"column":null}},"29":{"start":{"line":43,"column":2},"end":{"line":43,"column":null}},"30":{"start":{"line":46,"column":2},"end":{"line":46,"column":null}},"31":{"start":{"line":47,"column":2},"end":{"line":47,"column":null}},"32":{"start":{"line":48,"column":2},"end":{"line":48,"column":null}},"33":{"start":{"line":49,"column":2},"end":{"line":49,"column":null}},"34":{"start":{"line":52,"column":2},"end":{"line":52,"column":null}},"35":{"start":{"line":53,"column":2},"end":{"line":53,"column":null}},"36":{"start":{"line":54,"column":2},"end":{"line":54,"column":null}},"37":{"start":{"line":57,"column":2},"end":{"line":57,"column":null}},"38":{"start":{"line":58,"column":2},"end":{"line":58,"column":null}}},"fnMap":{"0":{"name":"(anonymous_0)","decl":{"start":{"line":3,"column":0},"end":{"line":3,"column":12}},"loc":{"start":{"line":3,"column":21},"end":{"line":59,"column":1}}}},"branchMap":{"0":{"loc":{"start":{"line":3,"column":12},"end":{"line":3,"column":null}},"type":"binary-expr","locations":[{"start":{"line":3,"column":12},"end":{"line":3,"column":21}},{"start":{"line":3,"column":21},"end":{"line":3,"column":null}}]}},"s":{"0":10,"1":10,"2":10,"3":10,"4":10,"5":10,"6":10,"7":10,"8":10,"9":10,"10":10,"11":10,"12":10,"13":10,"14":10,"15":10,"16":10,"17":10,"18":10,"19":10,"20":10,"21":10,"22":10,"23":10,"24":10,"25":10,"26":10,"27":10,"28":10,"29":10,"30":10,"31":10,"32":10,"33":10,"34":10,"35":10,"36":10,"37":10,"38":10},"f":{"0":10},"b":{"0":[10,10]}}
}
