{"/home/kimjin/kim/Desktop/kim/01_Active_Projects/freelang-v9/src/ast.ts": {"path":"/home/kimjin/kim/Desktop/kim/01_Active_Projects/freelang-v9/src/ast.ts","statementMap":{"0":{"start":{"line":372,"column":0},"end":{"line":372,"column":16}},"1":{"start":{"line":376,"column":0},"end":{"line":376,"column":16}},"2":{"start":{"line":380,"column":0},"end":{"line":380,"column":16}},"3":{"start":{"line":384,"column":0},"end":{"line":384,"column":16}},"4":{"start":{"line":388,"column":0},"end":{"line":388,"column":16}},"5":{"start":{"line":393,"column":0},"end":{"line":393,"column":16}},"6":{"start":{"line":403,"column":0},"end":{"line":403,"column":16}},"7":{"start":{"line":412,"column":0},"end":{"line":412,"column":16}},"8":{"start":{"line":417,"column":0},"end":{"line":417,"column":16}},"9":{"start":{"line":428,"column":0},"end":{"line":428,"column":16}},"10":{"start":{"line":435,"column":0},"end":{"line":435,"column":16}},"11":{"start":{"line":439,"column":0},"end":{"line":439,"column":16}},"12":{"start":{"line":443,"column":0},"end":{"line":443,"column":16}},"13":{"start":{"line":447,"column":0},"end":{"line":447,"column":16}},"14":{"start":{"line":451,"column":0},"end":{"line":451,"column":16}},"15":{"start":{"line":455,"column":0},"end":{"line":455,"column":16}},"16":{"start":{"line":459,"column":0},"end":{"line":459,"column":16}},"17":{"start":{"line":464,"column":0},"end":{"line":464,"column":16}},"18":{"start":{"line":473,"column":0},"end":{"line":473,"column":16}},"19":{"start":{"line":482,"column":0},"end":{"line":482,"column":16}},"20":{"start":{"line":492,"column":0},"end":{"line":492,"column":16}},"21":{"start":{"line":502,"column":0},"end":{"line":502,"column":16}},"22":{"start":{"line":507,"column":0},"end":{"line":507,"column":16}},"23":{"start":{"line":516,"column":0},"end":{"line":516,"column":16}},"24":{"start":{"line":521,"column":0},"end":{"line":521,"column":16}},"25":{"start":{"line":530,"column":0},"end":{"line":530,"column":16}},"26":{"start":{"line":539,"column":0},"end":{"line":539,"column":16}},"27":{"start":{"line":544,"column":0},"end":{"line":544,"column":16}},"28":{"start":{"line":570,"column":0},"end":{"line":570,"column":16}},"29":{"start":{"line":580,"column":0},"end":{"line":580,"column":16}},"30":{"start":{"line":597,"column":0},"end":{"line":597,"column":16}},"31":{"start":{"line":602,"column":0},"end":{"line":602,"column":16}},"32":{"start":{"line":607,"column":0},"end":{"line":607,"column":16}},"33":{"start":{"line":612,"column":0},"end":{"line":612,"column":16}},"34":{"start":{"line":617,"column":0},"end":{"line":617,"column":16}},"35":{"start":{"line":622,"column":0},"end":{"line":622,"column":16}},"36":{"start":{"line":627,"column":0},"end":{"line":627,"column":16}},"37":{"start":{"line":632,"column":0},"end":{"line":632,"column":16}},"38":{"start":{"line":637,"column":0},"end":{"line":637,"column":16}},"39":{"start":{"line":642,"column":0},"end":{"line":642,"column":16}},"40":{"start":{"line":647,"column":0},"end":{"line":647,"column":16}},"41":{"start":{"line":652,"column":0},"end":{"line":652,"column":16}},"42":{"start":{"line":657,"column":0},"end":{"line":657,"column":16}},"43":{"start":{"line":662,"column":0},"end":{"line":662,"column":16}},"44":{"start":{"line":667,"column":0},"end":{"line":667,"column":16}},"45":{"start":{"line":672,"column":0},"end":{"line":672,"column":16}},"46":{"start":{"line":677,"column":0},"end":{"line":677,"column":16}},"47":{"start":{"line":688,"column":0},"end":{"line":688,"column":16}},"48":{"start":{"line":373,"column":2},"end":{"line":373,"column":42}},"49":{"start":{"line":377,"column":2},"end":{"line":377,"column":36}},"50":{"start":{"line":381,"column":2},"end":{"line":381,"column":43}},"51":{"start":{"line":385,"column":2},"end":{"line":385,"column":35}},"52":{"start":{"line":389,"column":2},"end":{"line":389,"column":53}},"53":{"start":{"line":399,"column":2},"end":{"line":399,"column":58}},"54":{"start":{"line":408,"column":2},"end":{"line":408,"column":38}},"55":{"start":{"line":413,"column":2},"end":{"line":413,"column":41}},"56":{"start":{"line":423,"column":2},"end":{"line":423,"column":69}},"57":{"start":{"line":432,"column":2},"end":{"line":432,"column":50}},"58":{"start":{"line":436,"column":2},"end":{"line":436,"column":44}},"59":{"start":{"line":440,"column":2},"end":{"line":440,"column":38}},"60":{"start":{"line":444,"column":2},"end":{"line":444,"column":57}},"61":{"start":{"line":448,"column":2},"end":{"line":448,"column":44}},"62":{"start":{"line":452,"column":2},"end":{"line":452,"column":46}},"63":{"start":{"line":456,"column":2},"end":{"line":456,"column":34}},"64":{"start":{"line":460,"column":2},"end":{"line":460,"column":62}},"65":{"start":{"line":469,"column":2},"end":{"line":469,"column":59}},"66":{"start":{"line":478,"column":2},"end":{"line":478,"column":83}},"67":{"start":{"line":488,"column":2},"end":{"line":488,"column":55}},"68":{"start":{"line":498,"column":2},"end":{"line":498,"column":66}},"69":{"start":{"line":503,"column":2},"end":{"line":503,"column":46}},"70":{"start":{"line":512,"column":2},"end":{"line":512,"column":56}},"71":{"start":{"line":517,"column":2},"end":{"line":517,"column":37}},"72":{"start":{"line":526,"column":2},"end":{"line":526,"column":65}},"73":{"start":{"line":535,"column":2},"end":{"line":535,"column":62}},"74":{"start":{"line":540,"column":2},"end":{"line":540,"column":37}},"75":{"start":{"line":555,"column":2},"end":{"line":566,"column":4}},"76":{"start":{"line":576,"column":2},"end":{"line":576,"column":41}},"77":{"start":{"line":589,"column":2},"end":{"line":589,"column":58}},"78":{"start":{"line":598,"column":2},"end":{"line":598,"column":39}},"79":{"start":{"line":603,"column":2},"end":{"line":603,"column":41}},"80":{"start":{"line":608,"column":2},"end":{"line":608,"column":51}},"81":{"start":{"line":613,"column":2},"end":{"line":613,"column":48}},"82":{"start":{"line":618,"column":2},"end":{"line":618,"column":47}},"83":{"start":{"line":623,"column":2},"end":{"line":623,"column":42}},"84":{"start":{"line":628,"column":2},"end":{"line":628,"column":39}},"85":{"start":{"line":633,"column":2},"end":{"line":633,"column":40}},"86":{"start":{"line":638,"column":2},"end":{"line":638,"column":40}},"87":{"start":{"line":643,"column":2},"end":{"line":643,"column":38}},"88":{"start":{"line":648,"column":2},"end":{"line":648,"column":46}},"89":{"start":{"line":653,"column":2},"end":{"line":653,"column":45}},"90":{"start":{"line":658,"column":2},"end":{"line":658,"column":49}},"91":{"start":{"line":663,"column":2},"end":{"line":663,"column":52}},"92":{"start":{"line":668,"column":2},"end":{"line":668,"column":43}},"93":{"start":{"line":673,"column":2},"end":{"line":673,"column":46}},"94":{"start":{"line":678,"column":2},"end":{"line":678,"column":39}},"95":{"start":{"line":682,"column":13},"end":{"line":685,"column":2}},"96":{"start":{"line":689,"column":2},"end":{"line":689,"column":49}}},"fnMap":{"0":{"name":"makeLiteral","decl":{"start":{"line":372,"column":16},"end":{"line":372,"column":27}},"loc":{"start":{"line":372,"column":97},"end":{"line":374,"column":1}}},"1":{"name":"makeVariable","decl":{"start":{"line":376,"column":16},"end":{"line":376,"column":28}},"loc":{"start":{"line":376,"column":41},"end":{"line":378,"column":1}}},"2":{"name":"makeSExpr","decl":{"start":{"line":380,"column":16},"end":{"line":380,"column":25}},"loc":{"start":{"line":380,"column":68},"end":{"line":382,"column":1}}},"3":{"name":"makeKeyword","decl":{"start":{"line":384,"column":16},"end":{"line":384,"column":27}},"loc":{"start":{"line":384,"column":40},"end":{"line":386,"column":1}}},"4":{"name":"makeBlock","decl":{"start":{"line":388,"column":16},"end":{"line":388,"column":25}},"loc":{"start":{"line":388,"column":109},"end":{"line":390,"column":1}}},"5":{"name":"makeTypeAnnotation","decl":{"start":{"line":393,"column":16},"end":{"line":393,"column":34}},"loc":{"start":{"line":397,"column":20},"end":{"line":400,"column":1}}},"6":{"name":"makeFuncSignature","decl":{"start":{"line":403,"column":16},"end":{"line":403,"column":33}},"loc":{"start":{"line":406,"column":28},"end":{"line":409,"column":1}}},"7":{"name":"makeTypeVariable","decl":{"start":{"line":412,"column":16},"end":{"line":412,"column":32}},"loc":{"start":{"line":412,"column":45},"end":{"line":414,"column":1}}},"8":{"name":"makeFunctionValue","decl":{"start":{"line":417,"column":16},"end":{"line":417,"column":33}},"loc":{"start":{"line":421,"column":15},"end":{"line":424,"column":1}}},"9":{"name":"makeLiteralPattern","decl":{"start":{"line":428,"column":16},"end":{"line":428,"column":34}},"loc":{"start":{"line":430,"column":34},"end":{"line":433,"column":1}}},"10":{"name":"makeVariablePattern","decl":{"start":{"line":435,"column":16},"end":{"line":435,"column":35}},"loc":{"start":{"line":435,"column":48},"end":{"line":437,"column":1}}},"11":{"name":"makeWildcardPattern","decl":{"start":{"line":439,"column":16},"end":{"line":439,"column":35}},"loc":{"start":{"line":439,"column":35},"end":{"line":441,"column":1}}},"12":{"name":"makeListPattern","decl":{"start":{"line":443,"column":16},"end":{"line":443,"column":31}},"loc":{"start":{"line":443,"column":73},"end":{"line":445,"column":1}}},"13":{"name":"makeStructPattern","decl":{"start":{"line":447,"column":16},"end":{"line":447,"column":33}},"loc":{"start":{"line":447,"column":62},"end":{"line":449,"column":1}}},"14":{"name":"makeOrPattern","decl":{"start":{"line":451,"column":16},"end":{"line":451,"column":29}},"loc":{"start":{"line":451,"column":53},"end":{"line":453,"column":1}}},"15":{"name":"makeMatchCase","decl":{"start":{"line":455,"column":16},"end":{"line":455,"column":29}},"loc":{"start":{"line":455,"column":78},"end":{"line":457,"column":1}}},"16":{"name":"makePatternMatch","decl":{"start":{"line":459,"column":16},"end":{"line":459,"column":32}},"loc":{"start":{"line":459,"column":90},"end":{"line":461,"column":1}}},"17":{"name":"makeTypeClass","decl":{"start":{"line":464,"column":16},"end":{"line":464,"column":29}},"loc":{"start":{"line":467,"column":39},"end":{"line":470,"column":1}}},"18":{"name":"makeTypeClassInstance","decl":{"start":{"line":473,"column":16},"end":{"line":473,"column":37}},"loc":{"start":{"line":476,"column":39},"end":{"line":479,"column":1}}},"19":{"name":"makeModuleBlock","decl":{"start":{"line":482,"column":16},"end":{"line":482,"column":31}},"loc":{"start":{"line":486,"column":15},"end":{"line":489,"column":1}}},"20":{"name":"makeImportBlock","decl":{"start":{"line":492,"column":16},"end":{"line":492,"column":31}},"loc":{"start":{"line":496,"column":16},"end":{"line":499,"column":1}}},"21":{"name":"makeOpenBlock","decl":{"start":{"line":502,"column":16},"end":{"line":502,"column":29}},"loc":{"start":{"line":502,"column":65},"end":{"line":504,"column":1}}},"22":{"name":"makeAsyncFunction","decl":{"start":{"line":507,"column":16},"end":{"line":507,"column":33}},"loc":{"start":{"line":510,"column":15},"end":{"line":513,"column":1}}},"23":{"name":"makeAwaitExpression","decl":{"start":{"line":516,"column":16},"end":{"line":516,"column":35}},"loc":{"start":{"line":516,"column":53},"end":{"line":518,"column":1}}},"24":{"name":"makeTryBlock","decl":{"start":{"line":521,"column":16},"end":{"line":521,"column":28}},"loc":{"start":{"line":524,"column":24},"end":{"line":527,"column":1}}},"25":{"name":"makeCatchClause","decl":{"start":{"line":530,"column":16},"end":{"line":530,"column":31}},"loc":{"start":{"line":533,"column":19},"end":{"line":536,"column":1}}},"26":{"name":"makeThrowExpression","decl":{"start":{"line":539,"column":16},"end":{"line":539,"column":35}},"loc":{"start":{"line":539,"column":53},"end":{"line":541,"column":1}}},"27":{"name":"makeReasoningBlock","decl":{"start":{"line":544,"column":16},"end":{"line":544,"column":34}},"loc":{"start":{"line":553,"column":93},"end":{"line":567,"column":1}}},"28":{"name":"makeReasoningTransition","decl":{"start":{"line":570,"column":16},"end":{"line":570,"column":39}},"loc":{"start":{"line":574,"column":18},"end":{"line":577,"column":1}}},"29":{"name":"makeReasoningSequence","decl":{"start":{"line":580,"column":16},"end":{"line":580,"column":37}},"loc":{"start":{"line":587,"column":3},"end":{"line":590,"column":1}}},"30":{"name":"isBlock","decl":{"start":{"line":597,"column":16},"end":{"line":597,"column":23}},"loc":{"start":{"line":597,"column":33},"end":{"line":599,"column":1}}},"31":{"name":"isLiteral","decl":{"start":{"line":602,"column":16},"end":{"line":602,"column":25}},"loc":{"start":{"line":602,"column":35},"end":{"line":604,"column":1}}},"32":{"name":"isSymbolLiteral","decl":{"start":{"line":607,"column":16},"end":{"line":607,"column":31}},"loc":{"start":{"line":607,"column":41},"end":{"line":609,"column":1}}},"33":{"name":"isArrayBlock","decl":{"start":{"line":612,"column":16},"end":{"line":612,"column":28}},"loc":{"start":{"line":612,"column":38},"end":{"line":614,"column":1}}},"34":{"name":"isFuncBlock","decl":{"start":{"line":617,"column":16},"end":{"line":617,"column":27}},"loc":{"start":{"line":617,"column":37},"end":{"line":619,"column":1}}},"35":{"name":"isVariable","decl":{"start":{"line":622,"column":16},"end":{"line":622,"column":26}},"loc":{"start":{"line":622,"column":36},"end":{"line":624,"column":1}}},"36":{"name":"isSExpr","decl":{"start":{"line":627,"column":16},"end":{"line":627,"column":23}},"loc":{"start":{"line":627,"column":33},"end":{"line":629,"column":1}}},"37":{"name":"isModuleBlock","decl":{"start":{"line":632,"column":16},"end":{"line":632,"column":29}},"loc":{"start":{"line":632,"column":39},"end":{"line":634,"column":1}}},"38":{"name":"isImportBlock","decl":{"start":{"line":637,"column":16},"end":{"line":637,"column":29}},"loc":{"start":{"line":637,"column":39},"end":{"line":639,"column":1}}},"39":{"name":"isOpenBlock","decl":{"start":{"line":642,"column":16},"end":{"line":642,"column":27}},"loc":{"start":{"line":642,"column":37},"end":{"line":644,"column":1}}},"40":{"name":"isSearchBlock","decl":{"start":{"line":647,"column":16},"end":{"line":647,"column":29}},"loc":{"start":{"line":647,"column":39},"end":{"line":649,"column":1}}},"41":{"name":"isLearnBlock","decl":{"start":{"line":652,"column":16},"end":{"line":652,"column":28}},"loc":{"start":{"line":652,"column":38},"end":{"line":654,"column":1}}},"42":{"name":"isReasoningBlock","decl":{"start":{"line":657,"column":16},"end":{"line":657,"column":32}},"loc":{"start":{"line":657,"column":42},"end":{"line":659,"column":1}}},"43":{"name":"isReasoningSequence","decl":{"start":{"line":662,"column":16},"end":{"line":662,"column":35}},"loc":{"start":{"line":662,"column":45},"end":{"line":664,"column":1}}},"44":{"name":"isTryBlock","decl":{"start":{"line":667,"column":16},"end":{"line":667,"column":26}},"loc":{"start":{"line":667,"column":36},"end":{"line":669,"column":1}}},"45":{"name":"isCatchClause","decl":{"start":{"line":672,"column":16},"end":{"line":672,"column":29}},"loc":{"start":{"line":672,"column":39},"end":{"line":674,"column":1}}},"46":{"name":"isThrowExpression","decl":{"start":{"line":677,"column":16},"end":{"line":677,"column":33}},"loc":{"start":{"line":677,"column":43},"end":{"line":679,"column":1}}},"47":{"name":"isControlBlock","decl":{"start":{"line":688,"column":16},"end":{"line":688,"column":30}},"loc":{"start":{"line":688,"column":42},"end":{"line":690,"column":1}}}},"branchMap":{"0":{"loc":{"start":{"line":598,"column":9},"end":{"line":598,"column":38}},"type":"binary-expr","locations":[{"start":{"line":598,"column":9},"end":{"line":598,"column":13}},{"start":{"line":598,"column":17},"end":{"line":598,"column":38}}]},"1":{"loc":{"start":{"line":603,"column":9},"end":{"line":603,"column":40}},"type":"binary-expr","locations":[{"start":{"line":603,"column":9},"end":{"line":603,"column":13}},{"start":{"line":603,"column":17},"end":{"line":603,"column":40}}]},"2":{"loc":{"start":{"line":608,"column":9},"end":{"line":608,"column":50}},"type":"binary-expr","locations":[{"start":{"line":608,"column":9},"end":{"line":608,"column":24}},{"start":{"line":608,"column":28},"end":{"line":608,"column":50}}]},"3":{"loc":{"start":{"line":613,"column":9},"end":{"line":613,"column":47}},"type":"binary-expr","locations":[{"start":{"line":613,"column":9},"end":{"line":613,"column":22}},{"start":{"line":613,"column":26},"end":{"line":613,"column":47}}]},"4":{"loc":{"start":{"line":618,"column":9},"end":{"line":618,"column":46}},"type":"binary-expr","locations":[{"start":{"line":618,"column":9},"end":{"line":618,"column":22}},{"start":{"line":618,"column":26},"end":{"line":618,"column":46}}]},"5":{"loc":{"start":{"line":623,"column":9},"end":{"line":623,"column":41}},"type":"binary-expr","locations":[{"start":{"line":623,"column":9},"end":{"line":623,"column":13}},{"start":{"line":623,"column":17},"end":{"line":623,"column":41}}]},"6":{"loc":{"start":{"line":628,"column":9},"end":{"line":628,"column":38}},"type":"binary-expr","locations":[{"start":{"line":628,"column":9},"end":{"line":628,"column":13}},{"start":{"line":628,"column":17},"end":{"line":628,"column":38}}]},"7":{"loc":{"start":{"line":633,"column":9},"end":{"line":633,"column":39}},"type":"binary-expr","locations":[{"start":{"line":633,"column":9},"end":{"line":633,"column":13}},{"start":{"line":633,"column":17},"end":{"line":633,"column":39}}]},"8":{"loc":{"start":{"line":638,"column":9},"end":{"line":638,"column":39}},"type":"binary-expr","locations":[{"start":{"line":638,"column":9},"end":{"line":638,"column":13}},{"start":{"line":638,"column":17},"end":{"line":638,"column":39}}]},"9":{"loc":{"start":{"line":643,"column":9},"end":{"line":643,"column":37}},"type":"binary-expr","locations":[{"start":{"line":643,"column":9},"end":{"line":643,"column":13}},{"start":{"line":643,"column":17},"end":{"line":643,"column":37}}]},"10":{"loc":{"start":{"line":648,"column":9},"end":{"line":648,"column":45}},"type":"binary-expr","locations":[{"start":{"line":648,"column":9},"end":{"line":648,"column":13}},{"start":{"line":648,"column":17},"end":{"line":648,"column":45}}]},"11":{"loc":{"start":{"line":653,"column":9},"end":{"line":653,"column":44}},"type":"binary-expr","locations":[{"start":{"line":653,"column":9},"end":{"line":653,"column":13}},{"start":{"line":653,"column":17},"end":{"line":653,"column":44}}]},"12":{"loc":{"start":{"line":658,"column":9},"end":{"line":658,"column":48}},"type":"binary-expr","locations":[{"start":{"line":658,"column":9},"end":{"line":658,"column":13}},{"start":{"line":658,"column":17},"end":{"line":658,"column":48}}]},"13":{"loc":{"start":{"line":663,"column":9},"end":{"line":663,"column":51}},"type":"binary-expr","locations":[{"start":{"line":663,"column":9},"end":{"line":663,"column":13}},{"start":{"line":663,"column":17},"end":{"line":663,"column":51}}]},"14":{"loc":{"start":{"line":668,"column":9},"end":{"line":668,"column":42}},"type":"binary-expr","locations":[{"start":{"line":668,"column":9},"end":{"line":668,"column":13}},{"start":{"line":668,"column":17},"end":{"line":668,"column":42}}]},"15":{"loc":{"start":{"line":673,"column":9},"end":{"line":673,"column":45}},"type":"binary-expr","locations":[{"start":{"line":673,"column":9},"end":{"line":673,"column":13}},{"start":{"line":673,"column":17},"end":{"line":673,"column":45}}]},"16":{"loc":{"start":{"line":678,"column":9},"end":{"line":678,"column":38}},"type":"binary-expr","locations":[{"start":{"line":678,"column":9},"end":{"line":678,"column":13}},{"start":{"line":678,"column":17},"end":{"line":678,"column":38}}]}},"s":{"0":7,"1":7,"2":7,"3":7,"4":7,"5":7,"6":7,"7":7,"8":7,"9":7,"10":7,"11":7,"12":7,"13":7,"14":7,"15":7,"16":7,"17":7,"18":7,"19":7,"20":7,"21":7,"22":7,"23":7,"24":7,"25":7,"26":7,"27":7,"28":7,"29":7,"30":7,"31":7,"32":7,"33":7,"34":7,"35":7,"36":7,"37":7,"38":7,"39":7,"40":7,"41":7,"42":7,"43":7,"44":7,"45":7,"46":7,"47":7,"48":22218,"49":70206,"50":41421,"51":1,"52":32341,"53":1,"54":0,"55":0,"56":1,"57":4,"58":1,"59":2,"60":1,"61":0,"62":1,"63":1,"64":1,"65":1,"66":0,"67":1,"68":1,"69":1,"70":0,"71":0,"72":0,"73":0,"74":0,"75":0,"76":0,"77":0,"78":11071,"79":0,"80":0,"81":0,"82":0,"83":0,"84":0,"85":11040,"86":11040,"87":11041,"88":11041,"89":11041,"90":11041,"91":11041,"92":2,"93":0,"94":2,"95":7,"96":14},"f":{"0":22218,"1":70206,"2":41421,"3":1,"4":32341,"5":1,"6":0,"7":0,"8":1,"9":4,"10":1,"11":2,"12":1,"13":0,"14":1,"15":1,"16":1,"17":1,"18":0,"19":1,"20":1,"21":1,"22":0,"23":0,"24":0,"25":0,"26":0,"27":0,"28":0,"29":0,"30":11071,"31":0,"32":0,"33":0,"34":0,"35":0,"36":0,"37":11040,"38":11040,"39":11041,"40":11041,"41":11041,"42":11041,"43":11041,"44":2,"45":0,"46":2,"47":14},"b":{"0":[11071,11071],"1":[0,0],"2":[0,0],"3":[0,0],"4":[0,0],"5":[0,0],"6":[0,0],"7":[11040,11040],"8":[11040,11040],"9":[11041,11041],"10":[11041,11041],"11":[11041,11041],"12":[11041,11041],"13":[11041,11041],"14":[2,2],"15":[0,0],"16":[2,2]}}
,"/home/kimjin/kim/Desktop/kim/01_Active_Projects/freelang-v9/src/error-formatter.ts": {"path":"/home/kimjin/kim/Desktop/kim/01_Active_Projects/freelang-v9/src/error-formatter.ts","statementMap":{"0":{"start":{"line":16,"column":0},"end":{"line":16,"column":16}},"1":{"start":{"line":42,"column":0},"end":{"line":42,"column":16}},"2":{"start":{"line":63,"column":0},"end":{"line":63,"column":16}},"3":{"start":{"line":17,"column":12},"end":{"line":17,"column":20}},"4":{"start":{"line":18,"column":12},"end":{"line":18,"column":20}},"5":{"start":{"line":19,"column":25},"end":{"line":20,"column":null}},"6":{"start":{"line":20,"column":4},"end":{"line":20,"column":76}},"7":{"start":{"line":20,"column":45},"end":{"line":20,"column":74}},"8":{"start":{"line":22,"column":2},"end":{"line":30,"column":3}},"9":{"start":{"line":22,"column":15},"end":{"line":22,"column":16}},"10":{"start":{"line":23,"column":4},"end":{"line":29,"column":5}},"11":{"start":{"line":23,"column":17},"end":{"line":23,"column":18}},"12":{"start":{"line":24,"column":6},"end":{"line":28,"column":7}},"13":{"start":{"line":25,"column":8},"end":{"line":25,"column":36}},"14":{"start":{"line":27,"column":8},"end":{"line":27,"column":78}},"15":{"start":{"line":31,"column":2},"end":{"line":31,"column":18}},"16":{"start":{"line":43,"column":28},"end":{"line":43,"column":32}},"17":{"start":{"line":44,"column":17},"end":{"line":44,"column":25}},"18":{"start":{"line":47,"column":20},"end":{"line":47,"column":43}},"19":{"start":{"line":49,"column":2},"end":{"line":55,"column":3}},"20":{"start":{"line":50,"column":17},"end":{"line":50,"column":73}},"21":{"start":{"line":51,"column":4},"end":{"line":54,"column":5}},"22":{"start":{"line":52,"column":6},"end":{"line":52,"column":22}},"23":{"start":{"line":53,"column":6},"end":{"line":53,"column":23}},"24":{"start":{"line":57,"column":2},"end":{"line":57,"column":14}},"25":{"start":{"line":64,"column":26},"end":{"line":64,"column":28}},"26":{"start":{"line":67,"column":15},"end":{"line":67,"column":31}},"27":{"start":{"line":68,"column":2},"end":{"line":76,"column":3}},"28":{"start":{"line":69,"column":4},"end":{"line":69,"column":30}},"29":{"start":{"line":70,"column":4},"end":{"line":75,"column":5}},"30":{"start":{"line":71,"column":6},"end":{"line":71,"column":31}},"31":{"start":{"line":72,"column":6},"end":{"line":74,"column":7}},"32":{"start":{"line":73,"column":8},"end":{"line":73,"column":32}},"33":{"start":{"line":77,"column":2},"end":{"line":77,"column":21}},"34":{"start":{"line":80,"column":2},"end":{"line":102,"column":3}},"35":{"start":{"line":81,"column":21},"end":{"line":81,"column":43}},"36":{"start":{"line":82,"column":23},"end":{"line":82,"column":31}},"37":{"start":{"line":83,"column":22},"end":{"line":83,"column":49}},"38":{"start":{"line":84,"column":20},"end":{"line":84,"column":61}},"39":{"start":{"line":86,"column":4},"end":{"line":101,"column":5}},"40":{"start":{"line":86,"column":17},"end":{"line":86,"column":26}},"41":{"start":{"line":87,"column":22},"end":{"line":87,"column":48}},"42":{"start":{"line":88,"column":22},"end":{"line":88,"column":43}},"43":{"start":{"line":89,"column":6},"end":{"line":89,"column":46}},"44":{"start":{"line":92,"column":6},"end":{"line":100,"column":7}},"45":{"start":{"line":93,"column":20},"end":{"line":93,"column":49}},"46":{"start":{"line":94,"column":23},"end":{"line":94,"column":48}},"47":{"start":{"line":95,"column":23},"end":{"line":95,"column":24}},"48":{"start":{"line":97,"column":27},"end":{"line":97,"column":67}},"49":{"start":{"line":98,"column":8},"end":{"line":98,"column":56}},"50":{"start":{"line":98,"column":24},"end":{"line":98,"column":56}},"51":{"start":{"line":99,"column":8},"end":{"line":99,"column":50}},"52":{"start":{"line":105,"column":2},"end":{"line":105,"column":35}},"53":{"start":{"line":108,"column":2},"end":{"line":110,"column":3}},"54":{"start":{"line":109,"column":4},"end":{"line":109,"column":34}},"55":{"start":{"line":112,"column":2},"end":{"line":112,"column":26}}},"fnMap":{"0":{"name":"levenshtein","decl":{"start":{"line":16,"column":16},"end":{"line":16,"column":27}},"loc":{"start":{"line":16,"column":48},"end":{"line":32,"column":1}}},"1":{"name":"(anonymous_1)","decl":{"start":{"line":19,"column":55},"end":{"line":19,"column":56}},"loc":{"start":{"line":20,"column":4},"end":{"line":20,"column":76}}},"2":{"name":"(anonymous_2)","decl":{"start":{"line":20,"column":34},"end":{"line":20,"column":35}},"loc":{"start":{"line":20,"column":45},"end":{"line":20,"column":74}}},"3":{"name":"suggestSimilar","decl":{"start":{"line":42,"column":16},"end":{"line":42,"column":30}},"loc":{"start":{"line":42,"column":65},"end":{"line":58,"column":1}}},"4":{"name":"formatError","decl":{"start":{"line":63,"column":16},"end":{"line":63,"column":27}},"loc":{"start":{"line":63,"column":46},"end":{"line":113,"column":1}}}},"branchMap":{"0":{"loc":{"start":{"line":20,"column":45},"end":{"line":20,"column":74}},"type":"cond-expr","locations":[{"start":{"line":20,"column":55},"end":{"line":20,"column":56}},{"start":{"line":20,"column":59},"end":{"line":20,"column":74}}]},"1":{"loc":{"start":{"line":20,"column":59},"end":{"line":20,"column":74}},"type":"cond-expr","locations":[{"start":{"line":20,"column":69},"end":{"line":20,"column":70}},{"start":{"line":20,"column":73},"end":{"line":20,"column":74}}]},"2":{"loc":{"start":{"line":24,"column":6},"end":{"line":28,"column":7}},"type":"if","locations":[{"start":{"line":24,"column":6},"end":{"line":28,"column":7}},{"start":{"line":26,"column":13},"end":{"line":28,"column":7}}]},"3":{"loc":{"start":{"line":47,"column":20},"end":{"line":47,"column":43}},"type":"cond-expr","locations":[{"start":{"line":47,"column":38},"end":{"line":47,"column":39}},{"start":{"line":47,"column":42},"end":{"line":47,"column":43}}]},"4":{"loc":{"start":{"line":51,"column":4},"end":{"line":54,"column":5}},"type":"if","locations":[{"start":{"line":51,"column":4},"end":{"line":54,"column":5}}]},"5":{"loc":{"start":{"line":51,"column":8},"end":{"line":51,"column":44}},"type":"binary-expr","locations":[{"start":{"line":51,"column":8},"end":{"line":51,"column":25}},{"start":{"line":51,"column":29},"end":{"line":51,"column":44}}]},"6":{"loc":{"start":{"line":68,"column":2},"end":{"line":76,"column":3}},"type":"if","locations":[{"start":{"line":68,"column":2},"end":{"line":76,"column":3}}]},"7":{"loc":{"start":{"line":70,"column":4},"end":{"line":75,"column":5}},"type":"if","locations":[{"start":{"line":70,"column":4},"end":{"line":75,"column":5}}]},"8":{"loc":{"start":{"line":72,"column":6},"end":{"line":74,"column":7}},"type":"if","locations":[{"start":{"line":72,"column":6},"end":{"line":74,"column":7}}]},"9":{"loc":{"start":{"line":80,"column":2},"end":{"line":102,"column":3}},"type":"if","locations":[{"start":{"line":80,"column":2},"end":{"line":102,"column":3}}]},"10":{"loc":{"start":{"line":80,"column":6},"end":{"line":80,"column":36}},"type":"binary-expr","locations":[{"start":{"line":80,"column":6},"end":{"line":80,"column":16}},{"start":{"line":80,"column":20},"end":{"line":80,"column":36}}]},"11":{"loc":{"start":{"line":88,"column":22},"end":{"line":88,"column":43}},"type":"binary-expr","locations":[{"start":{"line":88,"column":22},"end":{"line":88,"column":37}},{"start":{"line":88,"column":41},"end":{"line":88,"column":43}}]},"12":{"loc":{"start":{"line":92,"column":6},"end":{"line":100,"column":7}},"type":"if","locations":[{"start":{"line":92,"column":6},"end":{"line":100,"column":7}}]},"13":{"loc":{"start":{"line":93,"column":20},"end":{"line":93,"column":49}},"type":"cond-expr","locations":[{"start":{"line":93,"column":38},"end":{"line":93,"column":45}},{"start":{"line":93,"column":48},"end":{"line":93,"column":49}}]},"14":{"loc":{"start":{"line":98,"column":8},"end":{"line":98,"column":56}},"type":"if","locations":[{"start":{"line":98,"column":8},"end":{"line":98,"column":56}}]},"15":{"loc":{"start":{"line":108,"column":2},"end":{"line":110,"column":3}},"type":"if","locations":[{"start":{"line":108,"column":2},"end":{"line":110,"column":3}}]}},"s":{"0":7,"1":7,"2":7,"3":792,"4":792,"5":792,"6":16866,"7":204604,"8":792,"9":792,"10":16074,"11":16074,"12":178959,"13":8408,"14":170551,"15":792,"16":5,"17":5,"18":5,"19":5,"20":792,"21":792,"22":3,"23":3,"24":5,"25":3,"26":3,"27":3,"28":2,"29":2,"30":2,"31":2,"32":2,"33":3,"34":3,"35":1,"36":1,"37":1,"38":1,"39":1,"40":1,"41":3,"42":3,"43":3,"44":3,"45":1,"46":1,"47":1,"48":1,"49":1,"50":1,"51":1,"52":3,"53":3,"54":2,"55":3},"f":{"0":792,"1":16866,"2":204604,"3":5,"4":3},"b":{"0":[9571,195033],"1":[16074,178959],"2":[8408,170551],"3":[5,0],"4":[3],"5":[792,3],"6":[2],"7":[2],"8":[2],"9":[1],"10":[3,1],"11":[3,0],"12":[1],"13":[1,0],"14":[1],"15":[2]}}
,"/home/kimjin/kim/Desktop/kim/01_Active_Projects/freelang-v9/src/errors.ts": {"path":"/home/kimjin/kim/Desktop/kim/01_Active_Projects/freelang-v9/src/errors.ts","statementMap":{"0":{"start":{"line":18,"column":4},"end":{"line":18,"column":19}},"1":{"start":{"line":12,"column":11},"end":{"line":12,"column":29}},"2":{"start":{"line":13,"column":11},"end":{"line":13,"column":24}},"3":{"start":{"line":14,"column":11},"end":{"line":14,"column":24}},"4":{"start":{"line":15,"column":11},"end":{"line":15,"column":23}},"5":{"start":{"line":16,"column":11},"end":{"line":16,"column":24}},"6":{"start":{"line":19,"column":4},"end":{"line":19,"column":30}},"7":{"start":{"line":20,"column":4},"end":{"line":20,"column":55}},"8":{"start":{"line":9,"column":0},"end":{"line":9,"column":13}},"9":{"start":{"line":36,"column":22},"end":{"line":36,"column":55}},"10":{"start":{"line":37,"column":4},"end":{"line":37,"column":92}},"11":{"start":{"line":38,"column":4},"end":{"line":38,"column":38}},"12":{"start":{"line":39,"column":4},"end":{"line":39,"column":63}},"13":{"start":{"line":27,"column":0},"end":{"line":27,"column":13}},"14":{"start":{"line":55,"column":4},"end":{"line":62,"column":6}},"15":{"start":{"line":63,"column":4},"end":{"line":63,"column":39}},"16":{"start":{"line":64,"column":4},"end":{"line":64,"column":64}},"17":{"start":{"line":46,"column":0},"end":{"line":46,"column":13}},"18":{"start":{"line":73,"column":4},"end":{"line":73,"column":79}},"19":{"start":{"line":74,"column":4},"end":{"line":74,"column":46}},"20":{"start":{"line":75,"column":4},"end":{"line":75,"column":71}},"21":{"start":{"line":71,"column":0},"end":{"line":71,"column":13}},"22":{"start":{"line":92,"column":4},"end":{"line":99,"column":6}},"23":{"start":{"line":100,"column":4},"end":{"line":100,"column":44}},"24":{"start":{"line":101,"column":4},"end":{"line":101,"column":69}},"25":{"start":{"line":82,"column":0},"end":{"line":82,"column":13}},"26":{"start":{"line":116,"column":20},"end":{"line":116,"column":42}},"27":{"start":{"line":117,"column":4},"end":{"line":117,"column":59}},"28":{"start":{"line":110,"column":11},"end":{"line":110,"column":31}},"29":{"start":{"line":111,"column":11},"end":{"line":111,"column":24}},"30":{"start":{"line":112,"column":11},"end":{"line":112,"column":24}},"31":{"start":{"line":113,"column":11},"end":{"line":113,"column":23}},"32":{"start":{"line":114,"column":11},"end":{"line":114,"column":24}},"33":{"start":{"line":118,"column":4},"end":{"line":118,"column":40}},"34":{"start":{"line":119,"column":4},"end":{"line":119,"column":65}},"35":{"start":{"line":108,"column":0},"end":{"line":108,"column":13}}},"fnMap":{"0":{"name":"(anonymous_0)","decl":{"start":{"line":10,"column":2},"end":{"line":10,"column":null}},"loc":{"start":{"line":16,"column":24},"end":{"line":21,"column":3}}},"1":{"name":"(anonymous_1)","decl":{"start":{"line":28,"column":2},"end":{"line":28,"column":null}},"loc":{"start":{"line":34,"column":17},"end":{"line":40,"column":3}}},"2":{"name":"(anonymous_2)","decl":{"start":{"line":47,"column":2},"end":{"line":47,"column":null}},"loc":{"start":{"line":53,"column":17},"end":{"line":65,"column":3}}},"3":{"name":"(anonymous_3)","decl":{"start":{"line":72,"column":2},"end":{"line":72,"column":14}},"loc":{"start":{"line":72,"column":47},"end":{"line":76,"column":3}}},"4":{"name":"(anonymous_4)","decl":{"start":{"line":83,"column":2},"end":{"line":83,"column":null}},"loc":{"start":{"line":90,"column":17},"end":{"line":102,"column":3}}},"5":{"name":"(anonymous_5)","decl":{"start":{"line":109,"column":2},"end":{"line":109,"column":null}},"loc":{"start":{"line":114,"column":24},"end":{"line":120,"column":3}}}},"branchMap":{"0":{"loc":{"start":{"line":36,"column":22},"end":{"line":36,"column":55}},"type":"cond-expr","locations":[{"start":{"line":36,"column":31},"end":{"line":36,"column":50}},{"start":{"line":36,"column":53},"end":{"line":36,"column":55}}]},"1":{"loc":{"start":{"line":116,"column":20},"end":{"line":116,"column":42}},"type":"cond-expr","locations":[{"start":{"line":116,"column":27},"end":{"line":116,"column":37}},{"start":{"line":116,"column":40},"end":{"line":116,"column":42}}]}},"s":{"0":4,"1":4,"2":4,"3":4,"4":4,"5":4,"6":4,"7":4,"8":7,"9":1,"10":1,"11":1,"12":1,"13":7,"14":1,"15":1,"16":1,"17":7,"18":1,"19":1,"20":1,"21":7,"22":1,"23":1,"24":1,"25":7,"26":3,"27":3,"28":3,"29":3,"30":3,"31":3,"32":3,"33":3,"34":3,"35":7},"f":{"0":4,"1":1,"2":1,"3":1,"4":1,"5":3},"b":{"0":[1,0],"1":[2,1]}}
,"/home/kimjin/kim/Desktop/kim/01_Active_Projects/freelang-v9/src/eval-builtins.ts": {"path":"/home/kimjin/kim/Desktop/kim/01_Active_Projects/freelang-v9/src/eval-builtins.ts","statementMap":{"0":{"start":{"line":9,"column":0},"end":{"line":9,"column":16}},"1":{"start":{"line":7,"column":0},"end":{"line":7,"column":50}},"2":{"start":{"line":11,"column":13},"end":{"line":11,"column":54}},"3":{"start":{"line":11,"column":29},"end":{"line":11,"column":54}},"4":{"start":{"line":12,"column":17},"end":{"line":12,"column":75}},"5":{"start":{"line":12,"column":41},"end":{"line":12,"column":75}},"6":{"start":{"line":13,"column":19},"end":{"line":13,"column":88}},"7":{"start":{"line":13,"column":48},"end":{"line":13,"column":88}},"8":{"start":{"line":14,"column":20},"end":{"line":14,"column":83}},"9":{"start":{"line":14,"column":44},"end":{"line":14,"column":83}},"10":{"start":{"line":15,"column":20},"end":{"line":15,"column":70}},"11":{"start":{"line":15,"column":35},"end":{"line":15,"column":70}},"12":{"start":{"line":17,"column":2},"end":{"line":487,"column":3}},"13":{"start":{"line":20,"column":6},"end":{"line":20,"column":61}},"14":{"start":{"line":20,"column":51},"end":{"line":20,"column":56}},"15":{"start":{"line":22,"column":6},"end":{"line":22,"column":89}},"16":{"start":{"line":22,"column":82},"end":{"line":22,"column":87}},"17":{"start":{"line":24,"column":6},"end":{"line":24,"column":61}},"18":{"start":{"line":24,"column":51},"end":{"line":24,"column":56}},"19":{"start":{"line":26,"column":6},"end":{"line":26,"column":92}},"20":{"start":{"line":26,"column":85},"end":{"line":26,"column":90}},"21":{"start":{"line":28,"column":6},"end":{"line":28,"column":31}},"22":{"start":{"line":32,"column":6},"end":{"line":32,"column":33}},"23":{"start":{"line":34,"column":6},"end":{"line":34,"column":31}},"24":{"start":{"line":36,"column":6},"end":{"line":36,"column":31}},"25":{"start":{"line":38,"column":6},"end":{"line":38,"column":32}},"26":{"start":{"line":40,"column":6},"end":{"line":40,"column":32}},"27":{"start":{"line":42,"column":6},"end":{"line":42,"column":33}},"28":{"start":{"line":46,"column":6},"end":{"line":46,"column":39}},"29":{"start":{"line":46,"column":36},"end":{"line":46,"column":37}},"30":{"start":{"line":48,"column":6},"end":{"line":48,"column":38}},"31":{"start":{"line":48,"column":35},"end":{"line":48,"column":36}},"32":{"start":{"line":50,"column":6},"end":{"line":50,"column":22}},"33":{"start":{"line":54,"column":6},"end":{"line":54,"column":73}},"34":{"start":{"line":54,"column":48},"end":{"line":54,"column":60}},"35":{"start":{"line":55,"column":6},"end":{"line":55,"column":18}},"36":{"start":{"line":58,"column":6},"end":{"line":58,"column":57}},"37":{"start":{"line":58,"column":42},"end":{"line":58,"column":54}},"38":{"start":{"line":59,"column":6},"end":{"line":59,"column":18}},"39":{"start":{"line":61,"column":6},"end":{"line":61,"column":80}},"40":{"start":{"line":61,"column":48},"end":{"line":61,"column":60}},"41":{"start":{"line":62,"column":6},"end":{"line":62,"column":18}},"42":{"start":{"line":64,"column":6},"end":{"line":64,"column":57}},"43":{"start":{"line":64,"column":34},"end":{"line":64,"column":46}},"44":{"start":{"line":66,"column":6},"end":{"line":66,"column":46}},"45":{"start":{"line":68,"column":24},"end":{"line":68,"column":42}},"46":{"start":{"line":69,"column":6},"end":{"line":69,"column":29}},"47":{"start":{"line":70,"column":6},"end":{"line":70,"column":21}},"48":{"start":{"line":75,"column":6},"end":{"line":75,"column":56}},"49":{"start":{"line":75,"column":35},"end":{"line":75,"column":56}},"50":{"start":{"line":77,"column":6},"end":{"line":77,"column":56}},"51":{"start":{"line":77,"column":35},"end":{"line":77,"column":56}},"52":{"start":{"line":78,"column":6},"end":{"line":78,"column":48}},"53":{"start":{"line":80,"column":6},"end":{"line":80,"column":47}},"54":{"start":{"line":82,"column":6},"end":{"line":82,"column":47}},"55":{"start":{"line":84,"column":6},"end":{"line":84,"column":34}},"56":{"start":{"line":88,"column":6},"end":{"line":88,"column":18}},"57":{"start":{"line":90,"column":6},"end":{"line":90,"column":96}},"58":{"start":{"line":92,"column":6},"end":{"line":92,"column":31}},"59":{"start":{"line":94,"column":6},"end":{"line":96,"column":7}},"60":{"start":{"line":95,"column":8},"end":{"line":95,"column":40}},"61":{"start":{"line":97,"column":6},"end":{"line":97,"column":52}},"62":{"start":{"line":99,"column":6},"end":{"line":99,"column":64}},"63":{"start":{"line":99,"column":34},"end":{"line":99,"column":64}},"64":{"start":{"line":100,"column":6},"end":{"line":100,"column":44}},"65":{"start":{"line":102,"column":6},"end":{"line":104,"column":7}},"66":{"start":{"line":103,"column":8},"end":{"line":103,"column":44}},"67":{"start":{"line":105,"column":6},"end":{"line":105,"column":18}},"68":{"start":{"line":109,"column":6},"end":{"line":109,"column":91}},"69":{"start":{"line":109,"column":32},"end":{"line":109,"column":91}},"70":{"start":{"line":110,"column":23},"end":{"line":110,"column":39}},"71":{"start":{"line":111,"column":20},"end":{"line":111,"column":46}},"72":{"start":{"line":112,"column":6},"end":{"line":126,"column":9}},"73":{"start":{"line":113,"column":8},"end":{"line":125,"column":18}},"74":{"start":{"line":114,"column":10},"end":{"line":124,"column":11}},"75":{"start":{"line":115,"column":12},"end":{"line":121,"column":13}},"76":{"start":{"line":116,"column":14},"end":{"line":116,"column":34}},"77":{"start":{"line":117,"column":19},"end":{"line":121,"column":13}},"78":{"start":{"line":118,"column":14},"end":{"line":118,"column":47}},"79":{"start":{"line":120,"column":14},"end":{"line":120,"column":75}},"80":{"start":{"line":123,"column":12},"end":{"line":123,"column":31}},"81":{"start":{"line":130,"column":6},"end":{"line":130,"column":86}},"82":{"start":{"line":130,"column":32},"end":{"line":130,"column":86}},"83":{"start":{"line":131,"column":23},"end":{"line":131,"column":39}},"84":{"start":{"line":132,"column":6},"end":{"line":147,"column":7}},"85":{"start":{"line":133,"column":8},"end":{"line":144,"column":11}},"86":{"start":{"line":134,"column":10},"end":{"line":143,"column":11}},"87":{"start":{"line":135,"column":35},"end":{"line":135,"column":96}},"88":{"start":{"line":135,"column":81},"end":{"line":135,"column":94}},"89":{"start":{"line":136,"column":34},"end":{"line":139,"column":14}},"90":{"start":{"line":138,"column":32},"end":{"line":138,"column":94}},"91":{"start":{"line":140,"column":12},"end":{"line":140,"column":65}},"92":{"start":{"line":142,"column":12},"end":{"line":142,"column":31}},"93":{"start":{"line":146,"column":8},"end":{"line":146,"column":63}},"94":{"start":{"line":152,"column":29},"end":{"line":152,"column":31}},"95":{"start":{"line":153,"column":24},"end":{"line":153,"column":36}},"96":{"start":{"line":154,"column":6},"end":{"line":165,"column":7}},"97":{"start":{"line":155,"column":8},"end":{"line":158,"column":11}},"98":{"start":{"line":156,"column":10},"end":{"line":156,"column":105}},"99":{"start":{"line":156,"column":82},"end":{"line":156,"column":105}},"100":{"start":{"line":157,"column":10},"end":{"line":157,"column":61}},"101":{"start":{"line":159,"column":13},"end":{"line":165,"column":7}},"102":{"start":{"line":160,"column":8},"end":{"line":160,"column":43}},"103":{"start":{"line":161,"column":13},"end":{"line":165,"column":7}},"104":{"start":{"line":162,"column":8},"end":{"line":162,"column":95}},"105":{"start":{"line":162,"column":55},"end":{"line":162,"column":92}},"106":{"start":{"line":164,"column":8},"end":{"line":164,"column":54}},"107":{"start":{"line":166,"column":6},"end":{"line":171,"column":8}},"108":{"start":{"line":175,"column":6},"end":{"line":175,"column":93}},"109":{"start":{"line":175,"column":35},"end":{"line":175,"column":93}},"110":{"start":{"line":176,"column":24},"end":{"line":176,"column":31}},"111":{"start":{"line":177,"column":23},"end":{"line":177,"column":30}},"112":{"start":{"line":178,"column":6},"end":{"line":180,"column":7}},"113":{"start":{"line":179,"column":8},"end":{"line":179,"column":60}},"114":{"start":{"line":181,"column":6},"end":{"line":181,"column":25}},"115":{"start":{"line":186,"column":6},"end":{"line":186,"column":101}},"116":{"start":{"line":186,"column":86},"end":{"line":186,"column":101}},"117":{"start":{"line":187,"column":6},"end":{"line":196,"column":7}},"118":{"start":{"line":188,"column":41},"end":{"line":188,"column":43}},"119":{"start":{"line":189,"column":8},"end":{"line":194,"column":9}},"120":{"start":{"line":189,"column":21},"end":{"line":189,"column":22}},"121":{"start":{"line":190,"column":20},"end":{"line":190,"column":30}},"122":{"start":{"line":191,"column":24},"end":{"line":191,"column":38}},"123":{"start":{"line":192,"column":10},"end":{"line":192,"column":85}},"124":{"start":{"line":192,"column":62},"end":{"line":192,"column":85}},"125":{"start":{"line":193,"column":10},"end":{"line":193,"column":56}},"126":{"start":{"line":193,"column":39},"end":{"line":193,"column":56}},"127":{"start":{"line":195,"column":8},"end":{"line":195,"column":19}},"128":{"start":{"line":197,"column":6},"end":{"line":197,"column":21}},"129":{"start":{"line":199,"column":6},"end":{"line":199,"column":31}},"130":{"start":{"line":203,"column":6},"end":{"line":203,"column":38}},"131":{"start":{"line":205,"column":6},"end":{"line":205,"column":51}},"132":{"start":{"line":209,"column":6},"end":{"line":209,"column":114}},"133":{"start":{"line":211,"column":6},"end":{"line":211,"column":90}},"134":{"start":{"line":211,"column":61},"end":{"line":211,"column":90}},"135":{"start":{"line":212,"column":6},"end":{"line":212,"column":60}},"136":{"start":{"line":214,"column":6},"end":{"line":216,"column":13}},"137":{"start":{"line":218,"column":6},"end":{"line":218,"column":42}},"138":{"start":{"line":220,"column":6},"end":{"line":220,"column":42}},"139":{"start":{"line":222,"column":6},"end":{"line":222,"column":68}},"140":{"start":{"line":225,"column":6},"end":{"line":225,"column":39}},"141":{"start":{"line":227,"column":6},"end":{"line":227,"column":55}},"142":{"start":{"line":229,"column":6},"end":{"line":229,"column":27}},"143":{"start":{"line":231,"column":6},"end":{"line":231,"column":56}},"144":{"start":{"line":233,"column":6},"end":{"line":233,"column":56}},"145":{"start":{"line":235,"column":6},"end":{"line":235,"column":62}},"146":{"start":{"line":237,"column":6},"end":{"line":237,"column":62}},"147":{"start":{"line":239,"column":6},"end":{"line":239,"column":41}},"148":{"start":{"line":241,"column":6},"end":{"line":241,"column":41}},"149":{"start":{"line":243,"column":6},"end":{"line":243,"column":42}},"150":{"start":{"line":245,"column":6},"end":{"line":245,"column":36}},"151":{"start":{"line":247,"column":6},"end":{"line":247,"column":88}},"152":{"start":{"line":249,"column":6},"end":{"line":249,"column":116}},"153":{"start":{"line":252,"column":6},"end":{"line":252,"column":29}},"154":{"start":{"line":255,"column":6},"end":{"line":255,"column":41}},"155":{"start":{"line":257,"column":6},"end":{"line":260,"column":7}},"156":{"start":{"line":258,"column":18},"end":{"line":258,"column":109}},"157":{"start":{"line":259,"column":8},"end":{"line":259,"column":44}},"158":{"start":{"line":261,"column":6},"end":{"line":261,"column":21}},"159":{"start":{"line":263,"column":6},"end":{"line":263,"column":73}},"160":{"start":{"line":263,"column":34},"end":{"line":263,"column":73}},"161":{"start":{"line":264,"column":6},"end":{"line":264,"column":78}},"162":{"start":{"line":264,"column":39},"end":{"line":264,"column":78}},"163":{"start":{"line":265,"column":6},"end":{"line":265,"column":16}},"164":{"start":{"line":267,"column":6},"end":{"line":267,"column":102}},"165":{"start":{"line":270,"column":6},"end":{"line":270,"column":71}},"166":{"start":{"line":272,"column":6},"end":{"line":272,"column":63}},"167":{"start":{"line":274,"column":6},"end":{"line":274,"column":70}},"168":{"start":{"line":276,"column":6},"end":{"line":276,"column":70}},"169":{"start":{"line":278,"column":6},"end":{"line":278,"column":103}},"170":{"start":{"line":278,"column":70},"end":{"line":278,"column":103}},"171":{"start":{"line":279,"column":6},"end":{"line":279,"column":67}},"172":{"start":{"line":279,"column":34},"end":{"line":279,"column":67}},"173":{"start":{"line":280,"column":6},"end":{"line":280,"column":19}},"174":{"start":{"line":282,"column":6},"end":{"line":282,"column":110}},"175":{"start":{"line":284,"column":6},"end":{"line":284,"column":108}},"176":{"start":{"line":286,"column":6},"end":{"line":286,"column":104}},"177":{"start":{"line":288,"column":6},"end":{"line":290,"column":13}},"178":{"start":{"line":292,"column":6},"end":{"line":292,"column":103}},"179":{"start":{"line":296,"column":6},"end":{"line":296,"column":89}},"180":{"start":{"line":296,"column":68},"end":{"line":296,"column":89}},"181":{"start":{"line":297,"column":6},"end":{"line":297,"column":37}},"182":{"start":{"line":299,"column":6},"end":{"line":302,"column":7}},"183":{"start":{"line":300,"column":8},"end":{"line":300,"column":80}},"184":{"start":{"line":300,"column":43},"end":{"line":300,"column":80}},"185":{"start":{"line":301,"column":8},"end":{"line":301,"column":40}},"186":{"start":{"line":303,"column":6},"end":{"line":303,"column":16}},"187":{"start":{"line":305,"column":6},"end":{"line":305,"column":95}},"188":{"start":{"line":307,"column":6},"end":{"line":307,"column":105}},"189":{"start":{"line":307,"column":34},"end":{"line":307,"column":105}},"190":{"start":{"line":308,"column":6},"end":{"line":308,"column":110}},"191":{"start":{"line":308,"column":39},"end":{"line":308,"column":110}},"192":{"start":{"line":309,"column":6},"end":{"line":309,"column":91}},"193":{"start":{"line":309,"column":59},"end":{"line":309,"column":91}},"194":{"start":{"line":310,"column":6},"end":{"line":310,"column":18}},"195":{"start":{"line":312,"column":6},"end":{"line":314,"column":7}},"196":{"start":{"line":313,"column":8},"end":{"line":313,"column":50}},"197":{"start":{"line":315,"column":6},"end":{"line":315,"column":36}},"198":{"start":{"line":317,"column":6},"end":{"line":320,"column":7}},"199":{"start":{"line":318,"column":42},"end":{"line":318,"column":49}},"200":{"start":{"line":319,"column":8},"end":{"line":319,"column":20}},"201":{"start":{"line":321,"column":6},"end":{"line":321,"column":27}},"202":{"start":{"line":324,"column":6},"end":{"line":324,"column":45}},"203":{"start":{"line":324,"column":35},"end":{"line":324,"column":45}},"204":{"start":{"line":325,"column":22},"end":{"line":325,"column":126}},"205":{"start":{"line":325,"column":45},"end":{"line":325,"column":126}},"206":{"start":{"line":325,"column":70},"end":{"line":325,"column":121}},"207":{"start":{"line":326,"column":6},"end":{"line":326,"column":30}},"208":{"start":{"line":329,"column":6},"end":{"line":329,"column":65}},"209":{"start":{"line":331,"column":6},"end":{"line":331,"column":45}},"210":{"start":{"line":331,"column":35},"end":{"line":331,"column":45}},"211":{"start":{"line":332,"column":6},"end":{"line":335,"column":9}},"212":{"start":{"line":333,"column":8},"end":{"line":333,"column":73}},"213":{"start":{"line":333,"column":60},"end":{"line":333,"column":73}},"214":{"start":{"line":334,"column":8},"end":{"line":334,"column":50}},"215":{"start":{"line":337,"column":6},"end":{"line":337,"column":52}},"216":{"start":{"line":337,"column":35},"end":{"line":337,"column":52}},"217":{"start":{"line":338,"column":6},"end":{"line":338,"column":35}},"218":{"start":{"line":340,"column":6},"end":{"line":340,"column":95}},"219":{"start":{"line":342,"column":6},"end":{"line":342,"column":78}},"220":{"start":{"line":344,"column":6},"end":{"line":344,"column":52}},"221":{"start":{"line":344,"column":35},"end":{"line":344,"column":52}},"222":{"start":{"line":345,"column":6},"end":{"line":345,"column":35}},"223":{"start":{"line":349,"column":6},"end":{"line":349,"column":28}},"224":{"start":{"line":351,"column":6},"end":{"line":351,"column":29}},"225":{"start":{"line":353,"column":6},"end":{"line":353,"column":30}},"226":{"start":{"line":357,"column":6},"end":{"line":357,"column":31}},"227":{"start":{"line":359,"column":6},"end":{"line":359,"column":31}},"228":{"start":{"line":361,"column":6},"end":{"line":361,"column":31}},"229":{"start":{"line":363,"column":6},"end":{"line":363,"column":33}},"230":{"start":{"line":365,"column":6},"end":{"line":365,"column":32}},"231":{"start":{"line":367,"column":6},"end":{"line":367,"column":33}},"232":{"start":{"line":369,"column":6},"end":{"line":369,"column":32}},"233":{"start":{"line":371,"column":6},"end":{"line":371,"column":40}},"234":{"start":{"line":373,"column":6},"end":{"line":373,"column":31}},"235":{"start":{"line":375,"column":6},"end":{"line":375,"column":31}},"236":{"start":{"line":377,"column":6},"end":{"line":377,"column":31}},"237":{"start":{"line":379,"column":6},"end":{"line":379,"column":31}},"238":{"start":{"line":381,"column":6},"end":{"line":381,"column":31}},"239":{"start":{"line":383,"column":6},"end":{"line":383,"column":27}},"240":{"start":{"line":385,"column":6},"end":{"line":385,"column":59}},"241":{"start":{"line":389,"column":6},"end":{"line":389,"column":59}},"242":{"start":{"line":391,"column":6},"end":{"line":391,"column":60}},"243":{"start":{"line":393,"column":6},"end":{"line":393,"column":61}},"244":{"start":{"line":395,"column":6},"end":{"line":395,"column":58}},"245":{"start":{"line":397,"column":6},"end":{"line":397,"column":60}},"246":{"start":{"line":399,"column":6},"end":{"line":399,"column":61}},"247":{"start":{"line":401,"column":6},"end":{"line":401,"column":62}},"248":{"start":{"line":403,"column":21},"end":{"line":403,"column":65}},"249":{"start":{"line":404,"column":6},"end":{"line":404,"column":67}},"250":{"start":{"line":407,"column":6},"end":{"line":407,"column":68}},"251":{"start":{"line":409,"column":6},"end":{"line":409,"column":67}},"252":{"start":{"line":412,"column":6},"end":{"line":412,"column":57}},"253":{"start":{"line":415,"column":6},"end":{"line":415,"column":94}},"254":{"start":{"line":415,"column":32},"end":{"line":415,"column":94}},"255":{"start":{"line":416,"column":20},"end":{"line":416,"column":36}},"256":{"start":{"line":417,"column":26},"end":{"line":417,"column":42}},"257":{"start":{"line":418,"column":6},"end":{"line":420,"column":7}},"258":{"start":{"line":419,"column":8},"end":{"line":419,"column":97}},"259":{"start":{"line":421,"column":6},"end":{"line":423,"column":7}},"260":{"start":{"line":422,"column":8},"end":{"line":422,"column":99}},"261":{"start":{"line":424,"column":6},"end":{"line":432,"column":7}},"262":{"start":{"line":425,"column":28},"end":{"line":425,"column":30}},"263":{"start":{"line":426,"column":8},"end":{"line":430,"column":9}},"264":{"start":{"line":427,"column":30},"end":{"line":427,"column":57}},"265":{"start":{"line":428,"column":10},"end":{"line":429,"column":40}},"266":{"start":{"line":428,"column":42},"end":{"line":428,"column":78}},"267":{"start":{"line":429,"column":15},"end":{"line":429,"column":40}},"268":{"start":{"line":431,"column":8},"end":{"line":431,"column":22}},"269":{"start":{"line":433,"column":6},"end":{"line":435,"column":7}},"270":{"start":{"line":434,"column":8},"end":{"line":434,"column":100}},"271":{"start":{"line":436,"column":6},"end":{"line":443,"column":7}},"272":{"start":{"line":437,"column":8},"end":{"line":441,"column":9}},"273":{"start":{"line":438,"column":25},"end":{"line":438,"column":68}},"274":{"start":{"line":439,"column":10},"end":{"line":439,"column":104}},"275":{"start":{"line":439,"column":90},"end":{"line":439,"column":104}},"276":{"start":{"line":440,"column":10},"end":{"line":440,"column":24}},"277":{"start":{"line":442,"column":8},"end":{"line":442,"column":21}},"278":{"start":{"line":444,"column":6},"end":{"line":450,"column":7}},"279":{"start":{"line":445,"column":23},"end":{"line":445,"column":66}},"280":{"start":{"line":446,"column":8},"end":{"line":448,"column":9}},"281":{"start":{"line":447,"column":10},"end":{"line":447,"column":113}},"282":{"start":{"line":449,"column":8},"end":{"line":449,"column":22}},"283":{"start":{"line":451,"column":6},"end":{"line":451,"column":54}},"284":{"start":{"line":457,"column":6},"end":{"line":459,"column":7}},"285":{"start":{"line":458,"column":8},"end":{"line":458,"column":34}},"286":{"start":{"line":461,"column":27},"end":{"line":461,"column":62}},"287":{"start":{"line":462,"column":6},"end":{"line":464,"column":7}},"288":{"start":{"line":463,"column":8},"end":{"line":463,"column":34}},"289":{"start":{"line":466,"column":6},"end":{"line":473,"column":7}},"290":{"start":{"line":467,"column":19},"end":{"line":467,"column":51}},"291":{"start":{"line":468,"column":8},"end":{"line":472,"column":9}},"292":{"start":{"line":469,"column":10},"end":{"line":469,"column":65}},"293":{"start":{"line":469,"column":55},"end":{"line":469,"column":62}},"294":{"start":{"line":470,"column":15},"end":{"line":472,"column":9}},"295":{"start":{"line":471,"column":10},"end":{"line":471,"column":34}},"296":{"start":{"line":475,"column":6},"end":{"line":475,"column":39}},"297":{"start":{"line":475,"column":27},"end":{"line":475,"column":39}},"298":{"start":{"line":477,"column":6},"end":{"line":483,"column":7}},"299":{"start":{"line":478,"column":22},"end":{"line":478,"column":33}},"300":{"start":{"line":479,"column":25},"end":{"line":479,"column":38}},"301":{"start":{"line":480,"column":8},"end":{"line":480,"column":72}},"302":{"start":{"line":480,"column":39},"end":{"line":480,"column":72}},"303":{"start":{"line":481,"column":8},"end":{"line":481,"column":117}},"304":{"start":{"line":481,"column":86},"end":{"line":481,"column":117}},"305":{"start":{"line":482,"column":8},"end":{"line":482,"column":20}},"306":{"start":{"line":485,"column":6},"end":{"line":485,"column":32}}},"fnMap":{"0":{"name":"evalBuiltin","decl":{"start":{"line":9,"column":16},"end":{"line":9,"column":27}},"loc":{"start":{"line":9,"column":85},"end":{"line":488,"column":1}}},"1":{"name":"(anonymous_1)","decl":{"start":{"line":11,"column":13},"end":{"line":11,"column":14}},"loc":{"start":{"line":11,"column":29},"end":{"line":11,"column":54}}},"2":{"name":"(anonymous_2)","decl":{"start":{"line":12,"column":17},"end":{"line":12,"column":18}},"loc":{"start":{"line":12,"column":41},"end":{"line":12,"column":75}}},"3":{"name":"(anonymous_3)","decl":{"start":{"line":13,"column":19},"end":{"line":13,"column":20}},"loc":{"start":{"line":13,"column":48},"end":{"line":13,"column":88}}},"4":{"name":"(anonymous_4)","decl":{"start":{"line":14,"column":20},"end":{"line":14,"column":21}},"loc":{"start":{"line":14,"column":44},"end":{"line":14,"column":83}}},"5":{"name":"(anonymous_5)","decl":{"start":{"line":15,"column":20},"end":{"line":15,"column":21}},"loc":{"start":{"line":15,"column":35},"end":{"line":15,"column":70}}},"6":{"name":"(anonymous_6)","decl":{"start":{"line":20,"column":25},"end":{"line":20,"column":26}},"loc":{"start":{"line":20,"column":51},"end":{"line":20,"column":56}}},"7":{"name":"(anonymous_7)","decl":{"start":{"line":22,"column":56},"end":{"line":22,"column":57}},"loc":{"start":{"line":22,"column":82},"end":{"line":22,"column":87}}},"8":{"name":"(anonymous_8)","decl":{"start":{"line":24,"column":25},"end":{"line":24,"column":26}},"loc":{"start":{"line":24,"column":51},"end":{"line":24,"column":56}}},"9":{"name":"(anonymous_9)","decl":{"start":{"line":26,"column":59},"end":{"line":26,"column":60}},"loc":{"start":{"line":26,"column":85},"end":{"line":26,"column":90}}},"10":{"name":"(anonymous_10)","decl":{"start":{"line":46,"column":24},"end":{"line":46,"column":25}},"loc":{"start":{"line":46,"column":36},"end":{"line":46,"column":37}}},"11":{"name":"(anonymous_11)","decl":{"start":{"line":48,"column":23},"end":{"line":48,"column":24}},"loc":{"start":{"line":48,"column":35},"end":{"line":48,"column":36}}},"12":{"name":"(anonymous_12)","decl":{"start":{"line":54,"column":36},"end":{"line":54,"column":37}},"loc":{"start":{"line":54,"column":48},"end":{"line":54,"column":60}}},"13":{"name":"(anonymous_13)","decl":{"start":{"line":58,"column":30},"end":{"line":58,"column":31}},"loc":{"start":{"line":58,"column":42},"end":{"line":58,"column":54}}},"14":{"name":"(anonymous_14)","decl":{"start":{"line":61,"column":36},"end":{"line":61,"column":37}},"loc":{"start":{"line":61,"column":48},"end":{"line":61,"column":60}}},"15":{"name":"(anonymous_15)","decl":{"start":{"line":64,"column":22},"end":{"line":64,"column":23}},"loc":{"start":{"line":64,"column":34},"end":{"line":64,"column":46}}},"16":{"name":"(anonymous_16)","decl":{"start":{"line":112,"column":33},"end":{"line":112,"column":34}},"loc":{"start":{"line":112,"column":53},"end":{"line":126,"column":7}}},"17":{"name":"(anonymous_17)","decl":{"start":{"line":113,"column":19},"end":{"line":113,"column":22}},"loc":{"start":{"line":113,"column":24},"end":{"line":125,"column":9}}},"18":{"name":"(anonymous_18)","decl":{"start":{"line":133,"column":35},"end":{"line":133,"column":36}},"loc":{"start":{"line":133,"column":55},"end":{"line":144,"column":9}}},"19":{"name":"(anonymous_19)","decl":{"start":{"line":135,"column":67},"end":{"line":135,"column":68}},"loc":{"start":{"line":135,"column":81},"end":{"line":135,"column":94}}},"20":{"name":"(anonymous_20)","decl":{"start":{"line":138,"column":18},"end":{"line":138,"column":19}},"loc":{"start":{"line":138,"column":32},"end":{"line":138,"column":94}}},"21":{"name":"(anonymous_21)","decl":{"start":{"line":155,"column":57},"end":{"line":155,"column":58}},"loc":{"start":{"line":155,"column":68},"end":{"line":158,"column":9}}},"22":{"name":"(anonymous_22)","decl":{"start":{"line":162,"column":42},"end":{"line":162,"column":43}},"loc":{"start":{"line":162,"column":55},"end":{"line":162,"column":92}}},"23":{"name":"(anonymous_23)","decl":{"start":{"line":325,"column":22},"end":{"line":325,"column":23}},"loc":{"start":{"line":325,"column":45},"end":{"line":325,"column":126}}},"24":{"name":"(anonymous_24)","decl":{"start":{"line":325,"column":56},"end":{"line":325,"column":57}},"loc":{"start":{"line":325,"column":70},"end":{"line":325,"column":121}}},"25":{"name":"(anonymous_25)","decl":{"start":{"line":332,"column":31},"end":{"line":332,"column":32}},"loc":{"start":{"line":332,"column":40},"end":{"line":335,"column":7}}},"26":{"name":"(anonymous_26)","decl":{"start":{"line":469,"column":41},"end":{"line":469,"column":42}},"loc":{"start":{"line":469,"column":55},"end":{"line":469,"column":62}}}},"branchMap":{"0":{"loc":{"start":{"line":17,"column":2},"end":{"line":487,"column":3}},"type":"switch","locations":[{"start":{"line":19,"column":4},"end":{"line":20,"column":61}},{"start":{"line":21,"column":4},"end":{"line":22,"column":89}},{"start":{"line":23,"column":4},"end":{"line":24,"column":61}},{"start":{"line":25,"column":4},"end":{"line":26,"column":92}},{"start":{"line":27,"column":4},"end":{"line":28,"column":31}},{"start":{"line":31,"column":4},"end":{"line":32,"column":33}},{"start":{"line":33,"column":4},"end":{"line":34,"column":31}},{"start":{"line":35,"column":4},"end":{"line":36,"column":31}},{"start":{"line":37,"column":4},"end":{"line":38,"column":32}},{"start":{"line":39,"column":4},"end":{"line":40,"column":32}},{"start":{"line":41,"column":4},"end":{"line":42,"column":33}},{"start":{"line":45,"column":4},"end":{"line":46,"column":39}},{"start":{"line":47,"column":4},"end":{"line":48,"column":38}},{"start":{"line":49,"column":4},"end":{"line":50,"column":22}},{"start":{"line":53,"column":4},"end":{"line":55,"column":18}},{"start":{"line":56,"column":4},"end":{"line":56,"column":19}},{"start":{"line":57,"column":4},"end":{"line":59,"column":18}},{"start":{"line":60,"column":4},"end":{"line":62,"column":18}},{"start":{"line":63,"column":4},"end":{"line":64,"column":57}},{"start":{"line":65,"column":4},"end":{"line":66,"column":46}},{"start":{"line":67,"column":4},"end":{"line":71,"column":5}},{"start":{"line":74,"column":4},"end":{"line":78,"column":48}},{"start":{"line":79,"column":4},"end":{"line":80,"column":47}},{"start":{"line":81,"column":4},"end":{"line":82,"column":47}},{"start":{"line":83,"column":4},"end":{"line":84,"column":34}},{"start":{"line":87,"column":4},"end":{"line":88,"column":18}},{"start":{"line":89,"column":4},"end":{"line":90,"column":96}},{"start":{"line":91,"column":4},"end":{"line":92,"column":31}},{"start":{"line":93,"column":4},"end":{"line":97,"column":52}},{"start":{"line":98,"column":4},"end":{"line":100,"column":44}},{"start":{"line":101,"column":4},"end":{"line":105,"column":18}},{"start":{"line":108,"column":4},"end":{"line":127,"column":5}},{"start":{"line":129,"column":4},"end":{"line":148,"column":5}},{"start":{"line":150,"column":4},"end":{"line":172,"column":5}},{"start":{"line":174,"column":4},"end":{"line":182,"column":5}},{"start":{"line":185,"column":4},"end":{"line":197,"column":21}},{"start":{"line":198,"column":4},"end":{"line":199,"column":31}},{"start":{"line":202,"column":4},"end":{"line":203,"column":38}},{"start":{"line":204,"column":4},"end":{"line":205,"column":51}},{"start":{"line":208,"column":4},"end":{"line":209,"column":114}},{"start":{"line":210,"column":4},"end":{"line":212,"column":60}},{"start":{"line":213,"column":4},"end":{"line":216,"column":13}},{"start":{"line":217,"column":4},"end":{"line":218,"column":42}},{"start":{"line":219,"column":4},"end":{"line":220,"column":42}},{"start":{"line":221,"column":4},"end":{"line":222,"column":68}},{"start":{"line":223,"column":4},"end":{"line":223,"column":17}},{"start":{"line":224,"column":4},"end":{"line":225,"column":39}},{"start":{"line":226,"column":4},"end":{"line":227,"column":55}},{"start":{"line":228,"column":4},"end":{"line":229,"column":27}},{"start":{"line":230,"column":4},"end":{"line":231,"column":56}},{"start":{"line":232,"column":4},"end":{"line":233,"column":56}},{"start":{"line":234,"column":4},"end":{"line":235,"column":62}},{"start":{"line":236,"column":4},"end":{"line":237,"column":62}},{"start":{"line":238,"column":4},"end":{"line":239,"column":41}},{"start":{"line":240,"column":4},"end":{"line":241,"column":41}},{"start":{"line":242,"column":4},"end":{"line":243,"column":42}},{"start":{"line":244,"column":4},"end":{"line":245,"column":36}},{"start":{"line":246,"column":4},"end":{"line":247,"column":88}},{"start":{"line":248,"column":4},"end":{"line":249,"column":116}},{"start":{"line":250,"column":4},"end":{"line":250,"column":22}},{"start":{"line":251,"column":4},"end":{"line":252,"column":29}},{"start":{"line":253,"column":4},"end":{"line":253,"column":22}},{"start":{"line":254,"column":4},"end":{"line":255,"column":41}},{"start":{"line":256,"column":4},"end":{"line":261,"column":21}},{"start":{"line":262,"column":4},"end":{"line":265,"column":16}},{"start":{"line":266,"column":4},"end":{"line":267,"column":102}},{"start":{"line":268,"column":4},"end":{"line":268,"column":16}},{"start":{"line":269,"column":4},"end":{"line":270,"column":71}},{"start":{"line":271,"column":4},"end":{"line":272,"column":63}},{"start":{"line":273,"column":4},"end":{"line":274,"column":70}},{"start":{"line":275,"column":4},"end":{"line":276,"column":70}},{"start":{"line":277,"column":4},"end":{"line":280,"column":19}},{"start":{"line":281,"column":4},"end":{"line":282,"column":110}},{"start":{"line":283,"column":4},"end":{"line":284,"column":108}},{"start":{"line":285,"column":4},"end":{"line":286,"column":104}},{"start":{"line":287,"column":4},"end":{"line":290,"column":13}},{"start":{"line":291,"column":4},"end":{"line":292,"column":103}},{"start":{"line":295,"column":4},"end":{"line":297,"column":37}},{"start":{"line":298,"column":4},"end":{"line":303,"column":16}},{"start":{"line":304,"column":4},"end":{"line":305,"column":95}},{"start":{"line":306,"column":4},"end":{"line":310,"column":18}},{"start":{"line":311,"column":4},"end":{"line":315,"column":36}},{"start":{"line":316,"column":4},"end":{"line":322,"column":5}},{"start":{"line":323,"column":4},"end":{"line":327,"column":5}},{"start":{"line":328,"column":4},"end":{"line":329,"column":65}},{"start":{"line":330,"column":4},"end":{"line":335,"column":9}},{"start":{"line":336,"column":4},"end":{"line":338,"column":35}},{"start":{"line":339,"column":4},"end":{"line":340,"column":95}},{"start":{"line":341,"column":4},"end":{"line":342,"column":78}},{"start":{"line":343,"column":4},"end":{"line":345,"column":35}},{"start":{"line":348,"column":4},"end":{"line":349,"column":28}},{"start":{"line":350,"column":4},"end":{"line":351,"column":29}},{"start":{"line":352,"column":4},"end":{"line":353,"column":30}},{"start":{"line":356,"column":4},"end":{"line":357,"column":31}},{"start":{"line":358,"column":4},"end":{"line":359,"column":31}},{"start":{"line":360,"column":4},"end":{"line":361,"column":31}},{"start":{"line":362,"column":4},"end":{"line":363,"column":33}},{"start":{"line":364,"column":4},"end":{"line":365,"column":32}},{"start":{"line":366,"column":4},"end":{"line":367,"column":33}},{"start":{"line":368,"column":4},"end":{"line":369,"column":32}},{"start":{"line":370,"column":4},"end":{"line":371,"column":40}},{"start":{"line":372,"column":4},"end":{"line":373,"column":31}},{"start":{"line":374,"column":4},"end":{"line":375,"column":31}},{"start":{"line":376,"column":4},"end":{"line":377,"column":31}},{"start":{"line":378,"column":4},"end":{"line":379,"column":31}},{"start":{"line":380,"column":4},"end":{"line":381,"column":31}},{"start":{"line":382,"column":4},"end":{"line":383,"column":27}},{"start":{"line":384,"column":4},"end":{"line":385,"column":59}},{"start":{"line":388,"column":4},"end":{"line":389,"column":59}},{"start":{"line":390,"column":4},"end":{"line":391,"column":60}},{"start":{"line":392,"column":4},"end":{"line":393,"column":61}},{"start":{"line":394,"column":4},"end":{"line":395,"column":58}},{"start":{"line":396,"column":4},"end":{"line":397,"column":60}},{"start":{"line":398,"column":4},"end":{"line":399,"column":61}},{"start":{"line":400,"column":4},"end":{"line":401,"column":62}},{"start":{"line":402,"column":4},"end":{"line":405,"column":5}},{"start":{"line":406,"column":4},"end":{"line":407,"column":68}},{"start":{"line":408,"column":4},"end":{"line":409,"column":67}},{"start":{"line":410,"column":4},"end":{"line":410,"column":25}},{"start":{"line":411,"column":4},"end":{"line":412,"column":57}},{"start":{"line":414,"column":4},"end":{"line":452,"column":5}},{"start":{"line":455,"column":4},"end":{"line":486,"column":5}}]},"1":{"loc":{"start":{"line":22,"column":13},"end":{"line":22,"column":88}},"type":"cond-expr","locations":[{"start":{"line":22,"column":33},"end":{"line":22,"column":41}},{"start":{"line":22,"column":44},"end":{"line":22,"column":88}}]},"2":{"loc":{"start":{"line":26,"column":13},"end":{"line":26,"column":91}},"type":"cond-expr","locations":[{"start":{"line":26,"column":33},"end":{"line":26,"column":44}},{"start":{"line":26,"column":47},"end":{"line":26,"column":91}}]},"3":{"loc":{"start":{"line":75,"column":6},"end":{"line":75,"column":56}},"type":"if","locations":[{"start":{"line":75,"column":6},"end":{"line":75,"column":56}}]},"4":{"loc":{"start":{"line":77,"column":6},"end":{"line":77,"column":56}},"type":"if","locations":[{"start":{"line":77,"column":6},"end":{"line":77,"column":56}}]},"5":{"loc":{"start":{"line":77,"column":42},"end":{"line":77,"column":55}},"type":"binary-expr","locations":[{"start":{"line":77,"column":42},"end":{"line":77,"column":49}},{"start":{"line":77,"column":53},"end":{"line":77,"column":55}}]},"6":{"loc":{"start":{"line":84,"column":13},"end":{"line":84,"column":33}},"type":"binary-expr","locations":[{"start":{"line":84,"column":13},"end":{"line":84,"column":28}},{"start":{"line":84,"column":32},"end":{"line":84,"column":33}}]},"7":{"loc":{"start":{"line":90,"column":13},"end":{"line":90,"column":95}},"type":"cond-expr","locations":[{"start":{"line":90,"column":60},"end":{"line":90,"column":70}},{"start":{"line":90,"column":74},"end":{"line":90,"column":94}}]},"8":{"loc":{"start":{"line":90,"column":13},"end":{"line":90,"column":57}},"type":"binary-expr","locations":[{"start":{"line":90,"column":13},"end":{"line":90,"column":35}},{"start":{"line":90,"column":39},"end":{"line":90,"column":57}}]},"9":{"loc":{"start":{"line":90,"column":74},"end":{"line":90,"column":94}},"type":"binary-expr","locations":[{"start":{"line":90,"column":74},"end":{"line":90,"column":86}},{"start":{"line":90,"column":90},"end":{"line":90,"column":94}}]},"10":{"loc":{"start":{"line":94,"column":6},"end":{"line":96,"column":7}},"type":"if","locations":[{"start":{"line":94,"column":6},"end":{"line":96,"column":7}}]},"11":{"loc":{"start":{"line":94,"column":10},"end":{"line":94,"column":79}},"type":"binary-expr","locations":[{"start":{"line":94,"column":10},"end":{"line":94,"column":32}},{"start":{"line":94,"column":36},"end":{"line":94,"column":53}},{"start":{"line":94,"column":57},"end":{"line":94,"column":79}}]},"12":{"loc":{"start":{"line":97,"column":18},"end":{"line":97,"column":31}},"type":"binary-expr","locations":[{"start":{"line":97,"column":18},"end":{"line":97,"column":25}},{"start":{"line":97,"column":29},"end":{"line":97,"column":31}}]},"13":{"loc":{"start":{"line":99,"column":6},"end":{"line":99,"column":64}},"type":"if","locations":[{"start":{"line":99,"column":6},"end":{"line":99,"column":64}}]},"14":{"loc":{"start":{"line":100,"column":18},"end":{"line":100,"column":31}},"type":"binary-expr","locations":[{"start":{"line":100,"column":18},"end":{"line":100,"column":25}},{"start":{"line":100,"column":29},"end":{"line":100,"column":31}}]},"15":{"loc":{"start":{"line":102,"column":6},"end":{"line":104,"column":7}},"type":"if","locations":[{"start":{"line":102,"column":6},"end":{"line":104,"column":7}}]},"16":{"loc":{"start":{"line":103,"column":16},"end":{"line":103,"column":29}},"type":"binary-expr","locations":[{"start":{"line":103,"column":16},"end":{"line":103,"column":23}},{"start":{"line":103,"column":27},"end":{"line":103,"column":29}}]},"17":{"loc":{"start":{"line":109,"column":6},"end":{"line":109,"column":91}},"type":"if","locations":[{"start":{"line":109,"column":6},"end":{"line":109,"column":91}}]},"18":{"loc":{"start":{"line":115,"column":12},"end":{"line":121,"column":13}},"type":"if","locations":[{"start":{"line":115,"column":12},"end":{"line":121,"column":13}},{"start":{"line":117,"column":19},"end":{"line":121,"column":13}}]},"19":{"loc":{"start":{"line":117,"column":19},"end":{"line":121,"column":13}},"type":"if","locations":[{"start":{"line":117,"column":19},"end":{"line":121,"column":13}},{"start":{"line":119,"column":19},"end":{"line":121,"column":13}}]},"20":{"loc":{"start":{"line":130,"column":6},"end":{"line":130,"column":86}},"type":"if","locations":[{"start":{"line":130,"column":6},"end":{"line":130,"column":86}}]},"21":{"loc":{"start":{"line":132,"column":6},"end":{"line":147,"column":7}},"type":"if","locations":[{"start":{"line":132,"column":6},"end":{"line":147,"column":7}},{"start":{"line":145,"column":13},"end":{"line":147,"column":7}}]},"22":{"loc":{"start":{"line":138,"column":39},"end":{"line":138,"column":93}},"type":"cond-expr","locations":[{"start":{"line":138,"column":63},"end":{"line":138,"column":67}},{"start":{"line":138,"column":70},"end":{"line":138,"column":93}}]},"23":{"loc":{"start":{"line":154,"column":6},"end":{"line":165,"column":7}},"type":"if","locations":[{"start":{"line":154,"column":6},"end":{"line":165,"column":7}},{"start":{"line":159,"column":13},"end":{"line":165,"column":7}}]},"24":{"loc":{"start":{"line":154,"column":10},"end":{"line":154,"column":150}},"type":"binary-expr","locations":[{"start":{"line":154,"column":10},"end":{"line":154,"column":19}},{"start":{"line":154,"column":23},"end":{"line":154,"column":52}},{"start":{"line":154,"column":56},"end":{"line":154,"column":75}},{"start":{"line":154,"column":79},"end":{"line":154,"column":107}},{"start":{"line":154,"column":111},"end":{"line":154,"column":150}}]},"25":{"loc":{"start":{"line":156,"column":10},"end":{"line":156,"column":105}},"type":"if","locations":[{"start":{"line":156,"column":10},"end":{"line":156,"column":105}}]},"26":{"loc":{"start":{"line":156,"column":14},"end":{"line":156,"column":80}},"type":"binary-expr","locations":[{"start":{"line":156,"column":14},"end":{"line":156,"column":15}},{"start":{"line":156,"column":19},"end":{"line":156,"column":40}},{"start":{"line":156,"column":44},"end":{"line":156,"column":55}},{"start":{"line":156,"column":59},"end":{"line":156,"column":80}}]},"27":{"loc":{"start":{"line":159,"column":13},"end":{"line":165,"column":7}},"type":"if","locations":[{"start":{"line":159,"column":13},"end":{"line":165,"column":7}},{"start":{"line":161,"column":13},"end":{"line":165,"column":7}}]},"28":{"loc":{"start":{"line":159,"column":17},"end":{"line":159,"column":115}},"type":"binary-expr","locations":[{"start":{"line":159,"column":17},"end":{"line":159,"column":26}},{"start":{"line":159,"column":30},"end":{"line":159,"column":59}},{"start":{"line":159,"column":63},"end":{"line":159,"column":82}},{"start":{"line":159,"column":86},"end":{"line":159,"column":115}}]},"29":{"loc":{"start":{"line":161,"column":13},"end":{"line":165,"column":7}},"type":"if","locations":[{"start":{"line":161,"column":13},"end":{"line":165,"column":7}},{"start":{"line":163,"column":13},"end":{"line":165,"column":7}}]},"30":{"loc":{"start":{"line":162,"column":55},"end":{"line":162,"column":92}},"type":"cond-expr","locations":[{"start":{"line":162,"column":79},"end":{"line":162,"column":80}},{"start":{"line":162,"column":83},"end":{"line":162,"column":92}}]},"31":{"loc":{"start":{"line":175,"column":6},"end":{"line":175,"column":93}},"type":"if","locations":[{"start":{"line":175,"column":6},"end":{"line":175,"column":93}}]},"32":{"loc":{"start":{"line":186,"column":6},"end":{"line":186,"column":101}},"type":"if","locations":[{"start":{"line":186,"column":6},"end":{"line":186,"column":101}}]},"33":{"loc":{"start":{"line":186,"column":10},"end":{"line":186,"column":84}},"type":"binary-expr","locations":[{"start":{"line":186,"column":10},"end":{"line":186,"column":37}},{"start":{"line":186,"column":41},"end":{"line":186,"column":57}},{"start":{"line":186,"column":61},"end":{"line":186,"column":84}}]},"34":{"loc":{"start":{"line":187,"column":6},"end":{"line":196,"column":7}},"type":"if","locations":[{"start":{"line":187,"column":6},"end":{"line":196,"column":7}}]},"35":{"loc":{"start":{"line":192,"column":10},"end":{"line":192,"column":85}},"type":"if","locations":[{"start":{"line":192,"column":10},"end":{"line":192,"column":85}}]},"36":{"loc":{"start":{"line":192,"column":14},"end":{"line":192,"column":60}},"type":"binary-expr","locations":[{"start":{"line":192,"column":14},"end":{"line":192,"column":37}},{"start":{"line":192,"column":41},"end":{"line":192,"column":60}}]},"37":{"loc":{"start":{"line":193,"column":10},"end":{"line":193,"column":56}},"type":"if","locations":[{"start":{"line":193,"column":10},"end":{"line":193,"column":56}}]},"38":{"loc":{"start":{"line":209,"column":13},"end":{"line":209,"column":113}},"type":"cond-expr","locations":[{"start":{"line":209,"column":74},"end":{"line":209,"column":108}},{"start":{"line":209,"column":111},"end":{"line":209,"column":113}}]},"39":{"loc":{"start":{"line":209,"column":13},"end":{"line":209,"column":71}},"type":"binary-expr","locations":[{"start":{"line":209,"column":13},"end":{"line":209,"column":40}},{"start":{"line":209,"column":44},"end":{"line":209,"column":71}}]},"40":{"loc":{"start":{"line":209,"column":74},"end":{"line":209,"column":108}},"type":"binary-expr","locations":[{"start":{"line":209,"column":74},"end":{"line":209,"column":102}},{"start":{"line":209,"column":106},"end":{"line":209,"column":108}}]},"41":{"loc":{"start":{"line":211,"column":6},"end":{"line":211,"column":90}},"type":"if","locations":[{"start":{"line":211,"column":6},"end":{"line":211,"column":90}}]},"42":{"loc":{"start":{"line":211,"column":10},"end":{"line":211,"column":59}},"type":"binary-expr","locations":[{"start":{"line":211,"column":10},"end":{"line":211,"column":37}},{"start":{"line":211,"column":41},"end":{"line":211,"column":59}}]},"43":{"loc":{"start":{"line":214,"column":13},"end":{"line":216,"column":12}},"type":"cond-expr","locations":[{"start":{"line":215,"column":10},"end":{"line":215,"column":92}},{"start":{"line":216,"column":10},"end":{"line":216,"column":12}}]},"44":{"loc":{"start":{"line":215,"column":39},"end":{"line":215,"column":51}},"type":"binary-expr","locations":[{"start":{"line":215,"column":39},"end":{"line":215,"column":46}},{"start":{"line":215,"column":50},"end":{"line":215,"column":51}}]},"45":{"loc":{"start":{"line":215,"column":65},"end":{"line":215,"column":90}},"type":"binary-expr","locations":[{"start":{"line":215,"column":65},"end":{"line":215,"column":72}},{"start":{"line":215,"column":76},"end":{"line":215,"column":90}}]},"46":{"loc":{"start":{"line":227,"column":13},"end":{"line":227,"column":54}},"type":"binary-expr","locations":[{"start":{"line":227,"column":13},"end":{"line":227,"column":29}},{"start":{"line":227,"column":33},"end":{"line":227,"column":54}}]},"47":{"loc":{"start":{"line":231,"column":13},"end":{"line":231,"column":55}},"type":"binary-expr","locations":[{"start":{"line":231,"column":13},"end":{"line":231,"column":40}},{"start":{"line":231,"column":44},"end":{"line":231,"column":55}}]},"48":{"loc":{"start":{"line":233,"column":13},"end":{"line":233,"column":55}},"type":"binary-expr","locations":[{"start":{"line":233,"column":13},"end":{"line":233,"column":40}},{"start":{"line":233,"column":44},"end":{"line":233,"column":55}}]},"49":{"loc":{"start":{"line":235,"column":13},"end":{"line":235,"column":61}},"type":"binary-expr","locations":[{"start":{"line":235,"column":13},"end":{"line":235,"column":40}},{"start":{"line
[...]
:61,"column":6},"end":{"line":61,"column":15}},"17":{"start":{"line":65,"column":4},"end":{"line":68,"column":5}},"18":{"start":{"line":66,"column":6},"end":{"line":66,"column":58}},"19":{"start":{"line":66,"column":54},"end":{"line":66,"column":58}},"20":{"start":{"line":67,"column":6},"end":{"line":67,"column":15}},"21":{"start":{"line":71,"column":4},"end":{"line":112,"column":5}},"22":{"start":{"line":72,"column":20},"end":{"line":72,"column":21}},"23":{"start":{"line":73,"column":23},"end":{"line":73,"column":26}},"24":{"start":{"line":74,"column":6},"end":{"line":74,"column":10}},"25":{"start":{"line":75,"column":6},"end":{"line":75,"column":12}},"26":{"start":{"line":76,"column":18},"end":{"line":76,"column":20}},"27":{"start":{"line":78,"column":6},"end":{"line":103,"column":7}},"28":{"start":{"line":79,"column":8},"end":{"line":102,"column":9}},"29":{"start":{"line":80,"column":10},"end":{"line":80,"column":14}},"30":{"start":{"line":81,"column":10},"end":{"line":81,"column":16}},"31":{"start":{"line":82,"column":22},"end":{"line":82,"column":31}},"32":{"start":{"line":83,"column":10},"end":{"line":90,"column":11}},"33":{"start":{"line":84,"column":22},"end":{"line":84,"column":36}},"34":{"start":{"line":84,"column":37},"end":{"line":84,"column":43}},"35":{"start":{"line":85,"column":22},"end":{"line":85,"column":36}},"36":{"start":{"line":85,"column":37},"end":{"line":85,"column":43}},"37":{"start":{"line":86,"column":22},"end":{"line":86,"column":36}},"38":{"start":{"line":86,"column":37},"end":{"line":86,"column":43}},"39":{"start":{"line":87,"column":23},"end":{"line":87,"column":37}},"40":{"start":{"line":87,"column":38},"end":{"line":87,"column":44}},"41":{"start":{"line":88,"column":22},"end":{"line":88,"column":35}},"42":{"start":{"line":88,"column":36},"end":{"line":88,"column":42}},"43":{"start":{"line":89,"column":21},"end":{"line":89,"column":34}},"44":{"start":{"line":91,"column":10},"end":{"line":91,"column":14}},"45":{"start":{"line":92,"column":10},"end":{"line":92,"column":16}},"46":{"start":{"line":94,"column":10},"end":{"line":99,"column":11}},"47":{"start":{"line":95,"column":12},"end":{"line":95,"column":19}},"48":{"start":{"line":96,"column":12},"end":{"line":96,"column":20}},"49":{"start":{"line":98,"column":12},"end":{"line":98,"column":18}},"50":{"start":{"line":100,"column":10},"end":{"line":100,"column":29}},"51":{"start":{"line":101,"column":10},"end":{"line":101,"column":14}},"52":{"start":{"line":105,"column":6},"end":{"line":107,"column":7}},"53":{"start":{"line":106,"column":8},"end":{"line":106,"column":80}},"54":{"start":{"line":109,"column":6},"end":{"line":109,"column":10}},"55":{"start":{"line":109,"column":11},"end":{"line":109,"column":17}},"56":{"start":{"line":110,"column":6},"end":{"line":110,"column":66}},"57":{"start":{"line":111,"column":6},"end":{"line":111,"column":15}},"58":{"start":{"line":115,"column":4},"end":{"line":120,"column":5}},"59":{"start":{"line":116,"column":6},"end":{"line":116,"column":63}},"60":{"start":{"line":117,"column":6},"end":{"line":117,"column":10}},"61":{"start":{"line":118,"column":6},"end":{"line":118,"column":12}},"62":{"start":{"line":119,"column":6},"end":{"line":119,"column":15}},"63":{"start":{"line":121,"column":4},"end":{"line":126,"column":5}},"64":{"start":{"line":122,"column":6},"end":{"line":122,"column":63}},"65":{"start":{"line":123,"column":6},"end":{"line":123,"column":10}},"66":{"start":{"line":124,"column":6},"end":{"line":124,"column":12}},"67":{"start":{"line":125,"column":6},"end":{"line":125,"column":15}},"68":{"start":{"line":129,"column":4},"end":{"line":134,"column":5}},"69":{"start":{"line":130,"column":6},"end":{"line":130,"column":61}},"70":{"start":{"line":131,"column":6},"end":{"line":131,"column":10}},"71":{"start":{"line":132,"column":6},"end":{"line":132,"column":12}},"72":{"start":{"line":133,"column":6},"end":{"line":133,"column":15}},"73":{"start":{"line":135,"column":4},"end":{"line":140,"column":5}},"74":{"start":{"line":136,"column":6},"end":{"line":136,"column":61}},"75":{"start":{"line":137,"column":6},"end":{"line":137,"column":10}},"76":{"start":{"line":138,"column":6},"end":{"line":138,"column":12}},"77":{"start":{"line":139,"column":6},"end":{"line":139,"column":15}},"78":{"start":{"line":143,"column":4},"end":{"line":148,"column":5}},"79":{"start":{"line":144,"column":6},"end":{"line":144,"column":61}},"80":{"start":{"line":145,"column":6},"end":{"line":145,"column":10}},"81":{"start":{"line":146,"column":6},"end":{"line":146,"column":12}},"82":{"start":{"line":147,"column":6},"end":{"line":147,"column":15}},"83":{"start":{"line":149,"column":4},"end":{"line":154,"column":5}},"84":{"start":{"line":150,"column":6},"end":{"line":150,"column":61}},"85":{"start":{"line":151,"column":6},"end":{"line":151,"column":10}},"86":{"start":{"line":152,"column":6},"end":{"line":152,"column":12}},"87":{"start":{"line":153,"column":6},"end":{"line":153,"column":15}},"88":{"start":{"line":157,"column":4},"end":{"line":163,"column":5}},"89":{"start":{"line":158,"column":23},"end":{"line":158,"column":26}},"90":{"start":{"line":159,"column":6},"end":{"line":159,"column":71}},"91":{"start":{"line":160,"column":6},"end":{"line":160,"column":10}},"92":{"start":{"line":161,"column":6},"end":{"line":161,"column":12}},"93":{"start":{"line":162,"column":6},"end":{"line":162,"column":15}},"94":{"start":{"line":166,"column":4},"end":{"line":172,"column":5}},"95":{"start":{"line":167,"column":23},"end":{"line":167,"column":26}},"96":{"start":{"line":168,"column":6},"end":{"line":168,"column":70}},"97":{"start":{"line":169,"column":6},"end":{"line":169,"column":10}},"98":{"start":{"line":170,"column":6},"end":{"line":170,"column":12}},"99":{"start":{"line":171,"column":6},"end":{"line":171,"column":15}},"100":{"start":{"line":175,"column":4},"end":{"line":194,"column":5}},"101":{"start":{"line":176,"column":20},"end":{"line":176,"column":21}},"102":{"start":{"line":177,"column":23},"end":{"line":177,"column":26}},"103":{"start":{"line":178,"column":6},"end":{"line":178,"column":10}},"104":{"start":{"line":179,"column":6},"end":{"line":179,"column":12}},"105":{"start":{"line":181,"column":20},"end":{"line":181,"column":22}},"106":{"start":{"line":182,"column":6},"end":{"line":186,"column":7}},"107":{"start":{"line":183,"column":8},"end":{"line":183,"column":29}},"108":{"start":{"line":184,"column":8},"end":{"line":184,"column":12}},"109":{"start":{"line":185,"column":8},"end":{"line":185,"column":14}},"110":{"start":{"line":188,"column":6},"end":{"line":190,"column":7}},"111":{"start":{"line":189,"column":8},"end":{"line":189,"column":91}},"112":{"start":{"line":192,"column":6},"end":{"line":192,"column":77}},"113":{"start":{"line":193,"column":6},"end":{"line":193,"column":15}},"114":{"start":{"line":197,"column":4},"end":{"line":209,"column":5}},"115":{"start":{"line":198,"column":20},"end":{"line":198,"column":21}},"116":{"start":{"line":199,"column":23},"end":{"line":199,"column":26}},"117":{"start":{"line":201,"column":6},"end":{"line":204,"column":7}},"118":{"start":{"line":202,"column":8},"end":{"line":202,"column":12}},"119":{"start":{"line":203,"column":8},"end":{"line":203,"column":14}},"120":{"start":{"line":206,"column":20},"end":{"line":206,"column":42}},"121":{"start":{"line":207,"column":6},"end":{"line":207,"column":66}},"122":{"start":{"line":208,"column":6},"end":{"line":208,"column":15}},"123":{"start":{"line":215,"column":4},"end":{"line":232,"column":5}},"124":{"start":{"line":216,"column":20},"end":{"line":216,"column":21}},"125":{"start":{"line":217,"column":23},"end":{"line":217,"column":26}},"126":{"start":{"line":219,"column":6},"end":{"line":222,"column":7}},"127":{"start":{"line":220,"column":8},"end":{"line":220,"column":12}},"128":{"start":{"line":221,"column":8},"end":{"line":221,"column":14}},"129":{"start":{"line":224,"column":20},"end":{"line":224,"column":42}},"130":{"start":{"line":227,"column":26},"end":{"line":227,"column":52}},"131":{"start":{"line":228,"column":24},"end":{"line":228,"column":47}},"132":{"start":{"line":230,"column":6},"end":{"line":230,"column":67}},"133":{"start":{"line":231,"column":6},"end":{"line":231,"column":15}},"134":{"start":{"line":234,"column":4},"end":{"line":234,"column":80}},"135":{"start":{"line":237,"column":2},"end":{"line":237,"column":53}},"136":{"start":{"line":238,"column":2},"end":{"line":238,"column":16}}},"fnMap":{"0":{"name":"getKeywordTokenType","decl":{"start":{"line":41,"column":9},"end":{"line":41,"column":28}},"loc":{"start":{"line":41,"column":41},"end":{"line":43,"column":1}}},"1":{"name":"lex","decl":{"start":{"line":45,"column":16},"end":{"line":45,"column":19}},"loc":{"start":{"line":45,"column":34},"end":{"line":239,"column":1}}}},"branchMap":{"0":{"loc":{"start":{"line":42,"column":9},"end":{"line":42,"column":35}},"type":"binary-expr","locations":[{"start":{"line":42,"column":9},"end":{"line":42,"column":27}},{"start":{"line":42,"column":31},"end":{"line":42,"column":35}}]},"1":{"loc":{"start":{"line":53,"column":4},"end":{"line":62,"column":5}},"type":"if","locations":[{"start":{"line":53,"column":4},"end":{"line":62,"column":5}}]},"2":{"loc":{"start":{"line":54,"column":6},"end":{"line":59,"column":7}},"type":"if","locations":[{"start":{"line":54,"column":6},"end":{"line":59,"column":7}},{"start":{"line":57,"column":13},"end":{"line":59,"column":7}}]},"3":{"loc":{"start":{"line":65,"column":4},"end":{"line":68,"column":5}},"type":"if","locations":[{"start":{"line":65,"column":4},"end":{"line":68,"column":5}}]},"4":{"loc":{"start":{"line":66,"column":13},"end":{"line":66,"column":52}},"type":"binary-expr","locations":[{"start":{"line":66,"column":13},"end":{"line":66,"column":30}},{"start":{"line":66,"column":34},"end":{"line":66,"column":52}}]},"5":{"loc":{"start":{"line":71,"column":4},"end":{"line":112,"column":5}},"type":"if","locations":[{"start":{"line":71,"column":4},"end":{"line":112,"column":5}}]},"6":{"loc":{"start":{"line":78,"column":13},"end":{"line":78,"column":51}},"type":"binary-expr","locations":[{"start":{"line":78,"column":13},"end":{"line":78,"column":30}},{"start":{"line":78,"column":34},"end":{"line":78,"column":51}}]},"7":{"loc":{"start":{"line":79,"column":8},"end":{"line":102,"column":9}},"type":"if","locations":[{"start":{"line":79,"column":8},"end":{"line":102,"column":9}},{"start":{"line":93,"column":15},"end":{"line":102,"column":9}}]},"8":{"loc":{"start":{"line":79,"column":12},"end":{"line":79,"column":55}},"type":"binary-expr","locations":[{"start":{"line":79,"column":12},"end":{"line":79,"column":30}},{"start":{"line":79,"column":34},"end":{"line":79,"column":55}}]},"9":{"loc":{"start":{"line":83,"column":10},"end":{"line":90,"column":11}},"type":"switch","locations":[{"start":{"line":84,"column":12},"end":{"line":84,"column":43}},{"start":{"line":85,"column":12},"end":{"line":85,"column":43}},{"start":{"line":86,"column":12},"end":{"line":86,"column":43}},{"start":{"line":87,"column":12},"end":{"line":87,"column":44}},{"start":{"line":88,"column":12},"end":{"line":88,"column":42}},{"start":{"line":89,"column":12},"end":{"line":89,"column":34}}]},"10":{"loc":{"start":{"line":94,"column":10},"end":{"line":99,"column":11}},"type":"if","locations":[{"start":{"line":94,"column":10},"end":{"line":99,"column":11}},{"start":{"line":97,"column":17},"end":{"line":99,"column":11}}]},"11":{"loc":{"start":{"line":105,"column":6},"end":{"line":107,"column":7}},"type":"if","locations":[{"start":{"line":105,"column":6},"end":{"line":107,"column":7}}]},"12":{"loc":{"start":{"line":115,"column":4},"end":{"line":120,"column":5}},"type":"if","locations":[{"start":{"line":115,"column":4},"end":{"line":120,"column":5}}]},"13":{"loc":{"start":{"line":121,"column":4},"end":{"line":126,"column":5}},"type":"if","locations":[{"start":{"line":121,"column":4},"end":{"line":126,"column":5}}]},"14":{"loc":{"start":{"line":129,"column":4},"end":{"line":134,"column":5}},"type":"if","locations":[{"start":{"line":129,"column":4},"end":{"line":134,"column":5}}]},"15":{"loc":{"start":{"line":135,"column":4},"end":{"line":140,"column":5}},"type":"if","locations":[{"start":{"line":135,"column":4},"end":{"line":140,"column":5}}]},"16":{"loc":{"start":{"line":143,"column":4},"end":{"line":148,"column":5}},"type":"if","locations":[{"start":{"line":143,"column":4},"end":{"line":148,"column":5}}]},"17":{"loc":{"start":{"line":149,"column":4},"end":{"line":154,"column":5}},"type":"if","locations":[{"start":{"line":149,"column":4},"end":{"line":154,"column":5}}]},"18":{"loc":{"start":{"line":157,"column":4},"end":{"line":163,"column":5}},"type":"if","locations":[{"start":{"line":157,"column":4},"end":{"line":163,"column":5}}]},"19":{"loc":{"start":{"line":166,"column":4},"end":{"line":172,"column":5}},"type":"if","locations":[{"start":{"line":166,"column":4},"end":{"line":172,"column":5}}]},"20":{"loc":{"start":{"line":175,"column":4},"end":{"line":194,"column":5}},"type":"if","locations":[{"start":{"line":175,"column":4},"end":{"line":194,"column":5}}]},"21":{"loc":{"start":{"line":182,"column":13},"end":{"line":182,"column":65}},"type":"binary-expr","locations":[{"start":{"line":182,"column":13},"end":{"line":182,"column":30}},{"start":{"line":182,"column":34},"end":{"line":182,"column":65}}]},"22":{"loc":{"start":{"line":188,"column":6},"end":{"line":190,"column":7}},"type":"if","locations":[{"start":{"line":188,"column":6},"end":{"line":190,"column":7}}]},"23":{"loc":{"start":{"line":197,"column":4},"end":{"line":209,"column":5}},"type":"if","locations":[{"start":{"line":197,"column":4},"end":{"line":209,"column":5}}]},"24":{"loc":{"start":{"line":201,"column":13},"end":{"line":201,"column":57}},"type":"binary-expr","locations":[{"start":{"line":201,"column":13},"end":{"line":201,"column":30}},{"start":{"line":201,"column":34},"end":{"line":201,"column":57}}]},"25":{"loc":{"start":{"line":215,"column":4},"end":{"line":232,"column":5}},"type":"if","locations":[{"start":{"line":215,"column":4},"end":{"line":232,"column":5}}]},"26":{"loc":{"start":{"line":219,"column":13},"end":{"line":219,"column":77}},"type":"binary-expr","locations":[{"start":{"line":219,"column":13},"end":{"line":219,"column":30}},{"start":{"line":219,"column":34},"end":{"line":219,"column":77}}]},"27":{"loc":{"start":{"line":228,"column":24},"end":{"line":228,"column":47}},"type":"binary-expr","locations":[{"start":{"line":228,"column":24},"end":{"line":228,"column":35}},{"start":{"line":228,"column":39},"end":{"line":228,"column":47}}]}},"s":{"0":7,"1":7,"2":7,"3":91833,"4":673,"5":673,"6":673,"7":673,"8":673,"9":802500,"10":802500,"11":436108,"12":79487,"13":79487,"14":356621,"15":436108,"16":436108,"17":366392,"18":2578,"19":117866,"20":2578,"21":363814,"22":3387,"23":3387,"24":3387,"25":3387,"26":3387,"27":3387,"28":10871,"29":3,"30":3,"31":3,"32":3,"33":2,"34":2,"35":1,"36":1,"37":0,"38":0,"39":0,"40":0,"41":0,"42":0,"43":0,"44":3,"45":3,"46":10868,"47":0,"48":0,"49":10868,"50":10868,"51":10868,"52":3387,"53":0,"54":3387,"55":3387,"56":3387,"57":3387,"58":360427,"59":32330,"60":32330,"61":32330,"62":32330,"63":328097,"64":32330,"65":32330,"66":32330,"67":32330,"68":295767,"69":51723,"70":51723,"71":51723,"72":51723,"73":244044,"74":51723,"75":51723,"76":51723,"77":51723,"78":192321,"79":11,"80":11,"81":11,"82":11,"83":192310,"84":11,"85":11,"86":11,"87":11,"88":192299,"89":0,"90":0,"91":0,"92":0,"93":0,"94":192299,"95":20610,"96":20610,"97":20610,"98":20610,"99":20610,"100":171689,"101":70207,"102":70207,"103":70207,"104":70207,"105":70207,"106":70207,"107":151561,"108":151561,"109":151561,"110":70207,"111":0,"112":70207,"113":70207,"114":101482,"115":9649,"116":9649,"117":9649,"118":9777,"119":9777,"120":9649,"121":9649,"122":9649,"123":91833,"124":91833,"125":91833,"126":91833,"127":453608,"128":453608,"129":91833,"130":91833,"131":91833,"132":91833,"133":91833,"134":0,"135":673,"136":673},"f":{"0":91833,"1":673},"b":{"0":[91833,85349],"1":[436108],"2":[79487,356621],"3":[2578],"4":[120444,120443],"5":[3387],"6":[14258,14258],"7":[3,10868],"8":[10871,3],"9":[2,1,0,0,0,0],"10":[0,10868],"11":[0],"12":[32330],"13":[32330],"14":[51723],"15":[51723],"16":[11],"17":[11],"18":[0],"19":[20610],"20":[70207],"21":[221768,221767],"22":[0],"23":[9649],"24":[19426,19423],"25":[91833],"26":[545441,545437],"27":[91833,85349]}}
,"/home/kimjin/kim/Desktop/kim/01_Active_Projects/freelang-v9/src/token.ts": {"path":"/home/kimjin/kim/Desktop/kim/01_Active_Projects/freelang-v9/src/token.ts","statementMap":{"0":{"start":{"line":3,"column":0},"end":{"line":3,"column":null}},"1":{"start":{"line":5,"column":2},"end":{"line":5,"column":null}},"2":{"start":{"line":6,"column":2},"end":{"line":6,"column":null}},"3":{"start":{"line":7,"column":2},"end":{"line":7,"column":null}},"4":{"start":{"line":8,"column":2},"end":{"line":8,"column":null}},"5":{"start":{"line":9,"column":2},"end":{"line":9,"column":null}},"6":{"start":{"line":12,"column":2},"end":{"line":12,"column":null}},"7":{"start":{"line":13,"column":2},"end":{"line":13,"column":null}},"8":{"start":{"line":14,"column":2},"end":{"line":14,"column":null}},"9":{"start":{"line":15,"column":2},"end":{"line":15,"column":null}},"10":{"start":{"line":16,"column":2},"end":{"line":16,"column":null}},"11":{"start":{"line":17,"column":2},"end":{"line":17,"column":null}},"12":{"start":{"line":20,"column":2},"end":{"line":20,"column":null}},"13":{"start":{"line":21,"column":2},"end":{"line":21,"column":null}},"14":{"start":{"line":22,"column":2},"end":{"line":22,"column":null}},"15":{"start":{"line":23,"column":2},"end":{"line":23,"column":null}},"16":{"start":{"line":24,"column":2},"end":{"line":24,"column":null}},"17":{"start":{"line":27,"column":2},"end":{"line":27,"column":null}},"18":{"start":{"line":28,"column":2},"end":{"line":28,"column":null}},"19":{"start":{"line":29,"column":2},"end":{"line":29,"column":null}},"20":{"start":{"line":30,"column":2},"end":{"line":30,"column":null}},"21":{"start":{"line":33,"column":2},"end":{"line":33,"column":null}},"22":{"start":{"line":34,"column":2},"end":{"line":34,"column":null}},"23":{"start":{"line":35,"column":2},"end":{"line":35,"column":null}},"24":{"start":{"line":36,"column":2},"end":{"line":36,"column":null}},"25":{"start":{"line":39,"column":2},"end":{"line":39,"column":null}},"26":{"start":{"line":40,"column":2},"end":{"line":40,"column":null}},"27":{"start":{"line":41,"column":2},"end":{"line":41,"column":null}},"28":{"start":{"line":42,"column":2},"end":{"line":42,"column":null}},"29":{"start":{"line":43,"column":2},"end":{"line":43,"column":null}},"30":{"start":{"line":46,"column":2},"end":{"line":46,"column":null}},"31":{"start":{"line":47,"column":2},"end":{"line":47,"column":null}},"32":{"start":{"line":48,"column":2},"end":{"line":48,"column":null}},"33":{"start":{"line":49,"column":2},"end":{"line":49,"column":null}},"34":{"start":{"line":52,"column":2},"end":{"line":52,"column":null}},"35":{"start":{"line":53,"column":2},"end":{"line":53,"column":null}},"36":{"start":{"line":54,"column":2},"end":{"line":54,"column":null}},"37":{"start":{"line":57,"column":2},"end":{"line":57,"column":null}},"38":{"start":{"line":58,"column":2},"end":{"line":58,"column":null}}},"fnMap":{"0":{"name":"(anonymous_0)","decl":{"start":{"line":3,"column":0},"end":{"line":3,"column":12}},"loc":{"start":{"line":3,"column":21},"end":{"line":59,"column":1}}}},"branchMap":{"0":{"loc":{"start":{"line":3,"column":12},"end":{"line":3,"column":null}},"type":"binary-expr","locations":[{"start":{"line":3,"column":12},"end":{"line":3,"column":21}},{"start":{"line":3,"column":21},"end":{"line":3,"column":null}}]}},"s":{"0":7,"1":7,"2":7,"3":7,"4":7,"5":7,"6":7,"7":7,"8":7,"9":7,"10":7,"11":7,"12":7,"13":7,"14":7,"15":7,"16":7,"17":7,"18":7,"19":7,"20":7,"21":7,"22":7,"23":7,"24":7,"25":7,"26":7,"27":7,"28":7,"29":7,"30":7,"31":7,"32":7,"33":7,"34":7,"35":7,"36":7,"37":7,"38":7},"f":{"0":7},"b":{"0":[7,7]}}
}
