TN:
SF:src/ast.ts
FN:372,makeLiteral
FN:376,makeVariable
FN:380,makeSExpr
FN:384,makeKeyword
FN:388,makeBlock
FN:393,makeTypeAnnotation
FN:403,makeFuncSignature
FN:412,makeTypeVariable
FN:417,makeFunctionValue
FN:428,makeLiteralPattern
FN:435,makeVariablePattern
FN:439,makeWildcardPattern
FN:443,makeListPattern
FN:447,makeStructPattern
FN:451,makeOrPattern
FN:455,makeMatchCase
FN:459,makePatternMatch
FN:464,makeTypeClass
FN:473,makeTypeClassInstance
FN:482,makeModuleBlock
FN:492,makeImportBlock
FN:502,makeOpenBlock
FN:507,makeAsyncFunction
FN:516,makeAwaitExpression
FN:521,makeTryBlock
FN:530,makeCatchClause
FN:539,makeThrowExpression
FN:544,makeReasoningBlock
FN:570,makeReasoningTransition
FN:580,makeReasoningSequence
FN:597,isBlock
FN:602,isLiteral
FN:607,isSymbolLiteral
FN:612,isArrayBlock
FN:617,isFuncBlock
FN:622,isVariable
FN:627,isSExpr
FN:632,isModuleBlock
FN:637,isImportBlock
FN:642,isOpenBlock
FN:647,isSearchBlock
FN:652,isLearnBlock
FN:657,isReasoningBlock
FN:662,isReasoningSequence
FN:667,isTryBlock
FN:672,isCatchClause
FN:677,isThrowExpression
FN:688,isControlBlock
FNF:48
FNH:29
FNDA:22218,makeLiteral
FNDA:70206,makeVariable
FNDA:41421,makeSExpr
FNDA:1,makeKeyword
FNDA:32341,makeBlock
FNDA:1,makeTypeAnnotation
FNDA:0,makeFuncSignature
FNDA:0,makeTypeVariable
FNDA:1,makeFunctionValue
FNDA:4,makeLiteralPattern
FNDA:1,makeVariablePattern
FNDA:2,makeWildcardPattern
FNDA:1,makeListPattern
FNDA:0,makeStructPattern
FNDA:1,makeOrPattern
FNDA:1,makeMatchCase
FNDA:1,makePatternMatch
FNDA:1,makeTypeClass
FNDA:0,makeTypeClassInstance
FNDA:1,makeModuleBlock
FNDA:1,makeImportBlock
FNDA:1,makeOpenBlock
FNDA:0,makeAsyncFunction
FNDA:0,makeAwaitExpression
FNDA:0,makeTryBlock
FNDA:0,makeCatchClause
FNDA:0,makeThrowExpression
FNDA:0,makeReasoningBlock
FNDA:0,makeReasoningTransition
FNDA:0,makeReasoningSequence
FNDA:11071,isBlock
FNDA:0,isLiteral
FNDA:0,isSymbolLiteral
FNDA:0,isArrayBlock
FNDA:0,isFuncBlock
FNDA:0,isVariable
FNDA:0,isSExpr
FNDA:11040,isModuleBlock
FNDA:11040,isImportBlock
FNDA:11041,isOpenBlock
FNDA:11041,isSearchBlock
FNDA:11041,isLearnBlock
FNDA:11041,isReasoningBlock
FNDA:11041,isReasoningSequence
FNDA:2,isTryBlock
FNDA:0,isCatchClause
FNDA:2,isThrowExpression
FNDA:14,isControlBlock
DA:372,7
DA:373,22218
DA:376,7
DA:377,70206
DA:380,7
DA:381,41421
DA:384,7
DA:385,1
DA:388,7
DA:389,32341
DA:393,7
DA:399,1
DA:403,7
DA:408,0
DA:412,7
DA:413,0
DA:417,7
DA:423,1
DA:428,7
DA:432,4
DA:435,7
DA:436,1
DA:439,7
DA:440,2
DA:443,7
DA:444,1
DA:447,7
DA:448,0
DA:451,7
DA:452,1
DA:455,7
DA:456,1
DA:459,7
DA:460,1
DA:464,7
DA:469,1
DA:473,7
DA:478,0
DA:482,7
DA:488,1
DA:492,7
DA:498,1
DA:502,7
DA:503,1
DA:507,7
DA:512,0
DA:516,7
DA:517,0
DA:521,7
DA:526,0
DA:530,7
DA:535,0
DA:539,7
DA:540,0
DA:544,7
DA:555,0
DA:570,7
DA:576,0
DA:580,7
DA:589,0
DA:597,7
DA:598,11071
DA:602,7
DA:603,0
DA:607,7
DA:608,0
DA:612,7
DA:613,0
DA:617,7
DA:618,0
DA:622,7
DA:623,0
DA:627,7
DA:628,0
DA:632,7
DA:633,11040
DA:637,7
DA:638,11040
DA:642,7
DA:643,11041
DA:647,7
DA:648,11041
DA:652,7
DA:653,11041
DA:657,7
DA:658,11041
DA:662,7
DA:663,11041
DA:667,7
DA:668,2
DA:672,7
DA:673,0
DA:677,7
DA:678,2
DA:682,7
DA:688,7
DA:689,14
LF:97
LH:78
BRDA:598,0,0,11071
BRDA:598,0,1,11071
BRDA:603,1,0,0
BRDA:603,1,1,0
BRDA:608,2,0,0
BRDA:608,2,1,0
BRDA:613,3,0,0
BRDA:613,3,1,0
BRDA:618,4,0,0
BRDA:618,4,1,0
BRDA:623,5,0,0
BRDA:623,5,1,0
BRDA:628,6,0,0
BRDA:628,6,1,0
BRDA:633,7,0,11040
BRDA:633,7,1,11040
BRDA:638,8,0,11040
BRDA:638,8,1,11040
BRDA:643,9,0,11041
BRDA:643,9,1,11041
BRDA:648,10,0,11041
BRDA:648,10,1,11041
BRDA:653,11,0,11041
BRDA:653,11,1,11041
BRDA:658,12,0,11041
BRDA:658,12,1,11041
BRDA:663,13,0,11041
BRDA:663,13,1,11041
BRDA:668,14,0,2
BRDA:668,14,1,2
BRDA:673,15,0,0
BRDA:673,15,1,0
BRDA:678,16,0,2
BRDA:678,16,1,2
BRF:34
BRH:20
end_of_record
TN:
SF:src/error-formatter.ts
FN:16,levenshtein
FN:19,(anonymous_1)
FN:20,(anonymous_2)
FN:42,suggestSimilar
FN:63,formatError
FNF:5
FNH:5
FNDA:792,levenshtein
FNDA:16866,(anonymous_1)
FNDA:204604,(anonymous_2)
FNDA:5,suggestSimilar
FNDA:3,formatError
DA:16,7
DA:17,792
DA:18,792
DA:19,792
DA:20,204604
DA:22,792
DA:23,16074
DA:24,178959
DA:25,8408
DA:27,170551
DA:31,792
DA:42,7
DA:43,5
DA:44,5
DA:47,5
DA:49,5
DA:50,792
DA:51,792
DA:52,3
DA:53,3
DA:57,5
DA:63,7
DA:64,3
DA:67,3
DA:68,3
DA:69,2
DA:70,2
DA:71,2
DA:72,2
DA:73,2
DA:77,3
DA:80,3
DA:81,1
DA:82,1
DA:83,1
DA:84,1
DA:86,1
DA:87,3
DA:88,3
DA:89,3
DA:92,3
DA:93,1
DA:94,1
DA:95,1
DA:97,1
DA:98,1
DA:99,1
DA:105,3
DA:108,3
DA:109,2
DA:112,3
LF:51
LH:51
BRDA:20,0,0,9571
BRDA:20,0,1,195033
BRDA:20,1,0,16074
BRDA:20,1,1,178959
BRDA:24,2,0,8408
BRDA:24,2,1,170551
BRDA:47,3,0,5
BRDA:47,3,1,0
BRDA:51,4,0,3
BRDA:51,5,0,792
BRDA:51,5,1,3
BRDA:68,6,0,2
BRDA:70,7,0,2
BRDA:72,8,0,2
BRDA:80,9,0,1
BRDA:80,10,0,3
BRDA:80,10,1,1
BRDA:88,11,0,3
BRDA:88,11,1,0
BRDA:92,12,0,1
BRDA:93,13,0,1
BRDA:93,13,1,0
BRDA:98,14,0,1
BRDA:108,15,0,2
BRF:24
BRH:21
end_of_record
TN:
SF:src/errors.ts
FN:10,(anonymous_0)
FN:28,(anonymous_1)
FN:47,(anonymous_2)
FN:72,(anonymous_3)
FN:83,(anonymous_4)
FN:109,(anonymous_5)
FNF:6
FNH:6
FNDA:4,(anonymous_0)
FNDA:1,(anonymous_1)
FNDA:1,(anonymous_2)
FNDA:1,(anonymous_3)
FNDA:1,(anonymous_4)
FNDA:3,(anonymous_5)
DA:9,7
DA:12,4
DA:13,4
DA:14,4
DA:15,4
DA:16,4
DA:18,4
DA:19,4
DA:20,4
DA:27,7
DA:36,1
DA:37,1
DA:38,1
DA:39,1
DA:46,7
DA:55,1
DA:63,1
DA:64,1
DA:71,7
DA:73,1
DA:74,1
DA:75,1
DA:82,7
DA:92,1
DA:100,1
DA:101,1
DA:108,7
DA:110,3
DA:111,3
DA:112,3
DA:113,3
DA:114,3
DA:116,3
DA:117,3
DA:118,3
DA:119,3
LF:36
LH:36
BRDA:36,0,0,1
BRDA:36,0,1,0
BRDA:116,1,0,2
BRDA:116,1,1,1
BRF:4
BRH:3
end_of_record
TN:
SF:src/eval-builtins.ts
FN:9,evalBuiltin
FN:11,(anonymous_1)
FN:12,(anonymous_2)
FN:13,(anonymous_3)
FN:14,(anonymous_4)
FN:15,(anonymous_5)
FN:20,(anonymous_6)
FN:22,(anonymous_7)
FN:24,(anonymous_8)
FN:26,(anonymous_9)
FN:46,(anonymous_10)
FN:48,(anonymous_11)
FN:54,(anonymous_12)
FN:58,(anonymous_13)
FN:61,(anonymous_14)
FN:64,(anonymous_15)
FN:112,(anonymous_16)
FN:113,(anonymous_17)
FN:133,(anonymous_18)
FN:135,(anonymous_19)
FN:138,(anonymous_20)
FN:155,(anonymous_21)
FN:162,(anonymous_22)
FN:325,(anonymous_23)
FN:325,(anonymous_24)
FN:332,(anonymous_25)
FN:469,(anonymous_26)
FNF:27
FNH:15
FNDA:2274,evalBuiltin
FNDA:0,(anonymous_1)
FNDA:59,(anonymous_2)
FNDA:324,(anonymous_3)
FNDA:0,(anonymous_4)
FNDA:14,(anonymous_5)
FNDA:968,(anonymous_6)
FNDA:259,(anonymous_7)
FNDA:141,(anonymous_8)
FNDA:2,(anonymous_9)
FNDA:0,(anonymous_10)
FNDA:0,(anonymous_11)
FNDA:1,(anonymous_12)
FNDA:2,(anonymous_13)
FNDA:1,(anonymous_14)
FNDA:9,(anonymous_15)
FNDA:0,(anonymous_16)
FNDA:0,(anonymous_17)
FNDA:0,(anonymous_18)
FNDA:0,(anonymous_19)
FNDA:0,(anonymous_20)
FNDA:0,(anonymous_21)
FNDA:0,(anonymous_22)
FNDA:7,(anonymous_23)
FNDA:14,(anonymous_24)
FNDA:24,(anonymous_25)
FNDA:0,(anonymous_26)
DA:7,7
DA:9,7
DA:11,2274
DA:12,2274
DA:13,2274
DA:14,2274
DA:15,2274
DA:17,2274
DA:20,968
DA:22,267
DA:24,141
DA:26,2
DA:28,14
DA:32,24
DA:34,231
DA:36,136
DA:38,59
DA:40,22
DA:42,2
DA:46,0
DA:48,0
DA:50,3
DA:54,1
DA:55,1
DA:58,2
DA:59,2
DA:61,1
DA:62,1
DA:64,9
DA:66,1
DA:68,1
DA:69,1
DA:70,1
DA:75,5
DA:77,1
DA:78,1
DA:80,2
DA:82,1
DA:84,11
DA:88,57
DA:90,8
DA:92,6
DA:94,1
DA:95,1
DA:97,0
DA:99,2
DA:100,1
DA:102,0
DA:103,0
DA:105,0
DA:109,0
DA:110,0
DA:111,0
DA:112,0
DA:113,0
DA:114,0
DA:115,0
DA:116,0
DA:117,0
DA:118,0
DA:120,0
DA:123,0
DA:130,0
DA:131,0
DA:132,0
DA:133,0
DA:134,0
DA:135,0
DA:136,0
DA:138,0
DA:140,0
DA:142,0
DA:146,0
DA:152,0
DA:153,0
DA:154,0
DA:155,0
DA:156,0
DA:157,0
DA:159,0
DA:160,0
DA:161,0
DA:162,0
DA:164,0
DA:166,0
DA:175,10
DA:176,10
DA:177,10
DA:178,10
DA:179,59
DA:181,10
DA:186,2
DA:187,1
DA:188,1
DA:189,1
DA:190,2
DA:191,2
DA:192,2
DA:193,2
DA:195,1
DA:197,0
DA:199,1
DA:203,1
DA:205,1
DA:209,2
DA:211,2
DA:212,1
DA:214,1
DA:218,2
DA:220,2
DA:222,2
DA:225,2
DA:227,3
DA:229,2
DA:231,2
DA:233,2
DA:235,17
DA:237,2
DA:239,2
DA:241,2
DA:243,2
DA:245,2
DA:247,3
DA:249,2
DA:252,3
DA:255,2
DA:257,1
DA:258,1
DA:259,1
DA:261,0
DA:263,2
DA:264,0
DA:265,0
DA:267,3
DA:270,3
DA:272,2
DA:274,2
DA:276,2
DA:278,5
DA:279,3
DA:280,1
DA:282,3
DA:284,3
DA:286,3
DA:288,2
DA:292,1
DA:296,1
DA:297,0
DA:299,4
DA:300,3
DA:301,3
DA:303,1
DA:305,3
DA:307,7
DA:308,4
DA:309,4
DA:310,1
DA:312,12
DA:313,11
DA:315,1
DA:317,2
DA:318,1
DA:319,1
DA:321,1
DA:324,2
DA:325,14
DA:326,2
DA:329,1
DA:331,4
DA:332,4
DA:333,24
DA:334,4
DA:337,9
DA:338,9
DA:340,2
DA:342,2
DA:344,1
DA:345,1
DA:349,2
DA:351,1
DA:353,5
DA:357,2
DA:359,1
DA:361,1
DA:363,2
DA:365,1
DA:367,2
DA:369,2
DA:371,2
DA:373,1
DA:375,1
DA:377,1
DA:379,1
DA:381,1
DA:383,1
DA:385,3
DA:389,6
DA:391,5
DA:393,5
DA:395,5
DA:397,1
DA:399,1
DA:401,1
DA:403,1
DA:404,1
DA:407,1
DA:409,1
DA:412,1
DA:415,0
DA:416,0
DA:417,0
DA:418,0
DA:419,0
DA:421,0
DA:422,0
DA:424,0
DA:425,0
DA:426,0
DA:427,0
DA:428,0
DA:429,0
DA:431,0
DA:433,0
DA:434,0
DA:436,0
DA:437,0
DA:438,0
DA:439,0
DA:440,0
DA:442,0
DA:444,0
DA:445,0
DA:446,0
DA:447,0
DA:449,0
DA:451,0
DA:457,646
DA:458,322
DA:461,324
DA:462,324
DA:463,0
DA:466,324
DA:467,0
DA:468,0
DA:469,0
DA:470,0
DA:471,0
DA:475,324
DA:477,2
DA:478,0
DA:479,0
DA:480,0
DA:481,0
DA:482,0
DA:485,2
LF:255
LH:170
BRDA:17,0,0,481
BRDA:17,0,1,267
BRDA:17,0,2,70
BRDA:17,0,3,2
BRDA:17,0,4,14
BRDA:17,0,5,24
BRDA:17,0,6,231
BRDA:17,0,7,136
BRDA:17,0,8,59
BRDA:17,0,9,22
BRDA:17,0,10,2
BRDA:17,0,11,0
BRDA:17,0,12,0
BRDA:17,0,13,3
BRDA:17,0,14,1
BRDA:17,0,15,1
BRDA:17,0,16,2
BRDA:17,0,17,1
BRDA:17,0,18,4
BRDA:17,0,19,1
BRDA:17,0,20,1
BRDA:17,0,21,5
BRDA:17,0,22,2
BRDA:17,0,23,1
BRDA:17,0,24,11
BRDA:17,0,25,57
BRDA:17,0,26,8
BRDA:17,0,27,6
BRDA:17,0,28,1
BRDA:17,0,29,2
BRDA:17,0,30,0
BRDA:17,0,31,0
BRDA:17,0,32,0
BRDA:17,0,33,0
BRDA:17,0,34,10
BRDA:17,0,35,2
BRDA:17,0,36,1
BRDA:17,0,37,1
BRDA:17,0,38,1
BRDA:17,0,39,2
BRDA:17,0,40,2
BRDA:17,0,41,1
BRDA:17,0,42,2
BRDA:17,0,43,2
BRDA:17,0,44,2
BRDA:17,0,45,0
BRDA:17,0,46,2
BRDA:17,0,47,3
BRDA:17,0,48,2
BRDA:17,0,49,2
BRDA:17,0,50,2
BRDA:17,0,51,17
BRDA:17,0,52,2
BRDA:17,0,53,2
BRDA:17,0,54,2
BRDA:17,0,55,2
BRDA:17,0,56,2
BRDA:17,0,57,3
BRDA:17,0,58,2
BRDA:17,0,59,1
BRDA:17,0,60,3
BRDA:17,0,61,1
BRDA:17,0,62,2
BRDA:17,0,63,1
BRDA:17,0,64,2
BRDA:17,0,65,3
BRDA:17,0,66,2
BRDA:17,0,67,3
BRDA:17,0,68,2
BRDA:17,0,69,2
BRDA:17,0,70,2
BRDA:17,0,71,5
BRDA:17,0,72,3
BRDA:17,0,73,3
BRDA:17,0,74,3
BRDA:17,0,75,2
BRDA:17,0,76,1
BRDA:17,0,77,1
BRDA:17,0,78,4
BRDA:17,0,79,3
BRDA:17,0,80,7
BRDA:17,0,81,12
BRDA:17,0,82,2
BRDA:17,0,83,2
BRDA:17,0,84,1
BRDA:17,0,85,4
BRDA:17,0,86,9
BRDA:17,0,87,2
BRDA:17,0,88,2
BRDA:17,0,89,1
BRDA:17,0,90,2
BRDA:17,0,91,1
BRDA:17,0,92,5
BRDA:17,0,93,2
BRDA:17,0,94,1
BRDA:17,0,95,1
BRDA:17,0,96,2
BRDA:17,0,97,1
BRDA:17,0,98,2
BRDA:17,0,99,2
BRDA:17,0,100,2
BRDA:17,0,101,1
BRDA:17,0,102,1
BRDA:17,0,103,1
BRDA:17,0,104,1
BRDA:17,0,105,1
BRDA:17,0,106,1
BRDA:17,0,107,3
BRDA:17,0,108,6
BRDA:17,0,109,5
BRDA:17,0,110,5
BRDA:17,0,111,5
BRDA:17,0,112,1
BRDA:17,0,113,1
BRDA:17,0,114,1
BRDA:17,0,115,1
BRDA:17,0,116,1
BRDA:17,0,117,1
BRDA:17,0,118,0
BRDA:17,0,119,1
BRDA:17,0,120,0
BRDA:17,0,121,646
BRDA:22,1,0,8
BRDA:22,1,1,259
BRDA:26,2,0,0
BRDA:26,2,1,2
BRDA:75,3,0,4
BRDA:77,4,0,0
BRDA:77,5,0,0
BRDA:77,5,1,0
BRDA:84,6,0,11
BRDA:84,6,1,2
BRDA:90,7,0,8
BRDA:90,7,1,0
BRDA:90,8,0,8
BRDA:90,8,1,8
BRDA:90,9,0,0
BRDA:90,9,1,0
BRDA:94,10,0,1
BRDA:94,11,0,1
BRDA:94,11,1,1
BRDA:94,11,2,1
BRDA:97,12,0,0
BRDA:97,12,1,0
BRDA:99,13,0,1
BRDA:100,14,0,1
BRDA:100,14,1,1
BRDA:102,15,0,0
BRDA:103,16,0,0
BRDA:103,16,1,0
BRDA:109,17,0,0
BRDA:115,18,0,0
BRDA:115,18,1,0
BRDA:117,19,0,0
BRDA:117,19,1,0
BRDA:130,20,0,0
BRDA:132,21,0,0
BRDA:132,21,1,0
BRDA:138,22,0,0
BRDA:138,22,1,0
BRDA:154,23,0,0
BRDA:154,23,1,0
BRDA:154,24,0,0
BRDA:154,24,1,0
BRDA:154,24,2,0
BRDA:154,24,3,0
BRDA:154,24,4,0
BRDA:156,25,0,0
BRDA:156,26,0,0
BRDA:156,26,1,0
BRDA:156,26,2,0
BRDA:156,26,3,0
BRDA:159,27,0,0
BRDA:159,27,1,0
BRDA:159,28,0,0
BRDA:159,28,1,0
BRDA:159,28,2,0
BRDA:159,28,3,0
BRDA:161,29,0,0
BRDA:161,29,1,0
BRDA:162,30,0,0
BRDA:162,30,1,0
BRDA:175,31,0,0
BRDA:186,32,0,1
BRDA:186,33,0,2
BRDA:186,33,1,2
BRDA:186,33,2,2
BRDA:187,34,0,1
BRDA:192,35,0,0
BRDA:192,36,0,2
BRDA:192,36,1,2
BRDA:193,37,0,2
BRDA:209,38,0,2
BRDA:209,38,1,0
BRDA:209,39,0,2
BRDA:209,39,1,2
BRDA:209,40,0,2
BRDA:209,40,1,1
BRDA:211,41,0,1
BRDA:211,42,0,2
BRDA:211,42,1,2
BRDA:214,43,0,1
BRDA:214,43,1,0
BRDA:215,44,0,1
BRDA:215,44,1,0
BRDA:215,45,0,1
BRDA:215,45,1,0
BRDA:227,46,0,3
BRDA:227,46,1,1
BRDA:231,47,0,2
BRDA:231,47,1,2
BRDA:233,48,0,2
BRDA:233,48,1,2
BRDA:235,49,0,17
BRDA:235,49,1,17
BRDA:237,50,0,2
BRDA:237,50,1,2
BRDA:247,51,0,3
BRDA:247,51,1,3
BRDA:247,51,2,2
BRDA:249,52,0,2
BRDA:249,52,1,0
BRDA:249,53,0,2
BRDA:249,53,1,2
BRDA:249,53,2,2
BRDA:257,54,0,1
BRDA:257,55,0,1
BRDA:257,55,1,1
BRDA:257,55,2,1
BRDA:258,56,0,0
BRDA:258,56,1,1
BRDA:258,57,0,1
BRDA:258,57,1,1
BRDA:263,58,0,2
BRDA:264,59,0,0
BRDA:267,60,0,2
BRDA:267,60,1,1
BRDA:267,61,0,3
BRDA:267,61,1,2
BRDA:270,62,0,2
BRDA:270,62,1,1
BRDA:270,63,0,2
BRDA:270,63,1,0
BRDA:272,64,0,1
BRDA:272,64,1,1
BRDA:274,65,0,2
BRDA:274,65,1,0
BRDA:276,66,0,2
BRDA:276,66,1,0
BRDA:278,67,0,2
BRDA:278,68,0,5
BRDA:278,68,1,2
BRDA:279,69,0,2
BRDA:282,70,0,2
BRDA:282,70,1,1
BRDA:282,71,0,3
BRDA:282,71,1,2
BRDA:284,72,0,2
BRDA:284,72,1,1
BRDA:284,73,0,3
BRDA:284,73,1,2
BRDA:286,74,0,3
BRDA:286,74,1,0
BRDA:286,75,0,3
BRDA:286,75,1,3
BRDA:288,76,0,2
BRDA:288,76,1,0
BRDA:288,77,0,2
BRDA:288,77,1,2
BRDA:288,77,2,2
BRDA:292,78,0,1
BRDA:292,78,1,0
BRDA:292,79,0,1
BRDA:292,79,1,1
BRDA:296,80,0,1
BRDA:296,81,0,1
BRDA:296,81,1,1
BRDA:296,82,0,1
BRDA:296,82,1,0
BRDA:299,83,0,3
BRDA:300,84,0,0
BRDA:300,85,0,0
BRDA:300,85,1,0
BRDA:305,86,0,3
BRDA:305,86,1,0
BRDA:305,87,0,3
BRDA:305,87,1,3
BRDA:307,88,0,3
BRDA:307,89,0,3
BRDA:307,89,1,0
BRDA:307,90,0,3
BRDA:307,90,1,1
BRDA:308,91,0,0
BRDA:308,92,0,0
BRDA:308,92,1,0
BRDA:308,93,0,0
BRDA:308,93,1,0
BRDA:309,94,0,3
BRDA:309,95,0,4
BRDA:309,95,1,3
BRDA:309,96,0,3
BRDA:309,96,1,0
BRDA:312,97,0,11
BRDA:312,98,0,12
BRDA:312,98,1,11
BRDA:312,98,2,11
BRDA:317,99,0,1
BRDA:317,100,0,2
BRDA:317,100,1,1
BRDA:317,100,2,1
BRDA:321,101,0,1
BRDA:321,101,1,1
BRDA:324,102,0,0
BRDA:325,103,0,5
BRDA:325,103,1,9
BRDA:329,104,0,1
BRDA:329,104,1,0
BRDA:331,105,0,0
BRDA:333,106,0,20
BRDA:333,107,0,24
BRDA:333,107,1,20
BRDA:337,108,0,0
BRDA:340,109,0,1
BRDA:340,109,1,1
BRDA:340,110,0,2
BRDA:340,110,1,2
BRDA:342,111,0,1
BRDA:342,111,1,1
BRDA:342,112,0,2
BRDA:342,112,1,2
BRDA:344,113,0,0
BRDA:403,114,0,0
BRDA:403,114,1,1
BRDA:415,115,0,0
BRDA:418,116,0,0
BRDA:419,117,0,0
BRDA:419,117,1,0
BRDA:421,118,0,0
BRDA:422,119,0,0
BRDA:422,119,1,0
BRDA:424,120,0,0
BRDA:428,121,0,0
BRDA:428,121,1,0
BRDA:433,122,0,0
BRDA:434,123,0,0
BRDA:434,123,1,0
BRDA:436,124,0,0
BRDA:437,125,0,0
BRDA:439,126,0,0
BRDA:439,127,0,0
BRDA:439,127,1,0
BRDA:444,128,0,0
BRDA:446,129,0,0
BRDA:457,130,0,322
BRDA:462,131,0,0
BRDA:462,132,0,324
BRDA:462,132,1,0
BRDA:466,133,0,0
BRDA:468,134,0,0
BRDA:468,134,1,0
BRDA:470,135,0,0
BRDA:470,136,0,0
BRDA:470,136,1,0
BRDA:475,137,0,322
BRDA:477,138,0,0
BRDA:477,139,0,2
BRDA:477,139,1,0
BRDA:480,140,0,0
BRDA:481,141,0,0
BRDA:481,142,0,0
BRDA:481,142,1,0
BRF:371
BRH:251
end_of_record
TN:
SF:src/eval-special-forms.ts
FN:13,evalSpecialForm
FN:14,(anonymous_1)
FN:15,(anonymous_2)
FN:16,(anonymous_3)
FN:17,(anonymous_4)
FN:18,(anonymous_5)
FN:108,(anonymous_6)
FN:127,(anonymous_7)
FN:156,(anonymous_8)
FN:167,(anonymous_9)
FN:184,(anonymous_10)
FN:253,(anonymous_11)
FN:335,(anonymous_12)
FN:378,(anonymous_13)
FN:384,(anonymous_14)
FN:436,evalLet
FN:440,(anonymous_16)
FN:475,evalCond
FN:476,(anonymous_18)
FNF:19
FNH:12
FNDA:827,evalSpecialForm
FNDA:1561,(anonymous_1)
FNDA:9,(anonymous_2)
FNDA:0,(anonymous_3)
FNDA:0,(anonymous_4)
FNDA:0,(anonymous_5)
FNDA:1,(anonymous_6)
FNDA:56,(anonymous_7)
FNDA:0,(anonymous_8)
FNDA:0,(anonymous_9)
FNDA:0,(anonymous_10)
FNDA:0,(anonymous_11)
FNDA:279,(anonymous_12)
FNDA:2,(anonymous_13)
FNDA:10,(anonymous_14)
FNDA:9,evalLet
FNDA:19,(anonymous_16)
FNDA:8,evalCond
FNDA:28,(anonymous_18)
DA:10,7
DA:11,7
DA:13,7
DA:14,1561
DA:15,827
DA:16,827
DA:17,827
DA:18,827
DA:19,827
DA:22,827
DA:23,64
DA:24,63
DA:25,63
DA:26,63
DA:27,63
DA:28,63
DA:29,63
DA:30,76
DA:34,63
DA:44,763
DA:45,0
DA:46,0
DA:47,0
DA:48,0
DA:49,0
DA:50,0
DA:51,0
DA:52,0
DA:53,0
DA:54,0
DA:58,0
DA:68,763
DA:69,31
DA:70,31
DA:72,31
DA:73,0
DA:74,31
DA:75,31
DA:77,0
DA:79,31
DA:80,31
DA:81,31
DA:85,732
DA:86,90
DA:87,90
DA:89,90
DA:90,90
DA:91,0
DA:92,0
DA:94,0
DA:98,90
DA:99,1
DA:100,1
DA:103,1
DA:108,1
DA:109,1
DA:110,0
DA:111,0
DA:113,1
DA:114,1
DA:117,89
DA:118,89
DA:119,53
DA:125,53
DA:126,53
DA:127,56
DA:128,53
DA:130,53
DA:132,36
DA:133,36
DA:138,642
DA:139,0
DA:140,0
DA:141,0
DA:142,0
DA:143,0
DA:153,642
DA:154,0
DA:155,0
DA:156,0
DA:157,0
DA:158,0
DA:159,0
DA:160,0
DA:161,0
DA:165,642
DA:166,0
DA:167,0
DA:168,0
DA:169,0
DA:170,0
DA:171,0
DA:172,0
DA:173,0
DA:174,0
DA:175,0
DA:176,0
DA:177,0
DA:179,0
DA:180,0
DA:181,0
DA:184,0
DA:185,0
DA:186,0
DA:187,0
DA:188,0
DA:189,0
DA:191,0
DA:196,642
DA:197,4
DA:198,4
DA:199,4
DA:200,9
DA:202,9
DA:203,9
DA:204,9
DA:205,0
DA:206,0
DA:207,0
DA:208,0
DA:209,0
DA:210,0
DA:212,0
DA:213,0
DA:215,9
DA:217,4
DA:221,638
DA:222,9
DA:226,629
DA:227,0
DA:228,0
DA:230,0
DA:231,0
DA:232,0
DA:233,0
DA:234,0
DA:235,0
DA:239,629
DA:240,456
DA:241,456
DA:242,456
DA:244,456
DA:245,0
DA:246,0
DA:247,0
DA:250,0
DA:251,0
DA:253,0
DA:254,0
DA:258,456
DA:262,173
DA:263,8
DA:267,165
DA:268,7
DA:269,7
DA:270,18
DA:271,0
DA:272,0
DA:273,0
DA:275,18
DA:277,7
DA:281,158
DA:282,8
DA:283,8
DA:285,8
DA:291,8
DA:292,8
DA:293,8
DA:294,14
DA:295,14
DA:296,14
DA:299,14
DA:300,14
DA:303,8
DA:304,8
DA:305,14
DA:308,8
DA:309,8
DA:310,8
DA:311,8
DA:312,8
DA:313,150
DA:314,150
DA:315,150
DA:316,150
DA:317,142
DA:318,142
DA:319,279
DA:321,142
DA:322,142
DA:325,150
DA:328,8
DA:330,8
DA:334,150
DA:335,279
DA:336,142
DA:340,8
DA:341,2
DA:342,2
DA:343,25
DA:345,2
DA:349,6
DA:350,2
DA:351,2
DA:352,5
DA:353,5
DA:355,1
DA:359,4
DA:360,2
DA:361,5
DA:362,5
DA:364,1
DA:368,2
DA:369,2
DA:370,2
DA:371,2
DA:373,2
DA:378,2
DA:379,2
DA:380,0
DA:381,0
DA:383,2
DA:384,2
DA:385,10
DA:386,10
DA:387,10
DA:388,10
DA:390,10
DA:395,0
DA:400,0
DA:401,0
DA:402,0
DA:403,0
DA:407,0
DA:408,0
DA:409,0
DA:410,0
DA:411,0
DA:412,0
DA:413,0
DA:414,0
DA:418,0
DA:419,0
DA:420,0
DA:425,0
DA:426,0
DA:427,0
DA:428,0
DA:429,0
DA:432,0
DA:437,9
DA:438,9
DA:439,9
DA:440,19
DA:442,9
DA:444,9
DA:445,9
DA:446,9
DA:447,9
DA:448,10
DA:449,10
DA:450,10
DA:452,10
DA:453,10
DA:454,0
DA:455,0
DA:456,10
DA:463,9
DA:464,9
DA:465,9
DA:466,9
DA:469,9
DA:471,9
DA:476,28
DA:477,8
DA:478,20
DA:479,20
DA:480,20
DA:481,20
DA:482,20
DA:483,8
DA:484,8
DA:485,8
DA:490,0
LF:284
LH:178
BRDA:22,0,0,64
BRDA:23,1,0,1
BRDA:26,2,0,63
BRDA:26,3,0,63
BRDA:26,3,1,63
BRDA:28,4,0,63
BRDA:30,5,0,76
BRDA:44,6,0,0
BRDA:45,7,0,0
BRDA:47,8,0,0
BRDA:47,8,1,0
BRDA:50,9,0,0
BRDA:50,10,0,0
BRDA:50,10,1,0
BRDA:52,11,0,0
BRDA:54,12,0,0
BRDA:68,13,0,31
BRDA:69,14,0,0
BRDA:72,15,0,0
BRDA:72,15,1,31
BRDA:74,16,0,31
BRDA:74,16,1,0
BRDA:80,17,0,1
BRDA:85,18,0,90
BRDA:86,19,0,0
BRDA:89,20,0,90
BRDA:89,20,1,0
BRDA:91,21,0,0
BRDA:91,21,1,0
BRDA:98,22,0,1
BRDA:100,23,0,1
BRDA:100,23,1,0
BRDA:103,24,0,1
BRDA:103,24,1,0
BRDA:103,25,0,1
BRDA:103,25,1,1
BRDA:104,26,0,1
BRDA:104,26,1,0
BRDA:105,27,0,0
BRDA:105,27,1,0
BRDA:106,28,0,0
BRDA:106,28,1,0
BRDA:109,29,0,1
BRDA:109,30,0,0
BRDA:109,30,1,1
BRDA:110,31,0,0
BRDA:111,32,0,0
BRDA:111,32,1,0
BRDA:111,32,2,0
BRDA:118,33,0,53
BRDA:118,33,1,36
BRDA:126,34,0,53
BRDA:138,35,0,0
BRDA:139,36,0,0
BRDA:140,37,0,0
BRDA:140,37,1,0
BRDA:142,38,0,0
BRDA:153,39,0,0
BRDA:154,40,0,0
BRDA:157,41,0,0
BRDA:158,42,0,0
BRDA:159,43,0,0
BRDA:160,44,0,0
BRDA:161,45,0,0
BRDA:161,45,1,0
BRDA:165,46,0,0
BRDA:166,47,0,0
BRDA:168,48,0,0
BRDA:168,48,1,0
BRDA:168,49,0,0
BRDA:168,49,1,0
BRDA:170,50,0,0
BRDA:172,51,0,0
BRDA:172,51,1,0
BRDA:174,52,0,0
BRDA:176,53,0,0
BRDA:176,54,0,0
BRDA:176,54,1,0
BRDA:176,54,2,0
BRDA:180,55,0,0
BRDA:180,56,0,0
BRDA:180,56,1,0
BRDA:188,57,0,0
BRDA:188,57,1,0
BRDA:196,58,0,4
BRDA:197,59,0,0
BRDA:202,60,0,9
BRDA:202,60,1,0
BRDA:202,61,0,9
BRDA:202,61,1,9
BRDA:204,62,0,9
BRDA:204,62,1,0
BRDA:206,63,0,0
BRDA:206,63,1,0
BRDA:208,64,0,0
BRDA:208,64,1,0
BRDA:209,65,0,0
BRDA:209,65,1,0
BRDA:221,66,0,9
BRDA:226,67,0,0
BRDA:227,68,0,0
BRDA:230,69,0,0
BRDA:230,69,1,0
BRDA:231,70,0,0
BRDA:231,70,1,0
BRDA:231,71,0,0
BRDA:231,71,1,0
BRDA:234,72,0,0
BRDA:239,73,0,456
BRDA:241,74,0,149
BRDA:241,74,1,307
BRDA:241,75,0,307
BRDA:241,75,1,0
BRDA:242,76,0,0
BRDA:244,77,0,0
BRDA:244,78,0,456
BRDA:244,78,1,0
BRDA:246,79,0,0
BRDA:251,80,0,0
BRDA:251,81,0,0
BRDA:251,81,1,0
BRDA:262,82,0,8
BRDA:267,83,0,7
BRDA:267,84,0,165
BRDA:267,84,1,160
BRDA:267,84,2,159
BRDA:270,85,0,0
BRDA:270,86,0,18
BRDA:270,86,1,0
BRDA:281,87,0,8
BRDA:285,88,0,0
BRDA:285,88,1,8
BRDA:286,89,0,0
BRDA:286,89,1,0
BRDA:287,90,0,8
BRDA:287,90,1,0
BRDA:287,91,0,8
BRDA:287,91,1,8
BRDA:288,92,0,8
BRDA:288,92,1,0
BRDA:296,93,0,0
BRDA:296,93,1,14
BRDA:297,94,0,14
BRDA:297,94,1,0
BRDA:298,95,0,0
BRDA:298,95,1,0
BRDA:316,96,0,142
BRDA:316,97,0,150
BRDA:316,97,1,149
BRDA:316,97,2,142
BRDA:318,98,0,421
BRDA:318,98,1,279
BRDA:325,99,0,8
BRDA:334,100,0,142
BRDA:340,101,0,2
BRDA:349,102,0,2
BRDA:353,103,0,1
BRDA:359,104,0,2
BRDA:362,105,0,1
BRDA:368,106,0,2
BRDA:368,107,0,2
BRDA:368,107,1,2
BRDA:373,108,0,2
BRDA:373,108,1,0
BRDA:373,109,0,2
BRDA:373,109,1,2
BRDA:374,110,0,2
BRDA:374,110,1,0
BRDA:375,111,0,0
BRDA:375,111,1,0
BRDA:376,112,0,0
BRDA:376,112,1,0
BRDA:379,113,0,2
BRDA:380,114,0,0
BRDA:381,115,0,0
BRDA:381,115,1,0
BRDA:381,115,2,0
BRDA:383,116,0,2
BRDA:383,117,0,2
BRDA:383,117,1,2
BRDA:400,118,0,0
BRDA:401,119,0,0
BRDA:403,120,0,0
BRDA:403,120,1,0
BRDA:404,121,0,0
BRDA:404,121,1,0
BRDA:405,122,0,0
BRDA:405,122,1,0
BRDA:405,122,2,0
BRDA:409,123,0,0
BRDA:409,124,0,0
BRDA:409,124,1,0
BRDA:411,125,0,0
BRDA:413,126,0,0
BRDA:413,126,1,0
BRDA:413,127,0,0
BRDA:413,127,1,0
BRDA:414,128,0,0
BRDA:425,129,0,0
BRDA:426,130,0,0
BRDA:437,131,0,0
BRDA:444,132,0,9
BRDA:444,133,0,9
BRDA:444,133,1,9
BRDA:446,134,0,9
BRDA:448,135,0,10
BRDA:448,136,0,10
BRDA:448,136,1,10
BRDA:450,137,0,10
BRDA:450,138,0,10
BRDA:450,138,1,10
BRDA:453,139,0,10
BRDA:453,139,1,0
BRDA:454,140,0,0
BRDA:454,140,1,0
BRDA:454,141,0,0
BRDA:454,141,1,0
BRDA:478,142,0,20
BRDA:478,143,0,20
BRDA:478,143,1,20
BRDA:480,144,0,20
BRDA:480,145,0,20
BRDA:480,145,1,20
BRDA:482,146,0,8
BRF:224
BRH:91
end_of_record
TN:
SF:src/interpreter-scope.ts
FN:4,(anonymous_0)
FN:8,(anonymous_1)
FN:15,(anonymous_2)
FN:23,(anonymous_3)
FN:28,(anonymous_4)
FN:33,(anonymous_5)
FN:44,(anonymous_6)
FN:49,(anonymous_7)
FN:54,(anonymous_8)
FN:63,(anonymous_9)
FN:68,(anonymous_10)
FN:69,(anonymous_11)
FN:73,(anonymous_12)
FN:78,(anonymous_13)
FNF:14
FNH:12
FNDA:328,(anonymous_0)
FNDA:1576,(anonymous_1)
FNDA:9303,(anonymous_2)
FNDA:799,(anonymous_3)
FNDA:0,(anonymous_4)
FNDA:33,(anonymous_5)
FNDA:29,(anonymous_6)
FNDA:29,(anonymous_7)
FNDA:64,(anonymous_8)
FNDA:372,(anonymous_9)
FNDA:372,(anonymous_10)
FNDA:372,(anonymous_11)
FNDA:372,(anonymous_12)
FNDA:0,(anonymous_13)
DA:4,7
DA:5,328
DA:9,1576
DA:10,1581
DA:12,2
DA:16,9303
DA:17,9918
DA:19,9207
DA:24,799
DA:29,0
DA:34,33
DA:35,33
DA:36,31
DA:37,31
DA:40,2
DA:45,29
DA:50,29
DA:55,64
DA:56,64
DA:57,64
DA:59,64
DA:64,372
DA:69,372
DA:74,372
DA:79,0
DA:80,0
DA:81,0
DA:82,0
LF:28
LH:23
BRDA:10,0,0,1574
BRDA:17,1,0,96
BRDA:35,2,0,31
BRDA:50,3,0,29
BRDA:80,4,0,0
BRF:5
BRH:4
end_of_record
TN:
SF:src/lexer.ts
FN:41,getKeywordTokenType
FN:45,lex
FNF:2
FNH:2
FNDA:91833,getKeywordTokenType
FNDA:673,lex
DA:3,7
DA:9,7
DA:42,91833
DA:45,7
DA:46,673
DA:47,673
DA:49,673
DA:50,802500
DA:53,802500
DA:54,436108
DA:55,79487
DA:56,79487
DA:58,356621
DA:60,436108
DA:61,436108
DA:65,366392
DA:66,117866
DA:67,2578
DA:71,363814
DA:72,3387
DA:73,3387
DA:74,3387
DA:75,3387
DA:76,3387
DA:78,3387
DA:79,10871
DA:80,3
DA:81,3
DA:82,3
DA:83,3
DA:84,2
DA:85,1
DA:86,0
DA:87,0
DA:88,0
DA:89,0
DA:91,3
DA:92,3
DA:94,10868
DA:95,0
DA:96,0
DA:98,10868
DA:100,10868
DA:101,10868
DA:105,3387
DA:106,0
DA:109,3387
DA:110,3387
DA:111,3387
DA:115,360427
DA:116,32330
DA:117,32330
DA:118,32330
DA:119,32330
DA:121,328097
DA:122,32330
DA:123,32330
DA:124,32330
DA:125,32330
DA:129,295767
DA:130,51723
DA:131,51723
DA:132,51723
DA:133,51723
DA:135,244044
DA:136,51723
DA:137,51723
DA:138,51723
DA:139,51723
DA:143,192321
DA:144,11
DA:145,11
DA:146,11
DA:147,11
DA:149,192310
DA:150,11
DA:151,11
DA:152,11
DA:153,11
DA:157,192299
DA:158,0
DA:159,0
DA:160,0
DA:161,0
DA:162,0
DA:166,192299
DA:167,20610
DA:168,20610
DA:169,20610
DA:170,20610
DA:171,20610
DA:175,171689
DA:176,70207
DA:177,70207
DA:178,70207
DA:179,70207
DA:181,70207
DA:182,70207
DA:183,151561
DA:184,151561
DA:185,151561
DA:188,70207
DA:189,0
DA:192,70207
DA:193,70207
DA:197,101482
DA:198,9649
DA:199,9649
DA:201,9649
DA:202,9777
DA:203,9777
DA:206,9649
DA:207,9649
DA:208,9649
DA:215,91833
DA:216,91833
DA:217,91833
DA:219,91833
DA:220,453608
DA:221,453608
DA:224,91833
DA:227,91833
DA:228,91833
DA:230,91833
DA:231,91833
DA:234,0
DA:237,673
DA:238,673
LF:128
LH:114
BRDA:42,0,0,91833
BRDA:42,0,1,85349
BRDA:53,1,0,436108
BRDA:54,2,0,79487
BRDA:54,2,1,356621
BRDA:65,3,0,2578
BRDA:66,4,0,120444
BRDA:66,4,1,120443
BRDA:71,5,0,3387
BRDA:78,6,0,14258
BRDA:78,6,1,14258
BRDA:79,7,0,3
BRDA:79,7,1,10868
BRDA:79,8,0,10871
BRDA:79,8,1,3
BRDA:83,9,0,2
BRDA:83,9,1,1
BRDA:83,9,2,0
BRDA:83,9,3,0
BRDA:83,9,4,0
BRDA:83,9,5,0
BRDA:94,10,0,0
BRDA:94,10,1,10868
BRDA:105,11,0,0
BRDA:115,12,0,32330
BRDA:121,13,0,32330
BRDA:129,14,0,51723
BRDA:135,15,0,51723
BRDA:143,16,0,11
BRDA:149,17,0,11
BRDA:157,18,0,0
BRDA:166,19,0,20610
BRDA:175,20,0,70207
BRDA:182,21,0,221768
BRDA:182,21,1,221767
BRDA:188,22,0,0
BRDA:197,23,0,9649
BRDA:201,24,0,19426
BRDA:201,24,1,19423
BRDA:215,25,0,91833
BRDA:219,26,0,545441
BRDA:219,26,1,545437
BRDA:228,27,0,91833
BRDA:228,27,1,85349
BRF:44
BRH:36
end_of_record
TN:
SF:src/token.ts
FN:3,(anonymous_0)
FNF:1
FNH:1
FNDA:7,(anonymous_0)
DA:3,7
DA:5,7
DA:6,7
DA:7,7
DA:8,7
DA:9,7
DA:12,7
DA:13,7
DA:14,7
DA:15,7
DA:16,7
DA:17,7
DA:20,7
DA:21,7
DA:22,7
DA:23,7
DA:24,7
DA:27,7
DA:28,7
DA:29,7
DA:30,7
DA:33,7
DA:34,7
DA:35,7
DA:36,7
DA:39,7
DA:40,7
DA:41,7
DA:42,7
DA:43,7
DA:46,7
DA:47,7
DA:48,7
DA:49,7
DA:52,7
DA:53,7
DA:54,7
DA:57,7
DA:58,7
LF:39
LH:39
BRDA:3,0,0,7
BRDA:3,0,1,7
BRF:2
BRH:2
end_of_record
